[0.130s] Invoking command in '/home/thales/linorobot2/ros2_ws/build/my_robot_bringup': CMAKE_PREFIX_PATH=${CMAKE_PREFIX_PATH}:/home/thales/linorobot2/ros2_ws/install/bringup:/opt/ros/humble /usr/bin/cmake --build /home/thales/linorobot2/ros2_ws/build/my_robot_bringup -- -j4 -l4
[0.540s] Invoked command in '/home/thales/linorobot2/ros2_ws/build/my_robot_bringup' returned '0': CMAKE_PREFIX_PATH=${CMAKE_PREFIX_PATH}:/home/thales/linorobot2/ros2_ws/install/bringup:/opt/ros/humble /usr/bin/cmake --build /home/thales/linorobot2/ros2_ws/build/my_robot_bringup -- -j4 -l4
[0.719s] Invoking command in '/home/thales/linorobot2/ros2_ws/build/my_robot_bringup': CMAKE_PREFIX_PATH=${CMAKE_PREFIX_PATH}:/home/thales/linorobot2/ros2_ws/install/bringup:/opt/ros/humble /usr/bin/cmake --install /home/thales/linorobot2/ros2_ws/build/my_robot_bringup
[0.758s] -- Install configuration: ""
[0.759s] -- Up-to-date: /home/thales/linorobot2/ros2_ws/install/my_robot_bringup/share/my_robot_bringup/launch
[0.759s] -- Up-to-date: /home/thales/linorobot2/ros2_ws/install/my_robot_bringup/share/my_robot_bringup/launch/bringup.launch.py
[0.760s] -- Up-to-date: /home/thales/linorobot2/ros2_ws/install/my_robot_bringup/share/my_robot_bringup/launch/display.launch.py
[0.761s] -- Up-to-date: /home/thales/linorobot2/ros2_ws/install/my_robot_bringup/share/my_robot_bringup/rviz
[0.762s] -- Up-to-date: /home/thales/linorobot2/ros2_ws/install/my_robot_bringup/share/my_robot_bringup/rviz/urdf.rviz
[0.763s] -- Up-to-date: /home/thales/linorobot2/ros2_ws/install/my_robot_bringup/share/my_robot_bringup/urdf
[0.763s] -- Up-to-date: /home/thales/linorobot2/ros2_ws/install/my_robot_bringup/share/my_robot_bringup/urdf/my_robot.xacro
[0.764s] -- Up-to-date: /home/thales/linorobot2/ros2_ws/install/my_robot_bringup/share/my_robot_bringup/config
[0.766s] -- Up-to-date: /home/thales/linorobot2/ros2_ws/install/my_robot_bringup/share/my_robot_bringup/config/gamepad.config.yaml
[0.767s] -- Up-to-date: /home/thales/linorobot2/ros2_ws/install/my_robot_bringup/share/ament_index/resource_index/package_run_dependencies/my_robot_bringup
[0.768s] -- Up-to-date: /home/thales/linorobot2/ros2_ws/install/my_robot_bringup/share/ament_index/resource_index/parent_prefix_path/my_robot_bringup
[0.772s] -- Up-to-date: /home/thales/linorobot2/ros2_ws/install/my_robot_bringup/share/my_robot_bringup/environment/ament_prefix_path.sh
[0.773s] -- Up-to-date: /home/thales/linorobot2/ros2_ws/install/my_robot_bringup/share/my_robot_bringup/environment/ament_prefix_path.dsv
[0.775s] -- Up-to-date: /home/thales/linorobot2/ros2_ws/install/my_robot_bringup/share/my_robot_bringup/environment/path.sh
[0.776s] -- Up-to-date: /home/thales/linorobot2/ros2_ws/install/my_robot_bringup/share/my_robot_bringup/environment/path.dsv
[0.777s] -- Up-to-date: /home/thales/linorobot2/ros2_ws/install/my_robot_bringup/share/my_robot_bringup/local_setup.bash
[0.777s] -- Up-to-date: /home/thales/linorobot2/ros2_ws/install/my_robot_bringup/share/my_robot_bringup/local_setup.sh
[0.778s] -- Up-to-date: /home/thales/linorobot2/ros2_ws/install/my_robot_bringup/share/my_robot_bringup/local_setup.zsh
[0.778s] -- Up-to-date: /home/thales/linorobot2/ros2_ws/install/my_robot_bringup/share/my_robot_bringup/local_setup.dsv
[0.779s] -- Installing: /home/thales/linorobot2/ros2_ws/install/my_robot_bringup/share/my_robot_bringup/package.dsv
[0.783s] -- Up-to-date: /home/thales/linorobot2/ros2_ws/install/my_robot_bringup/share/ament_index/resource_index/packages/my_robot_bringup
[0.785s] -- Up-to-date: /home/thales/linorobot2/ros2_ws/install/my_robot_bringup/share/my_robot_bringup/cmake/my_robot_bringupConfig.cmake
[0.785s] -- Up-to-date: /home/thales/linorobot2/ros2_ws/install/my_robot_bringup/share/my_robot_bringup/cmake/my_robot_bringupConfig-version.cmake
[0.786s] -- Up-to-date: /home/thales/linorobot2/ros2_ws/install/my_robot_bringup/share/my_robot_bringup/package.xml
[0.799s] Invoked command in '/home/thales/linorobot2/ros2_ws/build/my_robot_bringup' returned '0': CMAKE_PREFIX_PATH=${CMAKE_PREFIX_PATH}:/home/thales/linorobot2/ros2_ws/install/bringup:/opt/ros/humble /usr/bin/cmake --install /home/thales/linorobot2/ros2_ws/build/my_robot_bringup
