[1.738s] DEBUG:colcon:Command line arguments: ['/usr/bin/colcon', 'build']
[1.739s] DEBUG:colcon:Parsed command line arguments: Namespace(log_base=None, log_level=None, verb_name='build', build_base='build', install_base='install', merge_install=False, symlink_install=False, test_result_base=None, continue_on_error=False, executor='parallel', parallel_workers=4, event_handlers=None, ignore_user_meta=False, metas=['./colcon.meta'], base_paths=['.'], packages_ignore=None, packages_ignore_regex=None, paths=None, packages_up_to=None, packages_up_to_regex=None, packages_above=None, packages_above_and_dependencies=None, packages_above_depth=None, packages_select_by_dep=None, packages_skip_by_dep=None, packages_skip_up_to=None, packages_select_build_failed=False, packages_skip_build_finished=False, packages_select_test_failures=False, packages_skip_test_passed=False, packages_select=None, packages_skip=None, packages_select_regex=None, packages_skip_regex=None, packages_start=None, packages_end=None, allow_overriding=[], cmake_args=None, cmake_target=None, cmake_target_skip_unavailable=False, cmake_clean_cache=False, cmake_clean_first=False, cmake_force_configure=False, ament_cmake_args=None, catkin_cmake_args=None, catkin_skip_building_tests=False, verb_parser=<colcon_defaults.argument_parser.defaults.DefaultArgumentsDecorator object at 0xffffa2d6a260>, verb_extension=<colcon_core.verb.build.BuildVerb object at 0xffffa2d69cf0>, main=<bound method BuildVerb.main of <colcon_core.verb.build.BuildVerb object at 0xffffa2d69cf0>>)
[1.852s] Level 1:colcon.colcon_core.package_discovery:discover_packages(colcon_meta) check parameters
[1.853s] Level 1:colcon.colcon_core.package_discovery:discover_packages(recursive) check parameters
[1.853s] Level 1:colcon.colcon_core.package_discovery:discover_packages(ignore) check parameters
[1.853s] Level 1:colcon.colcon_core.package_discovery:discover_packages(path) check parameters
[1.853s] Level 1:colcon.colcon_core.package_discovery:discover_packages(colcon_meta) discover
[1.853s] Level 1:colcon.colcon_core.package_discovery:discover_packages(recursive) discover
[1.854s] INFO:colcon.colcon_core.package_discovery:Crawling recursively for packages in '/home/thales/linorobot2/ros2_ws'
[1.854s] Level 1:colcon.colcon_core.package_identification:_identify(.) by extensions ['ignore', 'ignore_ament_install']
[1.858s] Level 1:colcon.colcon_core.package_identification:_identify(.) by extension 'ignore'
[1.858s] Level 1:colcon.colcon_core.package_identification:_identify(.) by extension 'ignore_ament_install'
[1.858s] Level 1:colcon.colcon_core.package_identification:_identify(.) by extensions ['colcon_pkg']
[1.859s] Level 1:colcon.colcon_core.package_identification:_identify(.) by extension 'colcon_pkg'
[1.859s] Level 1:colcon.colcon_core.package_identification:_identify(.) by extensions ['colcon_meta']
[1.859s] Level 1:colcon.colcon_core.package_identification:_identify(.) by extension 'colcon_meta'
[1.859s] Level 1:colcon.colcon_core.package_identification:_identify(.) by extensions ['ros']
[1.859s] Level 1:colcon.colcon_core.package_identification:_identify(.) by extension 'ros'
[1.911s] Level 1:colcon.colcon_core.package_identification:_identify(.) by extensions ['cmake', 'python']
[1.911s] Level 1:colcon.colcon_core.package_identification:_identify(.) by extension 'cmake'
[1.911s] Level 1:colcon.colcon_core.package_identification:_identify(.) by extension 'python'
[1.911s] Level 1:colcon.colcon_core.package_identification:_identify(.) by extensions ['python_setup_py']
[1.912s] Level 1:colcon.colcon_core.package_identification:_identify(.) by extension 'python_setup_py'
[1.912s] Level 1:colcon.colcon_core.package_identification:_identify(build) by extensions ['ignore', 'ignore_ament_install']
[1.913s] Level 1:colcon.colcon_core.package_identification:_identify(build) by extension 'ignore'
[1.913s] Level 1:colcon.colcon_core.package_identification:_identify(build) ignored
[1.914s] Level 1:colcon.colcon_core.package_identification:_identify(install) by extensions ['ignore', 'ignore_ament_install']
[1.914s] Level 1:colcon.colcon_core.package_identification:_identify(install) by extension 'ignore'
[1.914s] Level 1:colcon.colcon_core.package_identification:_identify(install) ignored
[1.915s] Level 1:colcon.colcon_core.package_identification:_identify(log) by extensions ['ignore', 'ignore_ament_install']
[1.916s] Level 1:colcon.colcon_core.package_identification:_identify(log) by extension 'ignore'
[1.916s] Level 1:colcon.colcon_core.package_identification:_identify(log) ignored
[1.916s] Level 1:colcon.colcon_core.package_identification:_identify(src) by extensions ['ignore', 'ignore_ament_install']
[1.917s] Level 1:colcon.colcon_core.package_identification:_identify(src) by extension 'ignore'
[1.917s] Level 1:colcon.colcon_core.package_identification:_identify(src) by extension 'ignore_ament_install'
[1.917s] Level 1:colcon.colcon_core.package_identification:_identify(src) by extensions ['colcon_pkg']
[1.917s] Level 1:colcon.colcon_core.package_identification:_identify(src) by extension 'colcon_pkg'
[1.917s] Level 1:colcon.colcon_core.package_identification:_identify(src) by extensions ['colcon_meta']
[1.918s] Level 1:colcon.colcon_core.package_identification:_identify(src) by extension 'colcon_meta'
[1.918s] Level 1:colcon.colcon_core.package_identification:_identify(src) by extensions ['ros']
[1.918s] Level 1:colcon.colcon_core.package_identification:_identify(src) by extension 'ros'
[1.918s] Level 1:colcon.colcon_core.package_identification:_identify(src) by extensions ['cmake', 'python']
[1.918s] Level 1:colcon.colcon_core.package_identification:_identify(src) by extension 'cmake'
[1.919s] Level 1:colcon.colcon_core.package_identification:_identify(src) by extension 'python'
[1.919s] Level 1:colcon.colcon_core.package_identification:_identify(src) by extensions ['python_setup_py']
[1.919s] Level 1:colcon.colcon_core.package_identification:_identify(src) by extension 'python_setup_py'
[1.919s] Level 1:colcon.colcon_core.package_identification:_identify(src/hoverboard-driver-pkg) by extensions ['ignore', 'ignore_ament_install']
[1.920s] Level 1:colcon.colcon_core.package_identification:_identify(src/hoverboard-driver-pkg) by extension 'ignore'
[1.920s] Level 1:colcon.colcon_core.package_identification:_identify(src/hoverboard-driver-pkg) by extension 'ignore_ament_install'
[1.920s] Level 1:colcon.colcon_core.package_identification:_identify(src/hoverboard-driver-pkg) by extensions ['colcon_pkg']
[1.920s] Level 1:colcon.colcon_core.package_identification:_identify(src/hoverboard-driver-pkg) by extension 'colcon_pkg'
[1.921s] Level 1:colcon.colcon_core.package_identification:_identify(src/hoverboard-driver-pkg) by extensions ['colcon_meta']
[1.921s] Level 1:colcon.colcon_core.package_identification:_identify(src/hoverboard-driver-pkg) by extension 'colcon_meta'
[1.921s] Level 1:colcon.colcon_core.package_identification:_identify(src/hoverboard-driver-pkg) by extensions ['ros']
[1.921s] Level 1:colcon.colcon_core.package_identification:_identify(src/hoverboard-driver-pkg) by extension 'ros'
[1.931s] DEBUG:colcon.colcon_core.package_identification:Package 'src/hoverboard-driver-pkg' with type 'ros.ament_cmake' and name 'hoverboard-driver-pkg'
[1.932s] Level 1:colcon.colcon_core.package_identification:_identify(src/my_robot_bringup) by extensions ['ignore', 'ignore_ament_install']
[1.933s] Level 1:colcon.colcon_core.package_identification:_identify(src/my_robot_bringup) by extension 'ignore'
[1.933s] Level 1:colcon.colcon_core.package_identification:_identify(src/my_robot_bringup) by extension 'ignore_ament_install'
[1.934s] Level 1:colcon.colcon_core.package_identification:_identify(src/my_robot_bringup) by extensions ['colcon_pkg']
[1.934s] Level 1:colcon.colcon_core.package_identification:_identify(src/my_robot_bringup) by extension 'colcon_pkg'
[1.934s] Level 1:colcon.colcon_core.package_identification:_identify(src/my_robot_bringup) by extensions ['colcon_meta']
[1.934s] Level 1:colcon.colcon_core.package_identification:_identify(src/my_robot_bringup) by extension 'colcon_meta'
[1.934s] Level 1:colcon.colcon_core.package_identification:_identify(src/my_robot_bringup) by extensions ['ros']
[1.935s] Level 1:colcon.colcon_core.package_identification:_identify(src/my_robot_bringup) by extension 'ros'
[1.937s] DEBUG:colcon.colcon_core.package_identification:Package 'src/my_robot_bringup' with type 'ros.ament_cmake' and name 'my_robot_bringup'
[1.937s] Level 1:colcon.colcon_core.package_discovery:discover_packages(recursive) using defaults
[1.937s] Level 1:colcon.colcon_core.package_discovery:discover_packages(ignore) discover
[1.937s] Level 1:colcon.colcon_core.package_discovery:discover_packages(ignore) using defaults
[1.938s] Level 1:colcon.colcon_core.package_discovery:discover_packages(path) discover
[1.938s] Level 1:colcon.colcon_core.package_discovery:discover_packages(path) using defaults
[2.044s] Level 1:colcon.colcon_core.package_discovery:discover_packages(prefix_path) check parameters
[2.044s] Level 1:colcon.colcon_core.package_discovery:discover_packages(prefix_path) discover
[2.059s] DEBUG:colcon.colcon_installed_package_information.package_discovery:Found 3 installed packages in /home/thales/linorobot2/ros2_ws/install
[2.072s] DEBUG:colcon.colcon_installed_package_information.package_discovery:Found 270 installed packages in /opt/ros/humble
[2.079s] Level 1:colcon.colcon_core.package_discovery:discover_packages(prefix_path) using defaults
[2.391s] Level 5:colcon.colcon_core.verb:set package 'hoverboard-driver-pkg' build argument 'cmake_args' from command line to 'None'
[2.391s] Level 5:colcon.colcon_core.verb:set package 'hoverboard-driver-pkg' build argument 'cmake_target' from command line to 'None'
[2.392s] Level 5:colcon.colcon_core.verb:set package 'hoverboard-driver-pkg' build argument 'cmake_target_skip_unavailable' from command line to 'False'
[2.392s] Level 5:colcon.colcon_core.verb:set package 'hoverboard-driver-pkg' build argument 'cmake_clean_cache' from command line to 'False'
[2.392s] Level 5:colcon.colcon_core.verb:set package 'hoverboard-driver-pkg' build argument 'cmake_clean_first' from command line to 'False'
[2.392s] Level 5:colcon.colcon_core.verb:set package 'hoverboard-driver-pkg' build argument 'cmake_force_configure' from command line to 'False'
[2.392s] Level 5:colcon.colcon_core.verb:set package 'hoverboard-driver-pkg' build argument 'ament_cmake_args' from command line to 'None'
[2.392s] Level 5:colcon.colcon_core.verb:set package 'hoverboard-driver-pkg' build argument 'catkin_cmake_args' from command line to 'None'
[2.392s] Level 5:colcon.colcon_core.verb:set package 'hoverboard-driver-pkg' build argument 'catkin_skip_building_tests' from command line to 'False'
[2.392s] DEBUG:colcon.colcon_core.verb:Building package 'hoverboard-driver-pkg' with the following arguments: {'ament_cmake_args': None, 'build_base': '/home/thales/linorobot2/ros2_ws/build/hoverboard-driver-pkg', 'catkin_cmake_args': None, 'catkin_skip_building_tests': False, 'cmake_args': None, 'cmake_clean_cache': False, 'cmake_clean_first': False, 'cmake_force_configure': False, 'cmake_target': None, 'cmake_target_skip_unavailable': False, 'install_base': '/home/thales/linorobot2/ros2_ws/install/hoverboard-driver-pkg', 'merge_install': False, 'path': '/home/thales/linorobot2/ros2_ws/src/hoverboard-driver-pkg', 'symlink_install': False, 'test_result_base': None}
[2.397s] Level 5:colcon.colcon_core.verb:set package 'my_robot_bringup' build argument 'cmake_args' from command line to 'None'
[2.398s] Level 5:colcon.colcon_core.verb:set package 'my_robot_bringup' build argument 'cmake_target' from command line to 'None'
[2.398s] Level 5:colcon.colcon_core.verb:set package 'my_robot_bringup' build argument 'cmake_target_skip_unavailable' from command line to 'False'
[2.398s] Level 5:colcon.colcon_core.verb:set package 'my_robot_bringup' build argument 'cmake_clean_cache' from command line to 'False'
[2.398s] Level 5:colcon.colcon_core.verb:set package 'my_robot_bringup' build argument 'cmake_clean_first' from command line to 'False'
[2.398s] Level 5:colcon.colcon_core.verb:set package 'my_robot_bringup' build argument 'cmake_force_configure' from command line to 'False'
[2.398s] Level 5:colcon.colcon_core.verb:set package 'my_robot_bringup' build argument 'ament_cmake_args' from command line to 'None'
[2.398s] Level 5:colcon.colcon_core.verb:set package 'my_robot_bringup' build argument 'catkin_cmake_args' from command line to 'None'
[2.398s] Level 5:colcon.colcon_core.verb:set package 'my_robot_bringup' build argument 'catkin_skip_building_tests' from command line to 'False'
[2.399s] DEBUG:colcon.colcon_core.verb:Building package 'my_robot_bringup' with the following arguments: {'ament_cmake_args': None, 'build_base': '/home/thales/linorobot2/ros2_ws/build/my_robot_bringup', 'catkin_cmake_args': None, 'catkin_skip_building_tests': False, 'cmake_args': None, 'cmake_clean_cache': False, 'cmake_clean_first': False, 'cmake_force_configure': False, 'cmake_target': None, 'cmake_target_skip_unavailable': False, 'install_base': '/home/thales/linorobot2/ros2_ws/install/my_robot_bringup', 'merge_install': False, 'path': '/home/thales/linorobot2/ros2_ws/src/my_robot_bringup', 'symlink_install': False, 'test_result_base': None}
[2.402s] INFO:colcon.colcon_core.executor:Executing jobs using 'parallel' executor
[2.416s] DEBUG:colcon.colcon_parallel_executor.executor.parallel:run_until_complete
[2.417s] INFO:colcon.colcon_ros.task.ament_cmake.build:Building ROS package in '/home/thales/linorobot2/ros2_ws/src/hoverboard-driver-pkg' with build type 'ament_cmake'
[2.418s] INFO:colcon.colcon_cmake.task.cmake.build:Building CMake package in '/home/thales/linorobot2/ros2_ws/src/hoverboard-driver-pkg'
[2.439s] INFO:colcon.colcon_core.plugin_system:Skipping extension 'colcon_core.shell.bat': Not used on non-Windows systems
[2.440s] INFO:colcon.colcon_core.shell:Skip shell extension 'powershell' for command environment: Not usable outside of PowerShell
[2.440s] DEBUG:colcon.colcon_core.shell:Skip shell extension 'dsv' for command environment
[2.480s] INFO:colcon.colcon_ros.task.ament_cmake.build:Building ROS package in '/home/thales/linorobot2/ros2_ws/src/my_robot_bringup' with build type 'ament_cmake'
[2.481s] INFO:colcon.colcon_cmake.task.cmake.build:Building CMake package in '/home/thales/linorobot2/ros2_ws/src/my_robot_bringup'
[2.491s] INFO:colcon.colcon_core.shell:Skip shell extension 'powershell' for command environment: Not usable outside of PowerShell
[2.491s] DEBUG:colcon.colcon_core.shell:Skip shell extension 'dsv' for command environment
[2.583s] DEBUG:colcon.colcon_core.event_handler.log_command:Invoking command in '/home/thales/linorobot2/ros2_ws/build/hoverboard-driver-pkg': CMAKE_PREFIX_PATH=${CMAKE_PREFIX_PATH}:/home/thales/linorobot2/ros2_ws/install/bringup:/opt/ros/humble /usr/bin/cmake --build /home/thales/linorobot2/ros2_ws/build/hoverboard-driver-pkg -- -j4 -l4
[2.631s] DEBUG:colcon.colcon_core.event_handler.log_command:Invoking command in '/home/thales/linorobot2/ros2_ws/build/my_robot_bringup': CMAKE_PREFIX_PATH=${CMAKE_PREFIX_PATH}:/home/thales/linorobot2/ros2_ws/install/bringup:/opt/ros/humble /usr/bin/cmake --build /home/thales/linorobot2/ros2_ws/build/my_robot_bringup -- -j4 -l4
[2.852s] DEBUG:colcon.colcon_core.event_handler.log_command:Invoked command in '/home/thales/linorobot2/ros2_ws/build/my_robot_bringup' returned '0': CMAKE_PREFIX_PATH=${CMAKE_PREFIX_PATH}:/home/thales/linorobot2/ros2_ws/install/bringup:/opt/ros/humble /usr/bin/cmake --build /home/thales/linorobot2/ros2_ws/build/my_robot_bringup -- -j4 -l4
[3.047s] DEBUG:colcon.colcon_core.event_handler.log_command:Invoking command in '/home/thales/linorobot2/ros2_ws/build/my_robot_bringup': CMAKE_PREFIX_PATH=${CMAKE_PREFIX_PATH}:/home/thales/linorobot2/ros2_ws/install/bringup:/opt/ros/humble /usr/bin/cmake --install /home/thales/linorobot2/ros2_ws/build/my_robot_bringup
[3.111s] Level 1:colcon.colcon_core.environment:create_environment_scripts_only(my_robot_bringup)
[3.130s] DEBUG:colcon.colcon_core.event_handler.log_command:Invoked command in '/home/thales/linorobot2/ros2_ws/build/my_robot_bringup' returned '0': CMAKE_PREFIX_PATH=${CMAKE_PREFIX_PATH}:/home/thales/linorobot2/ros2_ws/install/bringup:/opt/ros/humble /usr/bin/cmake --install /home/thales/linorobot2/ros2_ws/build/my_robot_bringup
[3.144s] Level 1:colcon.colcon_core.environment:checking '/home/thales/linorobot2/ros2_ws/install/my_robot_bringup' for CMake module files
[3.147s] Level 1:colcon.colcon_core.environment:checking '/home/thales/linorobot2/ros2_ws/install/my_robot_bringup' for CMake config files
[3.151s] Level 1:colcon.colcon_core.shell:create_environment_hook('my_robot_bringup', 'cmake_prefix_path')
[3.158s] INFO:colcon.colcon_core.shell:Creating environment hook '/home/thales/linorobot2/ros2_ws/install/my_robot_bringup/share/my_robot_bringup/hook/cmake_prefix_path.ps1'
[3.161s] INFO:colcon.colcon_core.shell:Creating environment descriptor '/home/thales/linorobot2/ros2_ws/install/my_robot_bringup/share/my_robot_bringup/hook/cmake_prefix_path.dsv'
[3.164s] INFO:colcon.colcon_core.shell:Creating environment hook '/home/thales/linorobot2/ros2_ws/install/my_robot_bringup/share/my_robot_bringup/hook/cmake_prefix_path.sh'
[3.168s] Level 1:colcon.colcon_core.environment:checking '/home/thales/linorobot2/ros2_ws/install/my_robot_bringup/bin'
[3.168s] Level 1:colcon.colcon_core.environment:checking '/home/thales/linorobot2/ros2_ws/install/my_robot_bringup/lib/pkgconfig/my_robot_bringup.pc'
[3.170s] Level 1:colcon.colcon_core.environment:checking '/home/thales/linorobot2/ros2_ws/install/my_robot_bringup/lib/python3.10/site-packages'
[3.171s] Level 1:colcon.colcon_core.environment:checking '/home/thales/linorobot2/ros2_ws/install/my_robot_bringup/bin'
[3.177s] INFO:colcon.colcon_core.shell:Creating package script '/home/thales/linorobot2/ros2_ws/install/my_robot_bringup/share/my_robot_bringup/package.ps1'
[3.182s] INFO:colcon.colcon_core.shell:Creating package descriptor '/home/thales/linorobot2/ros2_ws/install/my_robot_bringup/share/my_robot_bringup/package.dsv'
[3.186s] INFO:colcon.colcon_core.shell:Creating package script '/home/thales/linorobot2/ros2_ws/install/my_robot_bringup/share/my_robot_bringup/package.sh'
[3.192s] INFO:colcon.colcon_core.shell:Creating package script '/home/thales/linorobot2/ros2_ws/install/my_robot_bringup/share/my_robot_bringup/package.bash'
[3.198s] INFO:colcon.colcon_core.shell:Creating package script '/home/thales/linorobot2/ros2_ws/install/my_robot_bringup/share/my_robot_bringup/package.zsh'
[3.203s] Level 1:colcon.colcon_core.environment:create_file_with_runtime_dependencies(/home/thales/linorobot2/ros2_ws/install/my_robot_bringup/share/colcon-core/packages/my_robot_bringup)
[3.347s] Level 1:colcon.colcon_core.environment:create_environment_scripts_only(my_robot_bringup)
[3.356s] Level 1:colcon.colcon_core.environment:checking '/home/thales/linorobot2/ros2_ws/install/my_robot_bringup' for CMake module files
[3.360s] Level 1:colcon.colcon_core.environment:checking '/home/thales/linorobot2/ros2_ws/install/my_robot_bringup' for CMake config files
[3.363s] Level 1:colcon.colcon_core.shell:create_environment_hook('my_robot_bringup', 'cmake_prefix_path')
[3.370s] INFO:colcon.colcon_core.shell:Creating environment hook '/home/thales/linorobot2/ros2_ws/install/my_robot_bringup/share/my_robot_bringup/hook/cmake_prefix_path.ps1'
[3.372s] INFO:colcon.colcon_core.shell:Creating environment descriptor '/home/thales/linorobot2/ros2_ws/install/my_robot_bringup/share/my_robot_bringup/hook/cmake_prefix_path.dsv'
[3.374s] INFO:colcon.colcon_core.shell:Creating environment hook '/home/thales/linorobot2/ros2_ws/install/my_robot_bringup/share/my_robot_bringup/hook/cmake_prefix_path.sh'
[3.378s] Level 1:colcon.colcon_core.environment:checking '/home/thales/linorobot2/ros2_ws/install/my_robot_bringup/bin'
[3.378s] Level 1:colcon.colcon_core.environment:checking '/home/thales/linorobot2/ros2_ws/install/my_robot_bringup/lib/pkgconfig/my_robot_bringup.pc'
[3.380s] Level 1:colcon.colcon_core.environment:checking '/home/thales/linorobot2/ros2_ws/install/my_robot_bringup/lib/python3.10/site-packages'
[3.381s] Level 1:colcon.colcon_core.environment:checking '/home/thales/linorobot2/ros2_ws/install/my_robot_bringup/bin'
[3.387s] INFO:colcon.colcon_core.shell:Creating package script '/home/thales/linorobot2/ros2_ws/install/my_robot_bringup/share/my_robot_bringup/package.ps1'
[3.390s] INFO:colcon.colcon_core.shell:Creating package descriptor '/home/thales/linorobot2/ros2_ws/install/my_robot_bringup/share/my_robot_bringup/package.dsv'
[3.394s] INFO:colcon.colcon_core.shell:Creating package script '/home/thales/linorobot2/ros2_ws/install/my_robot_bringup/share/my_robot_bringup/package.sh'
[3.397s] INFO:colcon.colcon_core.shell:Creating package script '/home/thales/linorobot2/ros2_ws/install/my_robot_bringup/share/my_robot_bringup/package.bash'
[3.399s] INFO:colcon.colcon_core.shell:Creating package script '/home/thales/linorobot2/ros2_ws/install/my_robot_bringup/share/my_robot_bringup/package.zsh'
[3.401s] Level 1:colcon.colcon_core.environment:create_file_with_runtime_dependencies(/home/thales/linorobot2/ros2_ws/install/my_robot_bringup/share/colcon-core/packages/my_robot_bringup)
[26.545s] DEBUG:colcon.colcon_core.event_handler.log_command:Invoked command in '/home/thales/linorobot2/ros2_ws/build/hoverboard-driver-pkg' returned '2': CMAKE_PREFIX_PATH=${CMAKE_PREFIX_PATH}:/home/thales/linorobot2/ros2_ws/install/bringup:/opt/ros/humble /usr/bin/cmake --build /home/thales/linorobot2/ros2_ws/build/hoverboard-driver-pkg -- -j4 -l4
[26.713s] Level 1:colcon.colcon_core.environment:create_environment_scripts_only(hoverboard-driver-pkg)
[26.728s] Level 1:colcon.colcon_core.environment:checking '/home/thales/linorobot2/ros2_ws/install/hoverboard-driver-pkg' for CMake module files
[26.733s] Level 1:colcon.colcon_core.environment:checking '/home/thales/linorobot2/ros2_ws/install/hoverboard-driver-pkg' for CMake config files
[26.735s] Level 1:colcon.colcon_core.shell:create_environment_hook('hoverboard-driver-pkg', 'cmake_prefix_path')
[26.742s] INFO:colcon.colcon_core.shell:Creating environment hook '/home/thales/linorobot2/ros2_ws/install/hoverboard-driver-pkg/share/hoverboard-driver-pkg/hook/cmake_prefix_path.ps1'
[26.744s] INFO:colcon.colcon_core.shell:Creating environment descriptor '/home/thales/linorobot2/ros2_ws/install/hoverboard-driver-pkg/share/hoverboard-driver-pkg/hook/cmake_prefix_path.dsv'
[26.746s] INFO:colcon.colcon_core.shell:Creating environment hook '/home/thales/linorobot2/ros2_ws/install/hoverboard-driver-pkg/share/hoverboard-driver-pkg/hook/cmake_prefix_path.sh'
[26.749s] Level 1:colcon.colcon_core.environment:checking '/home/thales/linorobot2/ros2_ws/install/hoverboard-driver-pkg/lib'
[26.750s] Level 1:colcon.colcon_core.environment:checking '/home/thales/linorobot2/ros2_ws/install/hoverboard-driver-pkg/bin'
[26.751s] Level 1:colcon.colcon_core.environment:checking '/home/thales/linorobot2/ros2_ws/install/hoverboard-driver-pkg/lib/pkgconfig/hoverboard-driver-pkg.pc'
[26.752s] Level 1:colcon.colcon_core.environment:checking '/home/thales/linorobot2/ros2_ws/install/hoverboard-driver-pkg/lib/python3.10/site-packages'
[26.753s] Level 1:colcon.colcon_core.environment:checking '/home/thales/linorobot2/ros2_ws/install/hoverboard-driver-pkg/bin'
[26.759s] INFO:colcon.colcon_core.shell:Creating package script '/home/thales/linorobot2/ros2_ws/install/hoverboard-driver-pkg/share/hoverboard-driver-pkg/package.ps1'
[26.763s] INFO:colcon.colcon_core.shell:Creating package descriptor '/home/thales/linorobot2/ros2_ws/install/hoverboard-driver-pkg/share/hoverboard-driver-pkg/package.dsv'
[26.765s] INFO:colcon.colcon_core.shell:Creating package script '/home/thales/linorobot2/ros2_ws/install/hoverboard-driver-pkg/share/hoverboard-driver-pkg/package.sh'
[26.768s] INFO:colcon.colcon_core.shell:Creating package script '/home/thales/linorobot2/ros2_ws/install/hoverboard-driver-pkg/share/hoverboard-driver-pkg/package.bash'
[26.770s] INFO:colcon.colcon_core.shell:Creating package script '/home/thales/linorobot2/ros2_ws/install/hoverboard-driver-pkg/share/hoverboard-driver-pkg/package.zsh'
[26.773s] Level 1:colcon.colcon_core.environment:create_file_with_runtime_dependencies(/home/thales/linorobot2/ros2_ws/install/hoverboard-driver-pkg/share/colcon-core/packages/hoverboard-driver-pkg)
[26.785s] DEBUG:colcon.colcon_parallel_executor.executor.parallel:closing loop
[26.786s] DEBUG:colcon.colcon_parallel_executor.executor.parallel:loop closed
[26.786s] DEBUG:colcon.colcon_parallel_executor.executor.parallel:run_until_complete finished with '2'
[26.786s] DEBUG:colcon.colcon_core.event_reactor:joining thread
[26.823s] INFO:colcon.colcon_core.plugin_system:Skipping extension 'colcon_notification.desktop_notification.terminal_notifier': Not used on non-Darwin systems
[26.824s] INFO:colcon.colcon_core.plugin_system:Skipping extension 'colcon_notification.desktop_notification.win32': Not used on non-Windows systems
[26.824s] INFO:colcon.colcon_notification.desktop_notification:Sending desktop notification using 'notify2'
[26.933s] DEBUG:colcon.colcon_core.event_reactor:joined thread
[26.940s] INFO:colcon.colcon_core.shell:Creating prefix script '/home/thales/linorobot2/ros2_ws/install/local_setup.ps1'
[26.946s] INFO:colcon.colcon_core.shell:Creating prefix util module '/home/thales/linorobot2/ros2_ws/install/_local_setup_util_ps1.py'
[26.960s] INFO:colcon.colcon_core.shell:Creating prefix chain script '/home/thales/linorobot2/ros2_ws/install/setup.ps1'
[26.973s] INFO:colcon.colcon_core.shell:Creating prefix script '/home/thales/linorobot2/ros2_ws/install/local_setup.sh'
[26.979s] INFO:colcon.colcon_core.shell:Creating prefix util module '/home/thales/linorobot2/ros2_ws/install/_local_setup_util_sh.py'
[26.984s] INFO:colcon.colcon_core.shell:Creating prefix chain script '/home/thales/linorobot2/ros2_ws/install/setup.sh'
[26.995s] INFO:colcon.colcon_core.shell:Creating prefix script '/home/thales/linorobot2/ros2_ws/install/local_setup.bash'
[27.001s] INFO:colcon.colcon_core.shell:Creating prefix chain script '/home/thales/linorobot2/ros2_ws/install/setup.bash'
[27.011s] INFO:colcon.colcon_core.shell:Creating prefix script '/home/thales/linorobot2/ros2_ws/install/local_setup.zsh'
[27.015s] INFO:colcon.colcon_core.shell:Creating prefix chain script '/home/thales/linorobot2/ros2_ws/install/setup.zsh'
