[3.539s] Invoking command in '/home/thales/linorobot2/ros2_ws/src/bringup': PYTHONPATH=/home/thales/linorobot2/ros2_ws/build/bringup/prefix_override:/home/thales/linorobot2/ros2_ws/install/bringup/lib/python3.10/site-packages:${PYTHONPATH} /usr/bin/python3 setup.py egg_info --egg-base ../../build/bringup build --build-base /home/thales/linorobot2/ros2_ws/build/bringup/build install --record /home/thales/linorobot2/ros2_ws/build/bringup/install.log --single-version-externally-managed
[4.908s] running egg_info
[4.911s] writing ../../build/bringup/bringup.egg-info/PKG-INFO
[4.912s] writing dependency_links to ../../build/bringup/bringup.egg-info/dependency_links.txt
[4.913s] writing entry points to ../../build/bringup/bringup.egg-info/entry_points.txt
[4.914s] writing requirements to ../../build/bringup/bringup.egg-info/requires.txt
[4.915s] writing top-level names to ../../build/bringup/bringup.egg-info/top_level.txt
[4.925s] reading manifest file '../../build/bringup/bringup.egg-info/SOURCES.txt'
[4.929s] writing manifest file '../../build/bringup/bringup.egg-info/SOURCES.txt'
[4.930s] running build
[4.931s] running build_py
[4.931s] running install
[4.933s] running install_lib
[4.938s] running install_data
[4.941s] running install_egg_info
[4.948s] removing '/home/thales/linorobot2/ros2_ws/install/bringup/lib/python3.10/site-packages/bringup-0.0.0-py3.10.egg-info' (and everything under it)
[4.950s] Copying ../../build/bringup/bringup.egg-info to /home/thales/linorobot2/ros2_ws/install/bringup/lib/python3.10/site-packages/bringup-0.0.0-py3.10.egg-info
[4.956s] running install_scripts
[5.047s] writing list of installed files to '/home/thales/linorobot2/ros2_ws/build/bringup/install.log'
[5.209s] Invoked command in '/home/thales/linorobot2/ros2_ws/src/bringup' returned '0': PYTHONPATH=/home/thales/linorobot2/ros2_ws/build/bringup/prefix_override:/home/thales/linorobot2/ros2_ws/install/bringup/lib/python3.10/site-packages:${PYTHONPATH} /usr/bin/python3 setup.py egg_info --egg-base ../../build/bringup build --build-base /home/thales/linorobot2/ros2_ws/build/bringup/build install --record /home/thales/linorobot2/ros2_ws/build/bringup/install.log --single-version-externally-managed
