[0.158s] Invoking command in '/home/thales/linorobot2/ros2_ws/build/my_robot_bringup': CMAKE_PREFIX_PATH=${CMAKE_PREFIX_PATH}:/home/thales/linorobot2/ros2_ws/install/bringup:/opt/ros/humble /usr/bin/cmake --build /home/thales/linorobot2/ros2_ws/build/my_robot_bringup -- -j4 -l4
[0.504s] Invoked command in '/home/thales/linorobot2/ros2_ws/build/my_robot_bringup' returned '0': CMAKE_PREFIX_PATH=${CMAKE_PREFIX_PATH}:/home/thales/linorobot2/ros2_ws/install/bringup:/opt/ros/humble /usr/bin/cmake --build /home/thales/linorobot2/ros2_ws/build/my_robot_bringup -- -j4 -l4
[0.885s] Invoking command in '/home/thales/linorobot2/ros2_ws/build/my_robot_bringup': CMAKE_PREFIX_PATH=${CMAKE_PREFIX_PATH}:/home/thales/linorobot2/ros2_ws/install/bringup:/opt/ros/humble /usr/bin/cmake --install /home/thales/linorobot2/ros2_ws/build/my_robot_bringup
[0.928s] -- Install configuration: ""
[0.928s] -- Up-to-date: /home/thales/linorobot2/ros2_ws/install/my_robot_bringup/share/my_robot_bringup/launch
[0.929s] -- Up-to-date: /home/thales/linorobot2/ros2_ws/install/my_robot_bringup/share/my_robot_bringup/launch/bringup.launch.py
[0.930s] -- Up-to-date: /home/thales/linorobot2/ros2_ws/install/my_robot_bringup/share/my_robot_bringup/config
[0.931s] -- Up-to-date: /home/thales/linorobot2/ros2_ws/install/my_robot_bringup/share/my_robot_bringup/config/gamepad.config.yaml
[0.932s] -- Up-to-date: /home/thales/linorobot2/ros2_ws/install/my_robot_bringup/share/ament_index/resource_index/package_run_dependencies/my_robot_bringup
[0.933s] -- Up-to-date: /home/thales/linorobot2/ros2_ws/install/my_robot_bringup/share/ament_index/resource_index/parent_prefix_path/my_robot_bringup
[0.934s] -- Up-to-date: /home/thales/linorobot2/ros2_ws/install/my_robot_bringup/share/my_robot_bringup/environment/ament_prefix_path.sh
[0.935s] -- Up-to-date: /home/thales/linorobot2/ros2_ws/install/my_robot_bringup/share/my_robot_bringup/environment/ament_prefix_path.dsv
[0.937s] -- Up-to-date: /home/thales/linorobot2/ros2_ws/install/my_robot_bringup/share/my_robot_bringup/environment/path.sh
[0.938s] -- Up-to-date: /home/thales/linorobot2/ros2_ws/install/my_robot_bringup/share/my_robot_bringup/environment/path.dsv
[0.940s] -- Up-to-date: /home/thales/linorobot2/ros2_ws/install/my_robot_bringup/share/my_robot_bringup/local_setup.bash
[0.942s] -- Up-to-date: /home/thales/linorobot2/ros2_ws/install/my_robot_bringup/share/my_robot_bringup/local_setup.sh
[0.943s] -- Up-to-date: /home/thales/linorobot2/ros2_ws/install/my_robot_bringup/share/my_robot_bringup/local_setup.zsh
[0.943s] -- Up-to-date: /home/thales/linorobot2/ros2_ws/install/my_robot_bringup/share/my_robot_bringup/local_setup.dsv
[0.944s] -- Installing: /home/thales/linorobot2/ros2_ws/install/my_robot_bringup/share/my_robot_bringup/package.dsv
[0.945s] -- Up-to-date: /home/thales/linorobot2/ros2_ws/install/my_robot_bringup/share/ament_index/resource_index/packages/my_robot_bringup
[0.948s] -- Up-to-date: /home/thales/linorobot2/ros2_ws/install/my_robot_bringup/share/my_robot_bringup/cmake/my_robot_bringupConfig.cmake
[0.949s] -- Up-to-date: /home/thales/linorobot2/ros2_ws/install/my_robot_bringup/share/my_robot_bringup/cmake/my_robot_bringupConfig-version.cmake
[0.953s] -- Up-to-date: /home/thales/linorobot2/ros2_ws/install/my_robot_bringup/share/my_robot_bringup/package.xml
[0.954s] Invoked command in '/home/thales/linorobot2/ros2_ws/build/my_robot_bringup' returned '0': CMAKE_PREFIX_PATH=${CMAKE_PREFIX_PATH}:/home/thales/linorobot2/ros2_ws/install/bringup:/opt/ros/humble /usr/bin/cmake --install /home/thales/linorobot2/ros2_ws/build/my_robot_bringup
