[0.129s] Invoking command in '/home/thales/linorobot2/ros2_ws/build/hoverboard-driver-pkg': CMAKE_PREFIX_PATH=${CMAKE_PREFIX_PATH}:/home/thales/linorobot2/ros2_ws/install/bringup:/opt/ros/humble /usr/bin/cmake --build /home/thales/linorobot2/ros2_ws/build/hoverboard-driver-pkg -- -j4 -l4
[0.444s] [ 50%] [32mBuilding CXX object CMakeFiles/hoverboard-driver.dir/src/main.cpp.o[0m
[45.973s] [100%] [32m[1mLinking CXX executable hoverboard-driver[0m
[49.093s] [100%] Built target hoverboard-driver
[49.144s] Invoked command in '/home/thales/linorobot2/ros2_ws/build/hoverboard-driver-pkg' returned '0': CMAKE_PREFIX_PATH=${CMAKE_PREFIX_PATH}:/home/thales/linorobot2/ros2_ws/install/bringup:/opt/ros/humble /usr/bin/cmake --build /home/thales/linorobot2/ros2_ws/build/hoverboard-driver-pkg -- -j4 -l4
[49.312s] Invoking command in '/home/thales/linorobot2/ros2_ws/build/hoverboard-driver-pkg': CMAKE_PREFIX_PATH=${CMAKE_PREFIX_PATH}:/home/thales/linorobot2/ros2_ws/install/bringup:/opt/ros/humble /usr/bin/cmake --install /home/thales/linorobot2/ros2_ws/build/hoverboard-driver-pkg
[49.342s] -- Install configuration: ""
[49.344s] -- Installing: /home/thales/linorobot2/ros2_ws/install/hoverboard-driver-pkg/lib/hoverboard-driver-pkg/hoverboard-driver
[49.383s] -- Set runtime path of "/home/thales/linorobot2/ros2_ws/install/hoverboard-driver-pkg/lib/hoverboard-driver-pkg/hoverboard-driver" to ""
[49.384s] -- Up-to-date: /home/thales/linorobot2/ros2_ws/install/hoverboard-driver-pkg/share/ament_index/resource_index/package_run_dependencies/hoverboard-driver-pkg
[49.384s] -- Up-to-date: /home/thales/linorobot2/ros2_ws/install/hoverboard-driver-pkg/share/ament_index/resource_index/parent_prefix_path/hoverboard-driver-pkg
[49.385s] -- Up-to-date: /home/thales/linorobot2/ros2_ws/install/hoverboard-driver-pkg/share/hoverboard-driver-pkg/environment/ament_prefix_path.sh
[49.385s] -- Up-to-date: /home/thales/linorobot2/ros2_ws/install/hoverboard-driver-pkg/share/hoverboard-driver-pkg/environment/ament_prefix_path.dsv
[49.386s] -- Up-to-date: /home/thales/linorobot2/ros2_ws/install/hoverboard-driver-pkg/share/hoverboard-driver-pkg/environment/path.sh
[49.386s] -- Up-to-date: /home/thales/linorobot2/ros2_ws/install/hoverboard-driver-pkg/share/hoverboard-driver-pkg/environment/path.dsv
[49.387s] -- Up-to-date: /home/thales/linorobot2/ros2_ws/install/hoverboard-driver-pkg/share/hoverboard-driver-pkg/local_setup.bash
[49.387s] -- Up-to-date: /home/thales/linorobot2/ros2_ws/install/hoverboard-driver-pkg/share/hoverboard-driver-pkg/local_setup.sh
[49.388s] -- Up-to-date: /home/thales/linorobot2/ros2_ws/install/hoverboard-driver-pkg/share/hoverboard-driver-pkg/local_setup.zsh
[49.388s] -- Up-to-date: /home/thales/linorobot2/ros2_ws/install/hoverboard-driver-pkg/share/hoverboard-driver-pkg/local_setup.dsv
[49.388s] -- Installing: /home/thales/linorobot2/ros2_ws/install/hoverboard-driver-pkg/share/hoverboard-driver-pkg/package.dsv
[49.390s] -- Up-to-date: /home/thales/linorobot2/ros2_ws/install/hoverboard-driver-pkg/share/ament_index/resource_index/packages/hoverboard-driver-pkg
[49.390s] -- Up-to-date: /home/thales/linorobot2/ros2_ws/install/hoverboard-driver-pkg/share/hoverboard-driver-pkg/cmake/hoverboard-driver-pkgConfig.cmake
[49.391s] -- Up-to-date: /home/thales/linorobot2/ros2_ws/install/hoverboard-driver-pkg/share/hoverboard-driver-pkg/cmake/hoverboard-driver-pkgConfig-version.cmake
[49.391s] -- Up-to-date: /home/thales/linorobot2/ros2_ws/install/hoverboard-driver-pkg/share/hoverboard-driver-pkg/package.xml
[49.408s] Invoked command in '/home/thales/linorobot2/ros2_ws/build/hoverboard-driver-pkg' returned '0': CMAKE_PREFIX_PATH=${CMAKE_PREFIX_PATH}:/home/thales/linorobot2/ros2_ws/install/bringup:/opt/ros/humble /usr/bin/cmake --install /home/thales/linorobot2/ros2_ws/build/hoverboard-driver-pkg
