[3.407s] Invoking command in '/home/thales/linorobot2/ros2_ws/src/bringup': PYTHONPATH=/home/thales/linorobot2/ros2_ws/build/bringup/prefix_override:/home/thales/linorobot2/ros2_ws/install/bringup/lib/python3.10/site-packages:${PYTHONPATH} /usr/bin/python3 setup.py egg_info --egg-base ../../build/bringup build --build-base /home/thales/linorobot2/ros2_ws/build/bringup/build install --record /home/thales/linorobot2/ros2_ws/build/bringup/install.log --single-version-externally-managed
[4.765s] running egg_info
[4.769s] writing ../../build/bringup/bringup.egg-info/PKG-INFO
[4.770s] writing dependency_links to ../../build/bringup/bringup.egg-info/dependency_links.txt
[4.771s] writing entry points to ../../build/bringup/bringup.egg-info/entry_points.txt
[4.772s] writing requirements to ../../build/bringup/bringup.egg-info/requires.txt
[4.773s] writing top-level names to ../../build/bringup/bringup.egg-info/top_level.txt
[4.787s] reading manifest file '../../build/bringup/bringup.egg-info/SOURCES.txt'
[4.791s] writing manifest file '../../build/bringup/bringup.egg-info/SOURCES.txt'
[4.792s] running build
[4.792s] running build_py
[4.793s] running install
[4.795s] running install_lib
[4.800s] running install_data
[4.803s] running install_egg_info
[4.810s] removing '/home/thales/linorobot2/ros2_ws/install/bringup/lib/python3.10/site-packages/bringup-0.0.0-py3.10.egg-info' (and everything under it)
[4.812s] Copying ../../build/bringup/bringup.egg-info to /home/thales/linorobot2/ros2_ws/install/bringup/lib/python3.10/site-packages/bringup-0.0.0-py3.10.egg-info
[4.818s] running install_scripts
[4.906s] writing list of installed files to '/home/thales/linorobot2/ros2_ws/build/bringup/install.log'
[5.045s] Invoked command in '/home/thales/linorobot2/ros2_ws/src/bringup' returned '0': PYTHONPATH=/home/thales/linorobot2/ros2_ws/build/bringup/prefix_override:/home/thales/linorobot2/ros2_ws/install/bringup/lib/python3.10/site-packages:${PYTHONPATH} /usr/bin/python3 setup.py egg_info --egg-base ../../build/bringup build --build-base /home/thales/linorobot2/ros2_ws/build/bringup/build install --record /home/thales/linorobot2/ros2_ws/build/bringup/install.log --single-version-externally-managed
