[0.149s] Invoking command in '/home/thales/linorobot2/ros2_ws/build/my_robot_bringup': CMAKE_PREFIX_PATH=${CMAKE_PREFIX_PATH}:/home/thales/linorobot2/ros2_ws/install/bringup:/opt/ros/humble /usr/bin/cmake --build /home/thales/linorobot2/ros2_ws/build/my_robot_bringup -- -j4 -l4
[0.402s] Invoked command in '/home/thales/linorobot2/ros2_ws/build/my_robot_bringup' returned '0': CMAKE_PREFIX_PATH=${CMAKE_PREFIX_PATH}:/home/thales/linorobot2/ros2_ws/install/bringup:/opt/ros/humble /usr/bin/cmake --build /home/thales/linorobot2/ros2_ws/build/my_robot_bringup -- -j4 -l4
[0.625s] Invoking command in '/home/thales/linorobot2/ros2_ws/build/my_robot_bringup': CMAKE_PREFIX_PATH=${CMAKE_PREFIX_PATH}:/home/thales/linorobot2/ros2_ws/install/bringup:/opt/ros/humble /usr/bin/cmake --install /home/thales/linorobot2/ros2_ws/build/my_robot_bringup
[0.657s] -- Install configuration: ""
[0.659s] -- Up-to-date: /home/thales/linorobot2/ros2_ws/install/my_robot_bringup/share/my_robot_bringup/launch
[0.661s] -- Up-to-date: /home/thales/linorobot2/ros2_ws/install/my_robot_bringup/share/my_robot_bringup/launch/bringup.launch.py
[0.662s] -- Up-to-date: /home/thales/linorobot2/ros2_ws/install/my_robot_bringup/share/my_robot_bringup/config
[0.662s] -- Up-to-date: /home/thales/linorobot2/ros2_ws/install/my_robot_bringup/share/my_robot_bringup/config/gamepad.config.yaml
[0.663s] -- Up-to-date: /home/thales/linorobot2/ros2_ws/install/my_robot_bringup/share/ament_index/resource_index/package_run_dependencies/my_robot_bringup
[0.664s] -- Up-to-date: /home/thales/linorobot2/ros2_ws/install/my_robot_bringup/share/ament_index/resource_index/parent_prefix_path/my_robot_bringup
[0.665s] -- Up-to-date: /home/thales/linorobot2/ros2_ws/install/my_robot_bringup/share/my_robot_bringup/environment/ament_prefix_path.sh
[0.666s] -- Up-to-date: /home/thales/linorobot2/ros2_ws/install/my_robot_bringup/share/my_robot_bringup/environment/ament_prefix_path.dsv
[0.666s] -- Up-to-date: /home/thales/linorobot2/ros2_ws/install/my_robot_bringup/share/my_robot_bringup/environment/path.sh
[0.667s] -- Up-to-date: /home/thales/linorobot2/ros2_ws/install/my_robot_bringup/share/my_robot_bringup/environment/path.dsv
[0.667s] -- Up-to-date: /home/thales/linorobot2/ros2_ws/install/my_robot_bringup/share/my_robot_bringup/local_setup.bash
[0.668s] -- Up-to-date: /home/thales/linorobot2/ros2_ws/install/my_robot_bringup/share/my_robot_bringup/local_setup.sh
[0.669s] -- Up-to-date: /home/thales/linorobot2/ros2_ws/install/my_robot_bringup/share/my_robot_bringup/local_setup.zsh
[0.669s] -- Up-to-date: /home/thales/linorobot2/ros2_ws/install/my_robot_bringup/share/my_robot_bringup/local_setup.dsv
[0.670s] -- Installing: /home/thales/linorobot2/ros2_ws/install/my_robot_bringup/share/my_robot_bringup/package.dsv
[0.670s] -- Up-to-date: /home/thales/linorobot2/ros2_ws/install/my_robot_bringup/share/ament_index/resource_index/packages/my_robot_bringup
[0.671s] -- Up-to-date: /home/thales/linorobot2/ros2_ws/install/my_robot_bringup/share/my_robot_bringup/cmake/my_robot_bringupConfig.cmake
[0.671s] -- Up-to-date: /home/thales/linorobot2/ros2_ws/install/my_robot_bringup/share/my_robot_bringup/cmake/my_robot_bringupConfig-version.cmake
[0.672s] -- Up-to-date: /home/thales/linorobot2/ros2_ws/install/my_robot_bringup/share/my_robot_bringup/package.xml
[0.678s] Invoked command in '/home/thales/linorobot2/ros2_ws/build/my_robot_bringup' returned '0': CMAKE_PREFIX_PATH=${CMAKE_PREFIX_PATH}:/home/thales/linorobot2/ros2_ws/install/bringup:/opt/ros/humble /usr/bin/cmake --install /home/thales/linorobot2/ros2_ws/build/my_robot_bringup
