[2.027s] DEBUG:colcon:Command line arguments: ['/usr/bin/colcon', 'build']
[2.027s] DEBUG:colcon:Parsed command line arguments: Namespace(log_base=None, log_level=None, verb_name='build', build_base='build', install_base='install', merge_install=False, symlink_install=False, test_result_base=None, continue_on_error=False, executor='parallel', parallel_workers=4, event_handlers=None, ignore_user_meta=False, metas=['./colcon.meta'], base_paths=['.'], packages_ignore=None, packages_ignore_regex=None, paths=None, packages_up_to=None, packages_up_to_regex=None, packages_above=None, packages_above_and_dependencies=None, packages_above_depth=None, packages_select_by_dep=None, packages_skip_by_dep=None, packages_skip_up_to=None, packages_select_build_failed=False, packages_skip_build_finished=False, packages_select_test_failures=False, packages_skip_test_passed=False, packages_select=None, packages_skip=None, packages_select_regex=None, packages_skip_regex=None, packages_start=None, packages_end=None, allow_overriding=[], cmake_args=None, cmake_target=None, cmake_target_skip_unavailable=False, cmake_clean_cache=False, cmake_clean_first=False, cmake_force_configure=False, ament_cmake_args=None, catkin_cmake_args=None, catkin_skip_building_tests=False, verb_parser=<colcon_defaults.argument_parser.defaults.DefaultArgumentsDecorator object at 0xffffa7b0a020>, verb_extension=<colcon_core.verb.build.BuildVerb object at 0xffffa7b09ab0>, main=<bound method BuildVerb.main of <colcon_core.verb.build.BuildVerb object at 0xffffa7b09ab0>>)
[2.189s] Level 1:colcon.colcon_core.package_discovery:discover_packages(colcon_meta) check parameters
[2.189s] Level 1:colcon.colcon_core.package_discovery:discover_packages(recursive) check parameters
[2.189s] Level 1:colcon.colcon_core.package_discovery:discover_packages(ignore) check parameters
[2.190s] Level 1:colcon.colcon_core.package_discovery:discover_packages(path) check parameters
[2.190s] Level 1:colcon.colcon_core.package_discovery:discover_packages(colcon_meta) discover
[2.190s] Level 1:colcon.colcon_core.package_discovery:discover_packages(recursive) discover
[2.190s] INFO:colcon.colcon_core.package_discovery:Crawling recursively for packages in '/home/thales/linorobot2/ros2_ws'
[2.191s] Level 1:colcon.colcon_core.package_identification:_identify(.) by extensions ['ignore', 'ignore_ament_install']
[2.195s] Level 1:colcon.colcon_core.package_identification:_identify(.) by extension 'ignore'
[2.196s] Level 1:colcon.colcon_core.package_identification:_identify(.) by extension 'ignore_ament_install'
[2.197s] Level 1:colcon.colcon_core.package_identification:_identify(.) by extensions ['colcon_pkg']
[2.198s] Level 1:colcon.colcon_core.package_identification:_identify(.) by extension 'colcon_pkg'
[2.198s] Level 1:colcon.colcon_core.package_identification:_identify(.) by extensions ['colcon_meta']
[2.199s] Level 1:colcon.colcon_core.package_identification:_identify(.) by extension 'colcon_meta'
[2.200s] Level 1:colcon.colcon_core.package_identification:_identify(.) by extensions ['ros']
[2.201s] Level 1:colcon.colcon_core.package_identification:_identify(.) by extension 'ros'
[2.261s] Level 1:colcon.colcon_core.package_identification:_identify(.) by extensions ['cmake', 'python']
[2.262s] Level 1:colcon.colcon_core.package_identification:_identify(.) by extension 'cmake'
[2.262s] Level 1:colcon.colcon_core.package_identification:_identify(.) by extension 'python'
[2.262s] Level 1:colcon.colcon_core.package_identification:_identify(.) by extensions ['python_setup_py']
[2.262s] Level 1:colcon.colcon_core.package_identification:_identify(.) by extension 'python_setup_py'
[2.264s] Level 1:colcon.colcon_core.package_identification:_identify(build) by extensions ['ignore', 'ignore_ament_install']
[2.265s] Level 1:colcon.colcon_core.package_identification:_identify(build) by extension 'ignore'
[2.266s] Level 1:colcon.colcon_core.package_identification:_identify(build) ignored
[2.268s] Level 1:colcon.colcon_core.package_identification:_identify(install) by extensions ['ignore', 'ignore_ament_install']
[2.269s] Level 1:colcon.colcon_core.package_identification:_identify(install) by extension 'ignore'
[2.269s] Level 1:colcon.colcon_core.package_identification:_identify(install) ignored
[2.270s] Level 1:colcon.colcon_core.package_identification:_identify(log) by extensions ['ignore', 'ignore_ament_install']
[2.271s] Level 1:colcon.colcon_core.package_identification:_identify(log) by extension 'ignore'
[2.271s] Level 1:colcon.colcon_core.package_identification:_identify(log) ignored
[2.271s] Level 1:colcon.colcon_core.package_identification:_identify(src) by extensions ['ignore', 'ignore_ament_install']
[2.272s] Level 1:colcon.colcon_core.package_identification:_identify(src) by extension 'ignore'
[2.272s] Level 1:colcon.colcon_core.package_identification:_identify(src) by extension 'ignore_ament_install'
[2.272s] Level 1:colcon.colcon_core.package_identification:_identify(src) by extensions ['colcon_pkg']
[2.272s] Level 1:colcon.colcon_core.package_identification:_identify(src) by extension 'colcon_pkg'
[2.273s] Level 1:colcon.colcon_core.package_identification:_identify(src) by extensions ['colcon_meta']
[2.273s] Level 1:colcon.colcon_core.package_identification:_identify(src) by extension 'colcon_meta'
[2.273s] Level 1:colcon.colcon_core.package_identification:_identify(src) by extensions ['ros']
[2.273s] Level 1:colcon.colcon_core.package_identification:_identify(src) by extension 'ros'
[2.273s] Level 1:colcon.colcon_core.package_identification:_identify(src) by extensions ['cmake', 'python']
[2.274s] Level 1:colcon.colcon_core.package_identification:_identify(src) by extension 'cmake'
[2.274s] Level 1:colcon.colcon_core.package_identification:_identify(src) by extension 'python'
[2.274s] Level 1:colcon.colcon_core.package_identification:_identify(src) by extensions ['python_setup_py']
[2.274s] Level 1:colcon.colcon_core.package_identification:_identify(src) by extension 'python_setup_py'
[2.275s] Level 1:colcon.colcon_core.package_identification:_identify(src/hoverboard-driver-pkg) by extensions ['ignore', 'ignore_ament_install']
[2.275s] Level 1:colcon.colcon_core.package_identification:_identify(src/hoverboard-driver-pkg) by extension 'ignore'
[2.275s] Level 1:colcon.colcon_core.package_identification:_identify(src/hoverboard-driver-pkg) by extension 'ignore_ament_install'
[2.275s] Level 1:colcon.colcon_core.package_identification:_identify(src/hoverboard-driver-pkg) by extensions ['colcon_pkg']
[2.275s] Level 1:colcon.colcon_core.package_identification:_identify(src/hoverboard-driver-pkg) by extension 'colcon_pkg'
[2.276s] Level 1:colcon.colcon_core.package_identification:_identify(src/hoverboard-driver-pkg) by extensions ['colcon_meta']
[2.276s] Level 1:colcon.colcon_core.package_identification:_identify(src/hoverboard-driver-pkg) by extension 'colcon_meta'
[2.276s] Level 1:colcon.colcon_core.package_identification:_identify(src/hoverboard-driver-pkg) by extensions ['ros']
[2.276s] Level 1:colcon.colcon_core.package_identification:_identify(src/hoverboard-driver-pkg) by extension 'ros'
[2.289s] DEBUG:colcon.colcon_core.package_identification:Package 'src/hoverboard-driver-pkg' with type 'ros.ament_cmake' and name 'hoverboard-driver-pkg'
[2.290s] Level 1:colcon.colcon_core.package_identification:_identify(src/my_robot_bringup) by extensions ['ignore', 'ignore_ament_install']
[2.291s] Level 1:colcon.colcon_core.package_identification:_identify(src/my_robot_bringup) by extension 'ignore'
[2.291s] Level 1:colcon.colcon_core.package_identification:_identify(src/my_robot_bringup) by extension 'ignore_ament_install'
[2.291s] Level 1:colcon.colcon_core.package_identification:_identify(src/my_robot_bringup) by extensions ['colcon_pkg']
[2.292s] Level 1:colcon.colcon_core.package_identification:_identify(src/my_robot_bringup) by extension 'colcon_pkg'
[2.292s] Level 1:colcon.colcon_core.package_identification:_identify(src/my_robot_bringup) by extensions ['colcon_meta']
[2.292s] Level 1:colcon.colcon_core.package_identification:_identify(src/my_robot_bringup) by extension 'colcon_meta'
[2.293s] Level 1:colcon.colcon_core.package_identification:_identify(src/my_robot_bringup) by extensions ['ros']
[2.293s] Level 1:colcon.colcon_core.package_identification:_identify(src/my_robot_bringup) by extension 'ros'
[2.295s] DEBUG:colcon.colcon_core.package_identification:Package 'src/my_robot_bringup' with type 'ros.ament_cmake' and name 'my_robot_bringup'
[2.296s] Level 1:colcon.colcon_core.package_discovery:discover_packages(recursive) using defaults
[2.298s] Level 1:colcon.colcon_core.package_discovery:discover_packages(ignore) discover
[2.298s] Level 1:colcon.colcon_core.package_discovery:discover_packages(ignore) using defaults
[2.298s] Level 1:colcon.colcon_core.package_discovery:discover_packages(path) discover
[2.298s] Level 1:colcon.colcon_core.package_discovery:discover_packages(path) using defaults
[2.442s] Level 1:colcon.colcon_core.package_discovery:discover_packages(prefix_path) check parameters
[2.442s] Level 1:colcon.colcon_core.package_discovery:discover_packages(prefix_path) discover
[2.461s] DEBUG:colcon.colcon_installed_package_information.package_discovery:Found 3 installed packages in /home/thales/linorobot2/ros2_ws/install
[2.476s] DEBUG:colcon.colcon_installed_package_information.package_discovery:Found 270 installed packages in /opt/ros/humble
[2.485s] Level 1:colcon.colcon_core.package_discovery:discover_packages(prefix_path) using defaults
[2.893s] Level 5:colcon.colcon_core.verb:set package 'hoverboard-driver-pkg' build argument 'cmake_args' from command line to 'None'
[2.893s] Level 5:colcon.colcon_core.verb:set package 'hoverboard-driver-pkg' build argument 'cmake_target' from command line to 'None'
[2.894s] Level 5:colcon.colcon_core.verb:set package 'hoverboard-driver-pkg' build argument 'cmake_target_skip_unavailable' from command line to 'False'
[2.894s] Level 5:colcon.colcon_core.verb:set package 'hoverboard-driver-pkg' build argument 'cmake_clean_cache' from command line to 'False'
[2.894s] Level 5:colcon.colcon_core.verb:set package 'hoverboard-driver-pkg' build argument 'cmake_clean_first' from command line to 'False'
[2.894s] Level 5:colcon.colcon_core.verb:set package 'hoverboard-driver-pkg' build argument 'cmake_force_configure' from command line to 'False'
[2.894s] Level 5:colcon.colcon_core.verb:set package 'hoverboard-driver-pkg' build argument 'ament_cmake_args' from command line to 'None'
[2.894s] Level 5:colcon.colcon_core.verb:set package 'hoverboard-driver-pkg' build argument 'catkin_cmake_args' from command line to 'None'
[2.894s] Level 5:colcon.colcon_core.verb:set package 'hoverboard-driver-pkg' build argument 'catkin_skip_building_tests' from command line to 'False'
[2.895s] DEBUG:colcon.colcon_core.verb:Building package 'hoverboard-driver-pkg' with the following arguments: {'ament_cmake_args': None, 'build_base': '/home/thales/linorobot2/ros2_ws/build/hoverboard-driver-pkg', 'catkin_cmake_args': None, 'catkin_skip_building_tests': False, 'cmake_args': None, 'cmake_clean_cache': False, 'cmake_clean_first': False, 'cmake_force_configure': False, 'cmake_target': None, 'cmake_target_skip_unavailable': False, 'install_base': '/home/thales/linorobot2/ros2_ws/install/hoverboard-driver-pkg', 'merge_install': False, 'path': '/home/thales/linorobot2/ros2_ws/src/hoverboard-driver-pkg', 'symlink_install': False, 'test_result_base': None}
[2.900s] Level 5:colcon.colcon_core.verb:set package 'my_robot_bringup' build argument 'cmake_args' from command line to 'None'
[2.900s] Level 5:colcon.colcon_core.verb:set package 'my_robot_bringup' build argument 'cmake_target' from command line to 'None'
[2.901s] Level 5:colcon.colcon_core.verb:set package 'my_robot_bringup' build argument 'cmake_target_skip_unavailable' from command line to 'False'
[2.902s] Level 5:colcon.colcon_core.verb:set package 'my_robot_bringup' build argument 'cmake_clean_cache' from command line to 'False'
[2.902s] Level 5:colcon.colcon_core.verb:set package 'my_robot_bringup' build argument 'cmake_clean_first' from command line to 'False'
[2.903s] Level 5:colcon.colcon_core.verb:set package 'my_robot_bringup' build argument 'cmake_force_configure' from command line to 'False'
[2.903s] Level 5:colcon.colcon_core.verb:set package 'my_robot_bringup' build argument 'ament_cmake_args' from command line to 'None'
[2.903s] Level 5:colcon.colcon_core.verb:set package 'my_robot_bringup' build argument 'catkin_cmake_args' from command line to 'None'
[2.904s] Level 5:colcon.colcon_core.verb:set package 'my_robot_bringup' build argument 'catkin_skip_building_tests' from command line to 'False'
[2.905s] DEBUG:colcon.colcon_core.verb:Building package 'my_robot_bringup' with the following arguments: {'ament_cmake_args': None, 'build_base': '/home/thales/linorobot2/ros2_ws/build/my_robot_bringup', 'catkin_cmake_args': None, 'catkin_skip_building_tests': False, 'cmake_args': None, 'cmake_clean_cache': False, 'cmake_clean_first': False, 'cmake_force_configure': False, 'cmake_target': None, 'cmake_target_skip_unavailable': False, 'install_base': '/home/thales/linorobot2/ros2_ws/install/my_robot_bringup', 'merge_install': False, 'path': '/home/thales/linorobot2/ros2_ws/src/my_robot_bringup', 'symlink_install': False, 'test_result_base': None}
[2.909s] INFO:colcon.colcon_core.executor:Executing jobs using 'parallel' executor
[2.925s] DEBUG:colcon.colcon_parallel_executor.executor.parallel:run_until_complete
[2.926s] INFO:colcon.colcon_ros.task.ament_cmake.build:Building ROS package in '/home/thales/linorobot2/ros2_ws/src/hoverboard-driver-pkg' with build type 'ament_cmake'
[2.927s] INFO:colcon.colcon_cmake.task.cmake.build:Building CMake package in '/home/thales/linorobot2/ros2_ws/src/hoverboard-driver-pkg'
[2.962s] INFO:colcon.colcon_core.plugin_system:Skipping extension 'colcon_core.shell.bat': Not used on non-Windows systems
[2.964s] INFO:colcon.colcon_core.shell:Skip shell extension 'powershell' for command environment: Not usable outside of PowerShell
[2.965s] DEBUG:colcon.colcon_core.shell:Skip shell extension 'dsv' for command environment
[3.000s] INFO:colcon.colcon_ros.task.ament_cmake.build:Building ROS package in '/home/thales/linorobot2/ros2_ws/src/my_robot_bringup' with build type 'ament_cmake'
[3.001s] INFO:colcon.colcon_cmake.task.cmake.build:Building CMake package in '/home/thales/linorobot2/ros2_ws/src/my_robot_bringup'
[3.012s] INFO:colcon.colcon_core.shell:Skip shell extension 'powershell' for command environment: Not usable outside of PowerShell
[3.013s] DEBUG:colcon.colcon_core.shell:Skip shell extension 'dsv' for command environment
[3.086s] DEBUG:colcon.colcon_core.event_handler.log_command:Invoking command in '/home/thales/linorobot2/ros2_ws/build/hoverboard-driver-pkg': CMAKE_PREFIX_PATH=${CMAKE_PREFIX_PATH}:/home/thales/linorobot2/ros2_ws/install/bringup:/opt/ros/humble /usr/bin/cmake --build /home/thales/linorobot2/ros2_ws/build/hoverboard-driver-pkg -- -j4 -l4
[3.141s] DEBUG:colcon.colcon_core.event_handler.log_command:Invoking command in '/home/thales/linorobot2/ros2_ws/build/my_robot_bringup': CMAKE_PREFIX_PATH=${CMAKE_PREFIX_PATH}:/home/thales/linorobot2/ros2_ws/install/bringup:/opt/ros/humble /usr/bin/cmake --build /home/thales/linorobot2/ros2_ws/build/my_robot_bringup -- -j4 -l4
[3.379s] DEBUG:colcon.colcon_core.event_handler.log_command:Invoked command in '/home/thales/linorobot2/ros2_ws/build/my_robot_bringup' returned '0': CMAKE_PREFIX_PATH=${CMAKE_PREFIX_PATH}:/home/thales/linorobot2/ros2_ws/install/bringup:/opt/ros/humble /usr/bin/cmake --build /home/thales/linorobot2/ros2_ws/build/my_robot_bringup -- -j4 -l4
[3.632s] DEBUG:colcon.colcon_core.event_handler.log_command:Invoking command in '/home/thales/linorobot2/ros2_ws/build/my_robot_bringup': CMAKE_PREFIX_PATH=${CMAKE_PREFIX_PATH}:/home/thales/linorobot2/ros2_ws/install/bringup:/opt/ros/humble /usr/bin/cmake --install /home/thales/linorobot2/ros2_ws/build/my_robot_bringup
[3.705s] Level 1:colcon.colcon_core.environment:create_environment_scripts_only(my_robot_bringup)
[3.728s] DEBUG:colcon.colcon_core.event_handler.log_command:Invoked command in '/home/thales/linorobot2/ros2_ws/build/my_robot_bringup' returned '0': CMAKE_PREFIX_PATH=${CMAKE_PREFIX_PATH}:/home/thales/linorobot2/ros2_ws/install/bringup:/opt/ros/humble /usr/bin/cmake --install /home/thales/linorobot2/ros2_ws/build/my_robot_bringup
[3.747s] Level 1:colcon.colcon_core.environment:checking '/home/thales/linorobot2/ros2_ws/install/my_robot_bringup' for CMake module files
[3.751s] Level 1:colcon.colcon_core.environment:checking '/home/thales/linorobot2/ros2_ws/install/my_robot_bringup' for CMake config files
[3.756s] Level 1:colcon.colcon_core.shell:create_environment_hook('my_robot_bringup', 'cmake_prefix_path')
[3.765s] INFO:colcon.colcon_core.shell:Creating environment hook '/home/thales/linorobot2/ros2_ws/install/my_robot_bringup/share/my_robot_bringup/hook/cmake_prefix_path.ps1'
[3.771s] INFO:colcon.colcon_core.shell:Creating environment descriptor '/home/thales/linorobot2/ros2_ws/install/my_robot_bringup/share/my_robot_bringup/hook/cmake_prefix_path.dsv'
[3.785s] INFO:colcon.colcon_core.shell:Creating environment hook '/home/thales/linorobot2/ros2_ws/install/my_robot_bringup/share/my_robot_bringup/hook/cmake_prefix_path.sh'
[3.794s] Level 1:colcon.colcon_core.environment:checking '/home/thales/linorobot2/ros2_ws/install/my_robot_bringup/bin'
[3.794s] Level 1:colcon.colcon_core.environment:checking '/home/thales/linorobot2/ros2_ws/install/my_robot_bringup/lib/pkgconfig/my_robot_bringup.pc'
[3.796s] Level 1:colcon.colcon_core.environment:checking '/home/thales/linorobot2/ros2_ws/install/my_robot_bringup/lib/python3.10/site-packages'
[3.797s] Level 1:colcon.colcon_core.environment:checking '/home/thales/linorobot2/ros2_ws/install/my_robot_bringup/bin'
[3.806s] INFO:colcon.colcon_core.shell:Creating package script '/home/thales/linorobot2/ros2_ws/install/my_robot_bringup/share/my_robot_bringup/package.ps1'
[3.811s] INFO:colcon.colcon_core.shell:Creating package descriptor '/home/thales/linorobot2/ros2_ws/install/my_robot_bringup/share/my_robot_bringup/package.dsv'
[3.815s] INFO:colcon.colcon_core.shell:Creating package script '/home/thales/linorobot2/ros2_ws/install/my_robot_bringup/share/my_robot_bringup/package.sh'
[3.820s] INFO:colcon.colcon_core.shell:Creating package script '/home/thales/linorobot2/ros2_ws/install/my_robot_bringup/share/my_robot_bringup/package.bash'
[3.825s] INFO:colcon.colcon_core.shell:Creating package script '/home/thales/linorobot2/ros2_ws/install/my_robot_bringup/share/my_robot_bringup/package.zsh'
[3.829s] Level 1:colcon.colcon_core.environment:create_file_with_runtime_dependencies(/home/thales/linorobot2/ros2_ws/install/my_robot_bringup/share/colcon-core/packages/my_robot_bringup)
[4.016s] Level 1:colcon.colcon_core.environment:create_environment_scripts_only(my_robot_bringup)
[4.028s] Level 1:colcon.colcon_core.environment:checking '/home/thales/linorobot2/ros2_ws/install/my_robot_bringup' for CMake module files
[4.033s] Level 1:colcon.colcon_core.environment:checking '/home/thales/linorobot2/ros2_ws/install/my_robot_bringup' for CMake config files
[4.037s] Level 1:colcon.colcon_core.shell:create_environment_hook('my_robot_bringup', 'cmake_prefix_path')
[4.043s] INFO:colcon.colcon_core.shell:Creating environment hook '/home/thales/linorobot2/ros2_ws/install/my_robot_bringup/share/my_robot_bringup/hook/cmake_prefix_path.ps1'
[4.046s] INFO:colcon.colcon_core.shell:Creating environment descriptor '/home/thales/linorobot2/ros2_ws/install/my_robot_bringup/share/my_robot_bringup/hook/cmake_prefix_path.dsv'
[4.048s] INFO:colcon.colcon_core.shell:Creating environment hook '/home/thales/linorobot2/ros2_ws/install/my_robot_bringup/share/my_robot_bringup/hook/cmake_prefix_path.sh'
[4.053s] Level 1:colcon.colcon_core.environment:checking '/home/thales/linorobot2/ros2_ws/install/my_robot_bringup/bin'
[4.054s] Level 1:colcon.colcon_core.environment:checking '/home/thales/linorobot2/ros2_ws/install/my_robot_bringup/lib/pkgconfig/my_robot_bringup.pc'
[4.056s] Level 1:colcon.colcon_core.environment:checking '/home/thales/linorobot2/ros2_ws/install/my_robot_bringup/lib/python3.10/site-packages'
[4.058s] Level 1:colcon.colcon_core.environment:checking '/home/thales/linorobot2/ros2_ws/install/my_robot_bringup/bin'
[4.066s] INFO:colcon.colcon_core.shell:Creating package script '/home/thales/linorobot2/ros2_ws/install/my_robot_bringup/share/my_robot_bringup/package.ps1'
[4.071s] INFO:colcon.colcon_core.shell:Creating package descriptor '/home/thales/linorobot2/ros2_ws/install/my_robot_bringup/share/my_robot_bringup/package.dsv'
[4.076s] INFO:colcon.colcon_core.shell:Creating package script '/home/thales/linorobot2/ros2_ws/install/my_robot_bringup/share/my_robot_bringup/package.sh'
[4.079s] INFO:colcon.colcon_core.shell:Creating package script '/home/thales/linorobot2/ros2_ws/install/my_robot_bringup/share/my_robot_bringup/package.bash'
[4.081s] INFO:colcon.colcon_core.shell:Creating package script '/home/thales/linorobot2/ros2_ws/install/my_robot_bringup/share/my_robot_bringup/package.zsh'
[4.085s] Level 1:colcon.colcon_core.environment:create_file_with_runtime_dependencies(/home/thales/linorobot2/ros2_ws/install/my_robot_bringup/share/colcon-core/packages/my_robot_bringup)
[27.733s] DEBUG:colcon.colcon_core.event_handler.log_command:Invoked command in '/home/thales/linorobot2/ros2_ws/build/hoverboard-driver-pkg' returned '2': CMAKE_PREFIX_PATH=${CMAKE_PREFIX_PATH}:/home/thales/linorobot2/ros2_ws/install/bringup:/opt/ros/humble /usr/bin/cmake --build /home/thales/linorobot2/ros2_ws/build/hoverboard-driver-pkg -- -j4 -l4
[27.897s] Level 1:colcon.colcon_core.environment:create_environment_scripts_only(hoverboard-driver-pkg)
[27.908s] Level 1:colcon.colcon_core.environment:checking '/home/thales/linorobot2/ros2_ws/install/hoverboard-driver-pkg' for CMake module files
[27.911s] Level 1:colcon.colcon_core.environment:checking '/home/thales/linorobot2/ros2_ws/install/hoverboard-driver-pkg' for CMake config files
[27.913s] Level 1:colcon.colcon_core.shell:create_environment_hook('hoverboard-driver-pkg', 'cmake_prefix_path')
[27.919s] INFO:colcon.colcon_core.shell:Creating environment hook '/home/thales/linorobot2/ros2_ws/install/hoverboard-driver-pkg/share/hoverboard-driver-pkg/hook/cmake_prefix_path.ps1'
[27.921s] INFO:colcon.colcon_core.shell:Creating environment descriptor '/home/thales/linorobot2/ros2_ws/install/hoverboard-driver-pkg/share/hoverboard-driver-pkg/hook/cmake_prefix_path.dsv'
[27.924s] INFO:colcon.colcon_core.shell:Creating environment hook '/home/thales/linorobot2/ros2_ws/install/hoverboard-driver-pkg/share/hoverboard-driver-pkg/hook/cmake_prefix_path.sh'
[27.928s] Level 1:colcon.colcon_core.environment:checking '/home/thales/linorobot2/ros2_ws/install/hoverboard-driver-pkg/lib'
[27.929s] Level 1:colcon.colcon_core.environment:checking '/home/thales/linorobot2/ros2_ws/install/hoverboard-driver-pkg/bin'
[27.929s] Level 1:colcon.colcon_core.environment:checking '/home/thales/linorobot2/ros2_ws/install/hoverboard-driver-pkg/lib/pkgconfig/hoverboard-driver-pkg.pc'
[27.930s] Level 1:colcon.colcon_core.environment:checking '/home/thales/linorobot2/ros2_ws/install/hoverboard-driver-pkg/lib/python3.10/site-packages'
[27.931s] Level 1:colcon.colcon_core.environment:checking '/home/thales/linorobot2/ros2_ws/install/hoverboard-driver-pkg/bin'
[27.938s] INFO:colcon.colcon_core.shell:Creating package script '/home/thales/linorobot2/ros2_ws/install/hoverboard-driver-pkg/share/hoverboard-driver-pkg/package.ps1'
[27.942s] INFO:colcon.colcon_core.shell:Creating package descriptor '/home/thales/linorobot2/ros2_ws/install/hoverboard-driver-pkg/share/hoverboard-driver-pkg/package.dsv'
[27.945s] INFO:colcon.colcon_core.shell:Creating package script '/home/thales/linorobot2/ros2_ws/install/hoverboard-driver-pkg/share/hoverboard-driver-pkg/package.sh'
[27.948s] INFO:colcon.colcon_core.shell:Creating package script '/home/thales/linorobot2/ros2_ws/install/hoverboard-driver-pkg/share/hoverboard-driver-pkg/package.bash'
[27.950s] INFO:colcon.colcon_core.shell:Creating package script '/home/thales/linorobot2/ros2_ws/install/hoverboard-driver-pkg/share/hoverboard-driver-pkg/package.zsh'
[27.952s] Level 1:colcon.colcon_core.environment:create_file_with_runtime_dependencies(/home/thales/linorobot2/ros2_ws/install/hoverboard-driver-pkg/share/colcon-core/packages/hoverboard-driver-pkg)
[27.964s] DEBUG:colcon.colcon_parallel_executor.executor.parallel:closing loop
[27.964s] DEBUG:colcon.colcon_parallel_executor.executor.parallel:loop closed
[27.965s] DEBUG:colcon.colcon_parallel_executor.executor.parallel:run_until_complete finished with '2'
[27.965s] DEBUG:colcon.colcon_core.event_reactor:joining thread
[27.998s] INFO:colcon.colcon_core.plugin_system:Skipping extension 'colcon_notification.desktop_notification.terminal_notifier': Not used on non-Darwin systems
[27.999s] INFO:colcon.colcon_core.plugin_system:Skipping extension 'colcon_notification.desktop_notification.win32': Not used on non-Windows systems
[27.999s] INFO:colcon.colcon_notification.desktop_notification:Sending desktop notification using 'notify2'
[28.058s] DEBUG:colcon.colcon_core.event_reactor:joined thread
[28.066s] INFO:colcon.colcon_core.shell:Creating prefix script '/home/thales/linorobot2/ros2_ws/install/local_setup.ps1'
[28.073s] INFO:colcon.colcon_core.shell:Creating prefix util module '/home/thales/linorobot2/ros2_ws/install/_local_setup_util_ps1.py'
[28.088s] INFO:colcon.colcon_core.shell:Creating prefix chain script '/home/thales/linorobot2/ros2_ws/install/setup.ps1'
[28.100s] INFO:colcon.colcon_core.shell:Creating prefix script '/home/thales/linorobot2/ros2_ws/install/local_setup.sh'
[28.105s] INFO:colcon.colcon_core.shell:Creating prefix util module '/home/thales/linorobot2/ros2_ws/install/_local_setup_util_sh.py'
[28.109s] INFO:colcon.colcon_core.shell:Creating prefix chain script '/home/thales/linorobot2/ros2_ws/install/setup.sh'
[28.121s] INFO:colcon.colcon_core.shell:Creating prefix script '/home/thales/linorobot2/ros2_ws/install/local_setup.bash'
[28.126s] INFO:colcon.colcon_core.shell:Creating prefix chain script '/home/thales/linorobot2/ros2_ws/install/setup.bash'
[28.138s] INFO:colcon.colcon_core.shell:Creating prefix script '/home/thales/linorobot2/ros2_ws/install/local_setup.zsh'
[28.142s] INFO:colcon.colcon_core.shell:Creating prefix chain script '/home/thales/linorobot2/ros2_ws/install/setup.zsh'
