running egg_info
creating ../../build/bringup/bringup.egg-info
writing ../../build/bringup/bringup.egg-info/PKG-INFO
writing dependency_links to ../../build/bringup/bringup.egg-info/dependency_links.txt
writing entry points to ../../build/bringup/bringup.egg-info/entry_points.txt
writing requirements to ../../build/bringup/bringup.egg-info/requires.txt
writing top-level names to ../../build/bringup/bringup.egg-info/top_level.txt
writing manifest file '../../build/bringup/bringup.egg-info/SOURCES.txt'
reading manifest file '../../build/bringup/bringup.egg-info/SOURCES.txt'
writing manifest file '../../build/bringup/bringup.egg-info/SOURCES.txt'
running build
running build_py
creating /home/thales/linorobot2/ros2_ws/build/bringup/build
creating /home/thales/linorobot2/ros2_ws/build/bringup/build/lib
creating /home/thales/linorobot2/ros2_ws/build/bringup/build/lib/bringup
copying bringup/__init__.py -> /home/thales/linorobot2/ros2_ws/build/bringup/build/lib/bringup
running install
/usr/lib/python3/dist-packages/setuptools/command/install.py:34: SetuptoolsDeprecationWarning: setup.py install is deprecated. Use build and pip and other standards-based tools.
  warnings.warn(
running install_lib
creating /home/thales/linorobot2/ros2_ws/install/bringup/lib/python3.10/site-packages/bringup
copying /home/thales/linorobot2/ros2_ws/build/bringup/build/lib/bringup/__init__.py -> /home/thales/linorobot2/ros2_ws/install/bringup/lib/python3.10/site-packages/bringup
byte-compiling /home/thales/linorobot2/ros2_ws/install/bringup/lib/python3.10/site-packages/bringup/__init__.py to __init__.cpython-310.pyc
running install_data
creating /home/thales/linorobot2/ros2_ws/install/bringup/share/ament_index
creating /home/thales/linorobot2/ros2_ws/install/bringup/share/ament_index/resource_index
creating /home/thales/linorobot2/ros2_ws/install/bringup/share/ament_index/resource_index/packages
copying resource/bringup -> /home/thales/linorobot2/ros2_ws/install/bringup/share/ament_index/resource_index/packages
copying package.xml -> /home/thales/linorobot2/ros2_ws/install/bringup/share/bringup
running install_egg_info
Copying ../../build/bringup/bringup.egg-info to /home/thales/linorobot2/ros2_ws/install/bringup/lib/python3.10/site-packages/bringup-0.0.0-py3.10.egg-info
running install_scripts
writing list of installed files to '/home/thales/linorobot2/ros2_ws/build/bringup/install.log'
