[3.513s] Invoking command in '/home/thales/linorobot2/ros2_ws/src/bringup': PYTHONPATH=/home/thales/linorobot2/ros2_ws/build/bringup/prefix_override:/home/thales/linorobot2/ros2_ws/install/bringup/lib/python3.10/site-packages:${PYTHONPATH} /usr/bin/python3 setup.py egg_info --egg-base ../../build/bringup build --build-base /home/thales/linorobot2/ros2_ws/build/bringup/build install --record /home/thales/linorobot2/ros2_ws/build/bringup/install.log --single-version-externally-managed
[4.803s] running egg_info
[4.806s] creating ../../build/bringup/bringup.egg-info
[4.807s] writing ../../build/bringup/bringup.egg-info/PKG-INFO
[4.808s] writing dependency_links to ../../build/bringup/bringup.egg-info/dependency_links.txt
[4.808s] writing entry points to ../../build/bringup/bringup.egg-info/entry_points.txt
[4.809s] writing requirements to ../../build/bringup/bringup.egg-info/requires.txt
[4.809s] writing top-level names to ../../build/bringup/bringup.egg-info/top_level.txt
[4.811s] writing manifest file '../../build/bringup/bringup.egg-info/SOURCES.txt'
[4.819s] reading manifest file '../../build/bringup/bringup.egg-info/SOURCES.txt'
[4.823s] writing manifest file '../../build/bringup/bringup.egg-info/SOURCES.txt'
[4.824s] running build
[4.825s] running build_py
[4.825s] creating /home/thales/linorobot2/ros2_ws/build/bringup/build
[4.826s] creating /home/thales/linorobot2/ros2_ws/build/bringup/build/lib
[4.826s] creating /home/thales/linorobot2/ros2_ws/build/bringup/build/lib/bringup
[4.827s] copying bringup/__init__.py -> /home/thales/linorobot2/ros2_ws/build/bringup/build/lib/bringup
[4.827s] running install
[4.828s] /usr/lib/python3/dist-packages/setuptools/command/install.py:34: SetuptoolsDeprecationWarning: setup.py install is deprecated. Use build and pip and other standards-based tools.
[4.829s]   warnings.warn(
[4.830s] running install_lib
[4.833s] creating /home/thales/linorobot2/ros2_ws/install/bringup/lib/python3.10/site-packages/bringup
[4.834s] copying /home/thales/linorobot2/ros2_ws/build/bringup/build/lib/bringup/__init__.py -> /home/thales/linorobot2/ros2_ws/install/bringup/lib/python3.10/site-packages/bringup
[4.837s] byte-compiling /home/thales/linorobot2/ros2_ws/install/bringup/lib/python3.10/site-packages/bringup/__init__.py to __init__.cpython-310.pyc
[4.838s] running install_data
[4.841s] creating /home/thales/linorobot2/ros2_ws/install/bringup/share/ament_index
[4.841s] creating /home/thales/linorobot2/ros2_ws/install/bringup/share/ament_index/resource_index
[4.842s] creating /home/thales/linorobot2/ros2_ws/install/bringup/share/ament_index/resource_index/packages
[4.842s] copying resource/bringup -> /home/thales/linorobot2/ros2_ws/install/bringup/share/ament_index/resource_index/packages
[4.843s] copying package.xml -> /home/thales/linorobot2/ros2_ws/install/bringup/share/bringup
[4.843s] running install_egg_info
[4.851s] Copying ../../build/bringup/bringup.egg-info to /home/thales/linorobot2/ros2_ws/install/bringup/lib/python3.10/site-packages/bringup-0.0.0-py3.10.egg-info
[4.857s] running install_scripts
[4.955s] writing list of installed files to '/home/thales/linorobot2/ros2_ws/build/bringup/install.log'
[5.095s] Invoked command in '/home/thales/linorobot2/ros2_ws/src/bringup' returned '0': PYTHONPATH=/home/thales/linorobot2/ros2_ws/build/bringup/prefix_override:/home/thales/linorobot2/ros2_ws/install/bringup/lib/python3.10/site-packages:${PYTHONPATH} /usr/bin/python3 setup.py egg_info --egg-base ../../build/bringup build --build-base /home/thales/linorobot2/ros2_ws/build/bringup/build install --record /home/thales/linorobot2/ros2_ws/build/bringup/install.log --single-version-externally-managed
