[35m[1mConsolidate compiler generated dependencies of target hoverboard-driver[0m
[ 50%] [32mBuilding CXX object CMakeFiles/hoverboard-driver.dir/src/main.cpp.o[0m
[01m[K/home/thales/linorobot2/ros2_ws/src/hoverboard-driver-pkg/src/main.cpp:[m[K In constructor ‘[01m[Kdriver_node::driver_node()[m[K’:
[01m[K/home/thales/linorobot2/ros2_ws/src/hoverboard-driver-pkg/src/main.cpp:31:70:[m[K [01;31m[Kerror: [m[Kno matching function for call to ‘[01m[Kdriver_node::create_publisher<nav_msgs::msg::Odometry>(const char [6], rmw_qos_profile_t&)[m[K’
   31 | m_pub = [01;31m[Kcreate_publisher<nav_msgs::msg::Odometry>([m[K
      |         [01;31m[K~~~~~~~~~~~~~~~~~~~~~~~~~~~~~~~~~~~~~~~~~^[m[K

   32 |     [01;31m[K"/odom",[m[K
      |     [01;31m[K~~~~~~~~[m[K                                      

   33 |     [01;31m[Kodom_qos_profile[m[K
      |     [01;31m[K~~~~~~~~~~~~~~~~[m[K                              

   34 | 
      |                                                   

In file included from [01m[K/opt/ros/humble/include/rclcpp/rclcpp/executors/single_threaded_executor.hpp:28[m[K,
                 from [01m[K/opt/ros/humble/include/rclcpp/rclcpp/executors.hpp:22[m[K,
                 from [01m[K/opt/ros/humble/include/rclcpp/rclcpp/rclcpp.hpp:155[m[K,
                 from [01m[K/home/thales/linorobot2/ros2_ws/src/hoverboard-driver-pkg/src/main.cpp:1[m[K:
[01m[K/opt/ros/humble/include/rclcpp/rclcpp/node.hpp:195:3:[m[K [01;36m[Knote: [m[Kcandidate: ‘[01m[Ktemplate<class MessageT, class AllocatorT, class PublisherT> std::shared_ptr<PublisherT> rclcpp::Node::create_publisher(const string&, const rclcpp::QoS&, const rclcpp::PublisherOptionsWithAllocator<AllocatorT>&)[m[K’
  195 |   [01;36m[Kcreate_publisher[m[K(
      |   [01;36m[K^~~~~~~~~~~~~~~~[m[K
[01m[K/opt/ros/humble/include/rclcpp/rclcpp/node.hpp:195:3:[m[K [01;36m[Knote: [m[K  template argument deduction/substitution failed:
[01m[K/home/thales/linorobot2/ros2_ws/src/hoverboard-driver-pkg/src/main.cpp:33:25:[m[K [01;36m[Knote: [m[K  cannot convert ‘[01m[Kodom_qos_profile[m[K’ (type ‘[01m[Krmw_qos_profile_t[m[K’ {aka ‘[01m[Krmw_qos_profile_s[m[K’}) to type ‘[01m[Kconst rclcpp::QoS&[m[K’
   33 |                         [01;36m[Kodom_qos_profile[m[K
      |                         [01;36m[K^~~~~~~~~~~~~~~~[m[K
gmake[2]: *** [CMakeFiles/hoverboard-driver.dir/build.make:76: CMakeFiles/hoverboard-driver.dir/src/main.cpp.o] Error 1
gmake[1]: *** [CMakeFiles/Makefile2:137: CMakeFiles/hoverboard-driver.dir/all] Error 2
gmake: *** [Makefile:146: all] Error 2
