[0.107s] Invoking command in '/home/thales/linorobot2/ros2_ws/build/my_robot_bringup': CMAKE_PREFIX_PATH=${CMAKE_PREFIX_PATH}:/home/thales/linorobot2/ros2_ws/install/bringup:/opt/ros/humble /usr/bin/cmake --build /home/thales/linorobot2/ros2_ws/build/my_robot_bringup -- -j4 -l4
[0.290s] Invoked command in '/home/thales/linorobot2/ros2_ws/build/my_robot_bringup' returned '0': CMAKE_PREFIX_PATH=${CMAKE_PREFIX_PATH}:/home/thales/linorobot2/ros2_ws/install/bringup:/opt/ros/humble /usr/bin/cmake --build /home/thales/linorobot2/ros2_ws/build/my_robot_bringup -- -j4 -l4
[0.487s] Invoking command in '/home/thales/linorobot2/ros2_ws/build/my_robot_bringup': CMAKE_PREFIX_PATH=${CMAKE_PREFIX_PATH}:/home/thales/linorobot2/ros2_ws/install/bringup:/opt/ros/humble /usr/bin/cmake --install /home/thales/linorobot2/ros2_ws/build/my_robot_bringup
[0.534s] -- Install configuration: ""
[0.535s] -- Up-to-date: /home/thales/linorobot2/ros2_ws/install/my_robot_bringup/share/my_robot_bringup/launch
[0.536s] -- Up-to-date: /home/thales/linorobot2/ros2_ws/install/my_robot_bringup/share/my_robot_bringup/launch/bringup.launch.py
[0.537s] -- Up-to-date: /home/thales/linorobot2/ros2_ws/install/my_robot_bringup/share/my_robot_bringup/launch/display.launch.py
[0.537s] -- Up-to-date: /home/thales/linorobot2/ros2_ws/install/my_robot_bringup/share/my_robot_bringup/rviz
[0.538s] -- Up-to-date: /home/thales/linorobot2/ros2_ws/install/my_robot_bringup/share/my_robot_bringup/rviz/urdf.rviz
[0.539s] -- Up-to-date: /home/thales/linorobot2/ros2_ws/install/my_robot_bringup/share/my_robot_bringup/urdf
[0.539s] -- Up-to-date: /home/thales/linorobot2/ros2_ws/install/my_robot_bringup/share/my_robot_bringup/urdf/my_robot.xacro
[0.540s] -- Up-to-date: /home/thales/linorobot2/ros2_ws/install/my_robot_bringup/share/my_robot_bringup/urdf/my_robot.urdf
[0.540s] -- Up-to-date: /home/thales/linorobot2/ros2_ws/install/my_robot_bringup/share/my_robot_bringup/config
[0.541s] -- Up-to-date: /home/thales/linorobot2/ros2_ws/install/my_robot_bringup/share/my_robot_bringup/config/gamepad.config.yaml
[0.542s] -- Up-to-date: /home/thales/linorobot2/ros2_ws/install/my_robot_bringup/share/ament_index/resource_index/package_run_dependencies/my_robot_bringup
[0.542s] -- Up-to-date: /home/thales/linorobot2/ros2_ws/install/my_robot_bringup/share/ament_index/resource_index/parent_prefix_path/my_robot_bringup
[0.543s] -- Up-to-date: /home/thales/linorobot2/ros2_ws/install/my_robot_bringup/share/my_robot_bringup/environment/ament_prefix_path.sh
[0.543s] -- Up-to-date: /home/thales/linorobot2/ros2_ws/install/my_robot_bringup/share/my_robot_bringup/environment/ament_prefix_path.dsv
[0.546s] -- Up-to-date: /home/thales/linorobot2/ros2_ws/install/my_robot_bringup/share/my_robot_bringup/environment/path.sh
[0.547s] -- Up-to-date: /home/thales/linorobot2/ros2_ws/install/my_robot_bringup/share/my_robot_bringup/environment/path.dsv
[0.547s] -- Up-to-date: /home/thales/linorobot2/ros2_ws/install/my_robot_bringup/share/my_robot_bringup/local_setup.bash
[0.548s] -- Up-to-date: /home/thales/linorobot2/ros2_ws/install/my_robot_bringup/share/my_robot_bringup/local_setup.sh
[0.548s] -- Up-to-date: /home/thales/linorobot2/ros2_ws/install/my_robot_bringup/share/my_robot_bringup/local_setup.zsh
[0.549s] -- Up-to-date: /home/thales/linorobot2/ros2_ws/install/my_robot_bringup/share/my_robot_bringup/local_setup.dsv
[0.550s] -- Installing: /home/thales/linorobot2/ros2_ws/install/my_robot_bringup/share/my_robot_bringup/package.dsv
[0.551s] -- Up-to-date: /home/thales/linorobot2/ros2_ws/install/my_robot_bringup/share/ament_index/resource_index/packages/my_robot_bringup
[0.552s] -- Up-to-date: /home/thales/linorobot2/ros2_ws/install/my_robot_bringup/share/my_robot_bringup/cmake/my_robot_bringupConfig.cmake
[0.553s] -- Up-to-date: /home/thales/linorobot2/ros2_ws/install/my_robot_bringup/share/my_robot_bringup/cmake/my_robot_bringupConfig-version.cmake
[0.561s] -- Up-to-date: /home/thales/linorobot2/ros2_ws/install/my_robot_bringup/share/my_robot_bringup/package.xml
[0.562s] Invoked command in '/home/thales/linorobot2/ros2_ws/build/my_robot_bringup' returned '0': CMAKE_PREFIX_PATH=${CMAKE_PREFIX_PATH}:/home/thales/linorobot2/ros2_ws/install/bringup:/opt/ros/humble /usr/bin/cmake --install /home/thales/linorobot2/ros2_ws/build/my_robot_bringup
