[01m[K/home/thales/linorobot2/ros2_ws/src/hoverboard-driver-pkg/src/main.cpp:[m[K In constructor ‘[01m[Kdriver_node::driver_node()[m[K’:
[01m[K/home/thales/linorobot2/ros2_ws/src/hoverboard-driver-pkg/src/main.cpp:11:78:[m[K [01;31m[Kerror: [m[Kno matching function for call to ‘[01m[Kdriver_node::create_subscription<geometry_msgs::msg::Twist>(const char [9], std::_Bind_helper<false, void (driver_node::*)(std::shared_ptr<geometry_msgs::msg::Twist_<std::allocator<void> > >), driver_node*, const std::_Placeholder<1>&>::type)[m[K’
   11 |                 _cmd_vel_sub = [01;31m[Kcreate_subscription<geometry_msgs::msg::Twist>([m[K
      |                                [01;31m[K~~~~~~~~~~~~~~~~~~~~~~~~~~~~~~~~~~~~~~~~~~~~~~^[m[K
   12 | [01;31m[K                        "/cmd_vel",[m[K
      |                         [01;31m[K~~~~~~~~~~~[m[K                                           
   13 | [01;31m[K                        std::bind(&driver_node::_cmd_vel_callback, this, std::placeholders::_1)[m[K
      |                         [01;31m[K~~~~~~~~~~~~~~~~~~~~~~~~~~~~~~~~~~~~~~~~~~~~~~~~~~~~~~~~~~~~~~~~~~~~~~~[m[K
   14 | [01;31m[K                )[m[K;
      |                 [01;31m[K~[m[K                                                             
In file included from [01m[K/opt/ros/humble/include/rclcpp/rclcpp/executors/single_threaded_executor.hpp:28[m[K,
                 from [01m[K/opt/ros/humble/include/rclcpp/rclcpp/executors.hpp:22[m[K,
                 from [01m[K/opt/ros/humble/include/rclcpp/rclcpp/rclcpp.hpp:155[m[K,
                 from [01m[K/home/thales/linorobot2/ros2_ws/src/hoverboard-driver-pkg/src/main.cpp:1[m[K:
[01m[K/opt/ros/humble/include/rclcpp/rclcpp/node.hpp:219:3:[m[K [01;36m[Knote: [m[Kcandidate: ‘[01m[Ktemplate<class MessageT, class CallbackT, class AllocatorT, class SubscriptionT, class MessageMemoryStrategyT> std::shared_ptr<ROSMessageT> rclcpp::Node::create_subscription(const string&, const rclcpp::QoS&, CallbackT&&, const rclcpp::SubscriptionOptionsWithAllocator<AllocatorT>&, typename MessageMemoryStrategyT::SharedPtr)[m[K’
  219 |   [01;36m[Kcreate_subscription[m[K(
      |   [01;36m[K^~~~~~~~~~~~~~~~~~~[m[K
[01m[K/opt/ros/humble/include/rclcpp/rclcpp/node.hpp:219:3:[m[K [01;36m[Knote: [m[K  template argument deduction/substitution failed:
[01m[K/home/thales/linorobot2/ros2_ws/src/hoverboard-driver-pkg/src/main.cpp:11:78:[m[K [01;36m[Knote: [m[K  candidate expects 5 arguments, 2 provided
   11 |                 _cmd_vel_sub = [01;36m[Kcreate_subscription<geometry_msgs::msg::Twist>([m[K
      |                                [01;36m[K~~~~~~~~~~~~~~~~~~~~~~~~~~~~~~~~~~~~~~~~~~~~~~^[m[K
   12 | [01;36m[K                        "/cmd_vel",[m[K
      |                         [01;36m[K~~~~~~~~~~~[m[K                                           
   13 | [01;36m[K                        std::bind(&driver_node::_cmd_vel_callback, this, std::placeholders::_1)[m[K
      |                         [01;36m[K~~~~~~~~~~~~~~~~~~~~~~~~~~~~~~~~~~~~~~~~~~~~~~~~~~~~~~~~~~~~~~~~~~~~~~~[m[K
   14 | [01;36m[K                )[m[K;
      |                 [01;36m[K~[m[K                                                             
[01m[K/home/thales/linorobot2/ros2_ws/src/hoverboard-driver-pkg/src/main.cpp:[m[K In member function ‘[01m[Kvoid driver_node::_cmd_vel_callback(std::shared_ptr<geometry_msgs::msg::Twist_<std::allocator<void> > >)[m[K’:
[01m[K/home/thales/linorobot2/ros2_ws/src/hoverboard-driver-pkg/src/main.cpp:20:81:[m[K [01;35m[Kwarning: [m[Kunused parameter ‘[01m[Kmsg[m[K’ [[01;35m[K]8;;https://gcc.gnu.org/onlinedocs/gcc/Warning-Options.html#index-Wunused-parameter-Wunused-parameter]8;;[m[K]
   20 |         void _cmd_vel_callback([01;35m[Kconst std::shared_ptr<geometry_msgs::msg::Twist> msg[m[K) //, const std::string & key)
      |                                [01;35m[K~~~~~~~~~~~~~~~~~~~~~~~~~~~~~~~~~~~~~~~~~~~~~~~~~^~~[m[K
gmake[2]: *** [CMakeFiles/hoverboard-driver.dir/build.make:76: CMakeFiles/hoverboard-driver.dir/src/main.cpp.o] Error 1
gmake[1]: *** [CMakeFiles/Makefile2:137: CMakeFiles/hoverboard-driver.dir/all] Error 2
gmake: *** [Makefile:146: all] Error 2
