[0.165s] Invoking command in '/home/thales/linorobot2/ros2_ws/build/hoverboard-driver-pkg': CMAKE_PREFIX_PATH=${CMAKE_PREFIX_PATH}:/home/thales/linorobot2/ros2_ws/install/bringup:/opt/ros/humble /usr/bin/cmake --build /home/thales/linorobot2/ros2_ws/build/hoverboard-driver-pkg -- -j4 -l4
[0.489s] [35m[1mConsolidate compiler generated dependencies of target hoverboard-driver[0m
[0.596s] [ 50%] [32mBuilding CXX object CMakeFiles/hoverboard-driver.dir/src/main.cpp.o[0m
[13.181s] [01m[K/home/thales/linorobot2/ros2_ws/src/hoverboard-driver-pkg/src/main.cpp:[m[K In constructor ‘[01m[Kdriver_node::driver_node()[m[K’:
[13.182s] [01m[K/home/thales/linorobot2/ros2_ws/src/hoverboard-driver-pkg/src/main.cpp:11:78:[m[K [01;31m[Kerror: [m[Kno matching function for call to ‘[01m[Kdriver_node::create_subscription<geometry_msgs::msg::Twist>(const char [9], std::_Bind_helper<false, void (driver_node::*)(std::shared_ptr<geometry_msgs::msg::Twist_<std::allocator<void> > >), driver_node*, const std::_Placeholder<1>&>::type)[m[K’
[13.182s]    11 |                 _cmd_vel_sub = [01;31m[Kcreate_subscription<geometry_msgs::msg::Twist>([m[K
[13.183s]       |                                [01;31m[K~~~~~~~~~~~~~~~~~~~~~~~~~~~~~~~~~~~~~~~~~~~~~~^[m[K
[13.183s]    12 | [01;31m[K                        "/cmd_vel",[m[K
[13.183s]       |                         [01;31m[K~~~~~~~~~~~[m[K                                           
[13.184s]    13 | [01;31m[K                        std::bind(&driver_node::_cmd_vel_callback, this, std::placeholders::_1)[m[K
[13.184s]       |                         [01;31m[K~~~~~~~~~~~~~~~~~~~~~~~~~~~~~~~~~~~~~~~~~~~~~~~~~~~~~~~~~~~~~~~~~~~~~~~[m[K
[13.184s]    14 | [01;31m[K                )[m[K;
[13.185s]       |                 [01;31m[K~[m[K                                                             
[13.186s] In file included from [01m[K/opt/ros/humble/include/rclcpp/rclcpp/executors/single_threaded_executor.hpp:28[m[K,
[13.186s]                  from [01m[K/opt/ros/humble/include/rclcpp/rclcpp/executors.hpp:22[m[K,
[13.187s]                  from [01m[K/opt/ros/humble/include/rclcpp/rclcpp/rclcpp.hpp:155[m[K,
[13.187s]                  from [01m[K/home/thales/linorobot2/ros2_ws/src/hoverboard-driver-pkg/src/main.cpp:1[m[K:
[13.188s] [01m[K/opt/ros/humble/include/rclcpp/rclcpp/node.hpp:219:3:[m[K [01;36m[Knote: [m[Kcandidate: ‘[01m[Ktemplate<class MessageT, class CallbackT, class AllocatorT, class SubscriptionT, class MessageMemoryStrategyT> std::shared_ptr<ROSMessageT> rclcpp::Node::create_subscription(const string&, const rclcpp::QoS&, CallbackT&&, const rclcpp::SubscriptionOptionsWithAllocator<AllocatorT>&, typename MessageMemoryStrategyT::SharedPtr)[m[K’
[13.188s]   219 |   [01;36m[Kcreate_subscription[m[K(
[13.188s]       |   [01;36m[K^~~~~~~~~~~~~~~~~~~[m[K
[13.189s] [01m[K/opt/ros/humble/include/rclcpp/rclcpp/node.hpp:219:3:[m[K [01;36m[Knote: [m[K  template argument deduction/substitution failed:
[13.189s] [01m[K/home/thales/linorobot2/ros2_ws/src/hoverboard-driver-pkg/src/main.cpp:11:78:[m[K [01;36m[Knote: [m[K  candidate expects 5 arguments, 2 provided
[13.190s]    11 |                 _cmd_vel_sub = [01;36m[Kcreate_subscription<geometry_msgs::msg::Twist>([m[K
[13.190s]       |                                [01;36m[K~~~~~~~~~~~~~~~~~~~~~~~~~~~~~~~~~~~~~~~~~~~~~~^[m[K
[13.191s]    12 | [01;36m[K                        "/cmd_vel",[m[K
[13.191s]       |                         [01;36m[K~~~~~~~~~~~[m[K                                           
[13.192s]    13 | [01;36m[K                        std::bind(&driver_node::_cmd_vel_callback, this, std::placeholders::_1)[m[K
[13.192s]       |                         [01;36m[K~~~~~~~~~~~~~~~~~~~~~~~~~~~~~~~~~~~~~~~~~~~~~~~~~~~~~~~~~~~~~~~~~~~~~~~[m[K
[13.193s]    14 | [01;36m[K                )[m[K;
[13.193s]       |                 [01;36m[K~[m[K                                                             
[13.198s] [01m[K/home/thales/linorobot2/ros2_ws/src/hoverboard-driver-pkg/src/main.cpp:[m[K In member function ‘[01m[Kvoid driver_node::_cmd_vel_callback(std::shared_ptr<geometry_msgs::msg::Twist_<std::allocator<void> > >)[m[K’:
[13.198s] [01m[K/home/thales/linorobot2/ros2_ws/src/hoverboard-driver-pkg/src/main.cpp:20:81:[m[K [01;35m[Kwarning: [m[Kunused parameter ‘[01m[Kmsg[m[K’ [[01;35m[K]8;;https://gcc.gnu.org/onlinedocs/gcc/Warning-Options.html#index-Wunused-parameter-Wunused-parameter]8;;[m[K]
[13.199s]    20 |         void _cmd_vel_callback([01;35m[Kconst std::shared_ptr<geometry_msgs::msg::Twist> msg[m[K) //, const std::string & key)
[13.199s]       |                                [01;35m[K~~~~~~~~~~~~~~~~~~~~~~~~~~~~~~~~~~~~~~~~~~~~~~~~~^~~[m[K
[15.329s] gmake[2]: *** [CMakeFiles/hoverboard-driver.dir/build.make:76: CMakeFiles/hoverboard-driver.dir/src/main.cpp.o] Error 1
[15.331s] gmake[1]: *** [CMakeFiles/Makefile2:137: CMakeFiles/hoverboard-driver.dir/all] Error 2
[15.331s] gmake: *** [Makefile:146: all] Error 2
[15.340s] Invoked command in '/home/thales/linorobot2/ros2_ws/build/hoverboard-driver-pkg' returned '2': CMAKE_PREFIX_PATH=${CMAKE_PREFIX_PATH}:/home/thales/linorobot2/ros2_ws/install/bringup:/opt/ros/humble /usr/bin/cmake --build /home/thales/linorobot2/ros2_ws/build/hoverboard-driver-pkg -- -j4 -l4
