[1.989s] DEBUG:colcon:Command line arguments: ['/usr/bin/colcon', 'build']
[1.990s] DEBUG:colcon:Parsed command line arguments: Namespace(log_base=None, log_level=None, verb_name='build', build_base='build', install_base='install', merge_install=False, symlink_install=False, test_result_base=None, continue_on_error=False, executor='parallel', parallel_workers=4, event_handlers=None, ignore_user_meta=False, metas=['./colcon.meta'], base_paths=['.'], packages_ignore=None, packages_ignore_regex=None, paths=None, packages_up_to=None, packages_up_to_regex=None, packages_above=None, packages_above_and_dependencies=None, packages_above_depth=None, packages_select_by_dep=None, packages_skip_by_dep=None, packages_skip_up_to=None, packages_select_build_failed=False, packages_skip_build_finished=False, packages_select_test_failures=False, packages_skip_test_passed=False, packages_select=None, packages_skip=None, packages_select_regex=None, packages_skip_regex=None, packages_start=None, packages_end=None, allow_overriding=[], cmake_args=None, cmake_target=None, cmake_target_skip_unavailable=False, cmake_clean_cache=False, cmake_clean_first=False, cmake_force_configure=False, ament_cmake_args=None, catkin_cmake_args=None, catkin_skip_building_tests=False, verb_parser=<colcon_defaults.argument_parser.defaults.DefaultArgumentsDecorator object at 0xffff971b9f30>, verb_extension=<colcon_core.verb.build.BuildVerb object at 0xffff971b99c0>, main=<bound method BuildVerb.main of <colcon_core.verb.build.BuildVerb object at 0xffff971b99c0>>)
[2.212s] Level 1:colcon.colcon_core.package_discovery:discover_packages(colcon_meta) check parameters
[2.214s] Level 1:colcon.colcon_core.package_discovery:discover_packages(recursive) check parameters
[2.220s] Level 1:colcon.colcon_core.package_discovery:discover_packages(ignore) check parameters
[2.221s] Level 1:colcon.colcon_core.package_discovery:discover_packages(path) check parameters
[2.221s] Level 1:colcon.colcon_core.package_discovery:discover_packages(colcon_meta) discover
[2.222s] Level 1:colcon.colcon_core.package_discovery:discover_packages(recursive) discover
[2.223s] INFO:colcon.colcon_core.package_discovery:Crawling recursively for packages in '/home/thales/linorobot2/ros2_ws'
[2.225s] Level 1:colcon.colcon_core.package_identification:_identify(.) by extensions ['ignore', 'ignore_ament_install']
[2.236s] Level 1:colcon.colcon_core.package_identification:_identify(.) by extension 'ignore'
[2.237s] Level 1:colcon.colcon_core.package_identification:_identify(.) by extension 'ignore_ament_install'
[2.238s] Level 1:colcon.colcon_core.package_identification:_identify(.) by extensions ['colcon_pkg']
[2.238s] Level 1:colcon.colcon_core.package_identification:_identify(.) by extension 'colcon_pkg'
[2.239s] Level 1:colcon.colcon_core.package_identification:_identify(.) by extensions ['colcon_meta']
[2.239s] Level 1:colcon.colcon_core.package_identification:_identify(.) by extension 'colcon_meta'
[2.240s] Level 1:colcon.colcon_core.package_identification:_identify(.) by extensions ['ros']
[2.240s] Level 1:colcon.colcon_core.package_identification:_identify(.) by extension 'ros'
[2.314s] Level 1:colcon.colcon_core.package_identification:_identify(.) by extensions ['cmake', 'python']
[2.314s] Level 1:colcon.colcon_core.package_identification:_identify(.) by extension 'cmake'
[2.315s] Level 1:colcon.colcon_core.package_identification:_identify(.) by extension 'python'
[2.315s] Level 1:colcon.colcon_core.package_identification:_identify(.) by extensions ['python_setup_py']
[2.316s] Level 1:colcon.colcon_core.package_identification:_identify(.) by extension 'python_setup_py'
[2.317s] Level 1:colcon.colcon_core.package_identification:_identify(build) by extensions ['ignore', 'ignore_ament_install']
[2.317s] Level 1:colcon.colcon_core.package_identification:_identify(build) by extension 'ignore'
[2.318s] Level 1:colcon.colcon_core.package_identification:_identify(build) ignored
[2.319s] Level 1:colcon.colcon_core.package_identification:_identify(install) by extensions ['ignore', 'ignore_ament_install']
[2.320s] Level 1:colcon.colcon_core.package_identification:_identify(install) by extension 'ignore'
[2.320s] Level 1:colcon.colcon_core.package_identification:_identify(install) ignored
[2.322s] Level 1:colcon.colcon_core.package_identification:_identify(log) by extensions ['ignore', 'ignore_ament_install']
[2.323s] Level 1:colcon.colcon_core.package_identification:_identify(log) by extension 'ignore'
[2.324s] Level 1:colcon.colcon_core.package_identification:_identify(log) ignored
[2.325s] Level 1:colcon.colcon_core.package_identification:_identify(src) by extensions ['ignore', 'ignore_ament_install']
[2.327s] Level 1:colcon.colcon_core.package_identification:_identify(src) by extension 'ignore'
[2.328s] Level 1:colcon.colcon_core.package_identification:_identify(src) by extension 'ignore_ament_install'
[2.329s] Level 1:colcon.colcon_core.package_identification:_identify(src) by extensions ['colcon_pkg']
[2.330s] Level 1:colcon.colcon_core.package_identification:_identify(src) by extension 'colcon_pkg'
[2.331s] Level 1:colcon.colcon_core.package_identification:_identify(src) by extensions ['colcon_meta']
[2.331s] Level 1:colcon.colcon_core.package_identification:_identify(src) by extension 'colcon_meta'
[2.332s] Level 1:colcon.colcon_core.package_identification:_identify(src) by extensions ['ros']
[2.333s] Level 1:colcon.colcon_core.package_identification:_identify(src) by extension 'ros'
[2.334s] Level 1:colcon.colcon_core.package_identification:_identify(src) by extensions ['cmake', 'python']
[2.335s] Level 1:colcon.colcon_core.package_identification:_identify(src) by extension 'cmake'
[2.335s] Level 1:colcon.colcon_core.package_identification:_identify(src) by extension 'python'
[2.336s] Level 1:colcon.colcon_core.package_identification:_identify(src) by extensions ['python_setup_py']
[2.337s] Level 1:colcon.colcon_core.package_identification:_identify(src) by extension 'python_setup_py'
[2.338s] Level 1:colcon.colcon_core.package_identification:_identify(src/hoverboard-driver-pkg) by extensions ['ignore', 'ignore_ament_install']
[2.339s] Level 1:colcon.colcon_core.package_identification:_identify(src/hoverboard-driver-pkg) by extension 'ignore'
[2.341s] Level 1:colcon.colcon_core.package_identification:_identify(src/hoverboard-driver-pkg) by extension 'ignore_ament_install'
[2.342s] Level 1:colcon.colcon_core.package_identification:_identify(src/hoverboard-driver-pkg) by extensions ['colcon_pkg']
[2.343s] Level 1:colcon.colcon_core.package_identification:_identify(src/hoverboard-driver-pkg) by extension 'colcon_pkg'
[2.345s] Level 1:colcon.colcon_core.package_identification:_identify(src/hoverboard-driver-pkg) by extensions ['colcon_meta']
[2.345s] Level 1:colcon.colcon_core.package_identification:_identify(src/hoverboard-driver-pkg) by extension 'colcon_meta'
[2.347s] Level 1:colcon.colcon_core.package_identification:_identify(src/hoverboard-driver-pkg) by extensions ['ros']
[2.347s] Level 1:colcon.colcon_core.package_identification:_identify(src/hoverboard-driver-pkg) by extension 'ros'
[2.373s] DEBUG:colcon.colcon_core.package_identification:Package 'src/hoverboard-driver-pkg' with type 'ros.ament_cmake' and name 'hoverboard-driver-pkg'
[2.374s] Level 1:colcon.colcon_core.package_identification:_identify(src/my_robot_bringup) by extensions ['ignore', 'ignore_ament_install']
[2.375s] Level 1:colcon.colcon_core.package_identification:_identify(src/my_robot_bringup) by extension 'ignore'
[2.376s] Level 1:colcon.colcon_core.package_identification:_identify(src/my_robot_bringup) by extension 'ignore_ament_install'
[2.377s] Level 1:colcon.colcon_core.package_identification:_identify(src/my_robot_bringup) by extensions ['colcon_pkg']
[2.377s] Level 1:colcon.colcon_core.package_identification:_identify(src/my_robot_bringup) by extension 'colcon_pkg'
[2.378s] Level 1:colcon.colcon_core.package_identification:_identify(src/my_robot_bringup) by extensions ['colcon_meta']
[2.378s] Level 1:colcon.colcon_core.package_identification:_identify(src/my_robot_bringup) by extension 'colcon_meta'
[2.379s] Level 1:colcon.colcon_core.package_identification:_identify(src/my_robot_bringup) by extensions ['ros']
[2.380s] Level 1:colcon.colcon_core.package_identification:_identify(src/my_robot_bringup) by extension 'ros'
[2.388s] DEBUG:colcon.colcon_core.package_identification:Package 'src/my_robot_bringup' with type 'ros.ament_cmake' and name 'my_robot_bringup'
[2.389s] Level 1:colcon.colcon_core.package_discovery:discover_packages(recursive) using defaults
[2.390s] Level 1:colcon.colcon_core.package_discovery:discover_packages(ignore) discover
[2.390s] Level 1:colcon.colcon_core.package_discovery:discover_packages(ignore) using defaults
[2.391s] Level 1:colcon.colcon_core.package_discovery:discover_packages(path) discover
[2.391s] Level 1:colcon.colcon_core.package_discovery:discover_packages(path) using defaults
[2.579s] Level 1:colcon.colcon_core.package_discovery:discover_packages(prefix_path) check parameters
[2.580s] Level 1:colcon.colcon_core.package_discovery:discover_packages(prefix_path) discover
[2.608s] DEBUG:colcon.colcon_installed_package_information.package_discovery:Found 3 installed packages in /home/thales/linorobot2/ros2_ws/install
[2.626s] DEBUG:colcon.colcon_installed_package_information.package_discovery:Found 270 installed packages in /opt/ros/humble
[2.636s] Level 1:colcon.colcon_core.package_discovery:discover_packages(prefix_path) using defaults
[3.046s] Level 5:colcon.colcon_core.verb:set package 'hoverboard-driver-pkg' build argument 'cmake_args' from command line to 'None'
[3.046s] Level 5:colcon.colcon_core.verb:set package 'hoverboard-driver-pkg' build argument 'cmake_target' from command line to 'None'
[3.047s] Level 5:colcon.colcon_core.verb:set package 'hoverboard-driver-pkg' build argument 'cmake_target_skip_unavailable' from command line to 'False'
[3.047s] Level 5:colcon.colcon_core.verb:set package 'hoverboard-driver-pkg' build argument 'cmake_clean_cache' from command line to 'False'
[3.047s] Level 5:colcon.colcon_core.verb:set package 'hoverboard-driver-pkg' build argument 'cmake_clean_first' from command line to 'False'
[3.047s] Level 5:colcon.colcon_core.verb:set package 'hoverboard-driver-pkg' build argument 'cmake_force_configure' from command line to 'False'
[3.047s] Level 5:colcon.colcon_core.verb:set package 'hoverboard-driver-pkg' build argument 'ament_cmake_args' from command line to 'None'
[3.047s] Level 5:colcon.colcon_core.verb:set package 'hoverboard-driver-pkg' build argument 'catkin_cmake_args' from command line to 'None'
[3.047s] Level 5:colcon.colcon_core.verb:set package 'hoverboard-driver-pkg' build argument 'catkin_skip_building_tests' from command line to 'False'
[3.048s] DEBUG:colcon.colcon_core.verb:Building package 'hoverboard-driver-pkg' with the following arguments: {'ament_cmake_args': None, 'build_base': '/home/thales/linorobot2/ros2_ws/build/hoverboard-driver-pkg', 'catkin_cmake_args': None, 'catkin_skip_building_tests': False, 'cmake_args': None, 'cmake_clean_cache': False, 'cmake_clean_first': False, 'cmake_force_configure': False, 'cmake_target': None, 'cmake_target_skip_unavailable': False, 'install_base': '/home/thales/linorobot2/ros2_ws/install/hoverboard-driver-pkg', 'merge_install': False, 'path': '/home/thales/linorobot2/ros2_ws/src/hoverboard-driver-pkg', 'symlink_install': False, 'test_result_base': None}
[3.052s] Level 5:colcon.colcon_core.verb:set package 'my_robot_bringup' build argument 'cmake_args' from command line to 'None'
[3.053s] Level 5:colcon.colcon_core.verb:set package 'my_robot_bringup' build argument 'cmake_target' from command line to 'None'
[3.053s] Level 5:colcon.colcon_core.verb:set package 'my_robot_bringup' build argument 'cmake_target_skip_unavailable' from command line to 'False'
[3.053s] Level 5:colcon.colcon_core.verb:set package 'my_robot_bringup' build argument 'cmake_clean_cache' from command line to 'False'
[3.053s] Level 5:colcon.colcon_core.verb:set package 'my_robot_bringup' build argument 'cmake_clean_first' from command line to 'False'
[3.053s] Level 5:colcon.colcon_core.verb:set package 'my_robot_bringup' build argument 'cmake_force_configure' from command line to 'False'
[3.053s] Level 5:colcon.colcon_core.verb:set package 'my_robot_bringup' build argument 'ament_cmake_args' from command line to 'None'
[3.054s] Level 5:colcon.colcon_core.verb:set package 'my_robot_bringup' build argument 'catkin_cmake_args' from command line to 'None'
[3.054s] Level 5:colcon.colcon_core.verb:set package 'my_robot_bringup' build argument 'catkin_skip_building_tests' from command line to 'False'
[3.054s] DEBUG:colcon.colcon_core.verb:Building package 'my_robot_bringup' with the following arguments: {'ament_cmake_args': None, 'build_base': '/home/thales/linorobot2/ros2_ws/build/my_robot_bringup', 'catkin_cmake_args': None, 'catkin_skip_building_tests': False, 'cmake_args': None, 'cmake_clean_cache': False, 'cmake_clean_first': False, 'cmake_force_configure': False, 'cmake_target': None, 'cmake_target_skip_unavailable': False, 'install_base': '/home/thales/linorobot2/ros2_ws/install/my_robot_bringup', 'merge_install': False, 'path': '/home/thales/linorobot2/ros2_ws/src/my_robot_bringup', 'symlink_install': False, 'test_result_base': None}
[3.057s] INFO:colcon.colcon_core.executor:Executing jobs using 'parallel' executor
[3.071s] DEBUG:colcon.colcon_parallel_executor.executor.parallel:run_until_complete
[3.073s] INFO:colcon.colcon_ros.task.ament_cmake.build:Building ROS package in '/home/thales/linorobot2/ros2_ws/src/hoverboard-driver-pkg' with build type 'ament_cmake'
[3.073s] INFO:colcon.colcon_cmake.task.cmake.build:Building CMake package in '/home/thales/linorobot2/ros2_ws/src/hoverboard-driver-pkg'
[3.096s] INFO:colcon.colcon_core.plugin_system:Skipping extension 'colcon_core.shell.bat': Not used on non-Windows systems
[3.097s] INFO:colcon.colcon_core.shell:Skip shell extension 'powershell' for command environment: Not usable outside of PowerShell
[3.097s] DEBUG:colcon.colcon_core.shell:Skip shell extension 'dsv' for command environment
[3.135s] INFO:colcon.colcon_ros.task.ament_cmake.build:Building ROS package in '/home/thales/linorobot2/ros2_ws/src/my_robot_bringup' with build type 'ament_cmake'
[3.138s] INFO:colcon.colcon_cmake.task.cmake.build:Building CMake package in '/home/thales/linorobot2/ros2_ws/src/my_robot_bringup'
[3.149s] INFO:colcon.colcon_core.shell:Skip shell extension 'powershell' for command environment: Not usable outside of PowerShell
[3.150s] DEBUG:colcon.colcon_core.shell:Skip shell extension 'dsv' for command environment
[3.228s] DEBUG:colcon.colcon_core.event_handler.log_command:Invoking command in '/home/thales/linorobot2/ros2_ws/build/hoverboard-driver-pkg': CMAKE_PREFIX_PATH=${CMAKE_PREFIX_PATH}:/home/thales/linorobot2/ros2_ws/install/bringup:/opt/ros/humble /usr/bin/cmake --build /home/thales/linorobot2/ros2_ws/build/hoverboard-driver-pkg -- -j4 -l4
[3.292s] DEBUG:colcon.colcon_core.event_handler.log_command:Invoking command in '/home/thales/linorobot2/ros2_ws/build/my_robot_bringup': CMAKE_PREFIX_PATH=${CMAKE_PREFIX_PATH}:/home/thales/linorobot2/ros2_ws/install/bringup:/opt/ros/humble /usr/bin/cmake --build /home/thales/linorobot2/ros2_ws/build/my_robot_bringup -- -j4 -l4
[3.588s] DEBUG:colcon.colcon_core.event_handler.log_command:Invoked command in '/home/thales/linorobot2/ros2_ws/build/my_robot_bringup' returned '0': CMAKE_PREFIX_PATH=${CMAKE_PREFIX_PATH}:/home/thales/linorobot2/ros2_ws/install/bringup:/opt/ros/humble /usr/bin/cmake --build /home/thales/linorobot2/ros2_ws/build/my_robot_bringup -- -j4 -l4
[3.819s] DEBUG:colcon.colcon_core.event_handler.log_command:Invoking command in '/home/thales/linorobot2/ros2_ws/build/my_robot_bringup': CMAKE_PREFIX_PATH=${CMAKE_PREFIX_PATH}:/home/thales/linorobot2/ros2_ws/install/bringup:/opt/ros/humble /usr/bin/cmake --install /home/thales/linorobot2/ros2_ws/build/my_robot_bringup
[3.885s] Level 1:colcon.colcon_core.environment:create_environment_scripts_only(my_robot_bringup)
[3.889s] DEBUG:colcon.colcon_core.event_handler.log_command:Invoked command in '/home/thales/linorobot2/ros2_ws/build/my_robot_bringup' returned '0': CMAKE_PREFIX_PATH=${CMAKE_PREFIX_PATH}:/home/thales/linorobot2/ros2_ws/install/bringup:/opt/ros/humble /usr/bin/cmake --install /home/thales/linorobot2/ros2_ws/build/my_robot_bringup
[3.912s] Level 1:colcon.colcon_core.environment:checking '/home/thales/linorobot2/ros2_ws/install/my_robot_bringup' for CMake module files
[3.915s] Level 1:colcon.colcon_core.environment:checking '/home/thales/linorobot2/ros2_ws/install/my_robot_bringup' for CMake config files
[3.918s] Level 1:colcon.colcon_core.shell:create_environment_hook('my_robot_bringup', 'cmake_prefix_path')
[3.924s] INFO:colcon.colcon_core.shell:Creating environment hook '/home/thales/linorobot2/ros2_ws/install/my_robot_bringup/share/my_robot_bringup/hook/cmake_prefix_path.ps1'
[3.928s] INFO:colcon.colcon_core.shell:Creating environment descriptor '/home/thales/linorobot2/ros2_ws/install/my_robot_bringup/share/my_robot_bringup/hook/cmake_prefix_path.dsv'
[3.930s] INFO:colcon.colcon_core.shell:Creating environment hook '/home/thales/linorobot2/ros2_ws/install/my_robot_bringup/share/my_robot_bringup/hook/cmake_prefix_path.sh'
[3.935s] Level 1:colcon.colcon_core.environment:checking '/home/thales/linorobot2/ros2_ws/install/my_robot_bringup/bin'
[3.936s] Level 1:colcon.colcon_core.environment:checking '/home/thales/linorobot2/ros2_ws/install/my_robot_bringup/lib/pkgconfig/my_robot_bringup.pc'
[3.937s] Level 1:colcon.colcon_core.environment:checking '/home/thales/linorobot2/ros2_ws/install/my_robot_bringup/lib/python3.10/site-packages'
[3.939s] Level 1:colcon.colcon_core.environment:checking '/home/thales/linorobot2/ros2_ws/install/my_robot_bringup/bin'
[3.949s] INFO:colcon.colcon_core.shell:Creating package script '/home/thales/linorobot2/ros2_ws/install/my_robot_bringup/share/my_robot_bringup/package.ps1'
[3.955s] INFO:colcon.colcon_core.shell:Creating package descriptor '/home/thales/linorobot2/ros2_ws/install/my_robot_bringup/share/my_robot_bringup/package.dsv'
[3.960s] INFO:colcon.colcon_core.shell:Creating package script '/home/thales/linorobot2/ros2_ws/install/my_robot_bringup/share/my_robot_bringup/package.sh'
[3.966s] INFO:colcon.colcon_core.shell:Creating package script '/home/thales/linorobot2/ros2_ws/install/my_robot_bringup/share/my_robot_bringup/package.bash'
[3.970s] INFO:colcon.colcon_core.shell:Creating package script '/home/thales/linorobot2/ros2_ws/install/my_robot_bringup/share/my_robot_bringup/package.zsh'
[3.974s] Level 1:colcon.colcon_core.environment:create_file_with_runtime_dependencies(/home/thales/linorobot2/ros2_ws/install/my_robot_bringup/share/colcon-core/packages/my_robot_bringup)
[4.112s] Level 1:colcon.colcon_core.environment:create_environment_scripts_only(my_robot_bringup)
[4.122s] Level 1:colcon.colcon_core.environment:checking '/home/thales/linorobot2/ros2_ws/install/my_robot_bringup' for CMake module files
[4.125s] Level 1:colcon.colcon_core.environment:checking '/home/thales/linorobot2/ros2_ws/install/my_robot_bringup' for CMake config files
[4.128s] Level 1:colcon.colcon_core.shell:create_environment_hook('my_robot_bringup', 'cmake_prefix_path')
[4.135s] INFO:colcon.colcon_core.shell:Creating environment hook '/home/thales/linorobot2/ros2_ws/install/my_robot_bringup/share/my_robot_bringup/hook/cmake_prefix_path.ps1'
[4.137s] INFO:colcon.colcon_core.shell:Creating environment descriptor '/home/thales/linorobot2/ros2_ws/install/my_robot_bringup/share/my_robot_bringup/hook/cmake_prefix_path.dsv'
[4.139s] INFO:colcon.colcon_core.shell:Creating environment hook '/home/thales/linorobot2/ros2_ws/install/my_robot_bringup/share/my_robot_bringup/hook/cmake_prefix_path.sh'
[4.142s] Level 1:colcon.colcon_core.environment:checking '/home/thales/linorobot2/ros2_ws/install/my_robot_bringup/bin'
[4.142s] Level 1:colcon.colcon_core.environment:checking '/home/thales/linorobot2/ros2_ws/install/my_robot_bringup/lib/pkgconfig/my_robot_bringup.pc'
[4.143s] Level 1:colcon.colcon_core.environment:checking '/home/thales/linorobot2/ros2_ws/install/my_robot_bringup/lib/python3.10/site-packages'
[4.144s] Level 1:colcon.colcon_core.environment:checking '/home/thales/linorobot2/ros2_ws/install/my_robot_bringup/bin'
[4.152s] INFO:colcon.colcon_core.shell:Creating package script '/home/thales/linorobot2/ros2_ws/install/my_robot_bringup/share/my_robot_bringup/package.ps1'
[4.156s] INFO:colcon.colcon_core.shell:Creating package descriptor '/home/thales/linorobot2/ros2_ws/install/my_robot_bringup/share/my_robot_bringup/package.dsv'
[4.161s] INFO:colcon.colcon_core.shell:Creating package script '/home/thales/linorobot2/ros2_ws/install/my_robot_bringup/share/my_robot_bringup/package.sh'
[4.165s] INFO:colcon.colcon_core.shell:Creating package script '/home/thales/linorobot2/ros2_ws/install/my_robot_bringup/share/my_robot_bringup/package.bash'
[4.169s] INFO:colcon.colcon_core.shell:Creating package script '/home/thales/linorobot2/ros2_ws/install/my_robot_bringup/share/my_robot_bringup/package.zsh'
[4.173s] Level 1:colcon.colcon_core.environment:create_file_with_runtime_dependencies(/home/thales/linorobot2/ros2_ws/install/my_robot_bringup/share/colcon-core/packages/my_robot_bringup)
[5.457s] DEBUG:colcon.colcon_core.event_handler.log_command:Invoked command in '/home/thales/linorobot2/ros2_ws/build/hoverboard-driver-pkg' returned '2': CMAKE_PREFIX_PATH=${CMAKE_PREFIX_PATH}:/home/thales/linorobot2/ros2_ws/install/bringup:/opt/ros/humble /usr/bin/cmake --build /home/thales/linorobot2/ros2_ws/build/hoverboard-driver-pkg -- -j4 -l4
[5.627s] Level 1:colcon.colcon_core.environment:create_environment_scripts_only(hoverboard-driver-pkg)
[5.638s] Level 1:colcon.colcon_core.environment:checking '/home/thales/linorobot2/ros2_ws/install/hoverboard-driver-pkg' for CMake module files
[5.641s] Level 1:colcon.colcon_core.environment:checking '/home/thales/linorobot2/ros2_ws/install/hoverboard-driver-pkg' for CMake config files
[5.643s] Level 1:colcon.colcon_core.shell:create_environment_hook('hoverboard-driver-pkg', 'cmake_prefix_path')
[5.649s] INFO:colcon.colcon_core.shell:Creating environment hook '/home/thales/linorobot2/ros2_ws/install/hoverboard-driver-pkg/share/hoverboard-driver-pkg/hook/cmake_prefix_path.ps1'
[5.651s] INFO:colcon.colcon_core.shell:Creating environment descriptor '/home/thales/linorobot2/ros2_ws/install/hoverboard-driver-pkg/share/hoverboard-driver-pkg/hook/cmake_prefix_path.dsv'
[5.653s] INFO:colcon.colcon_core.shell:Creating environment hook '/home/thales/linorobot2/ros2_ws/install/hoverboard-driver-pkg/share/hoverboard-driver-pkg/hook/cmake_prefix_path.sh'
[5.656s] Level 1:colcon.colcon_core.environment:checking '/home/thales/linorobot2/ros2_ws/install/hoverboard-driver-pkg/lib'
[5.657s] Level 1:colcon.colcon_core.environment:checking '/home/thales/linorobot2/ros2_ws/install/hoverboard-driver-pkg/bin'
[5.657s] Level 1:colcon.colcon_core.environment:checking '/home/thales/linorobot2/ros2_ws/install/hoverboard-driver-pkg/lib/pkgconfig/hoverboard-driver-pkg.pc'
[5.658s] Level 1:colcon.colcon_core.environment:checking '/home/thales/linorobot2/ros2_ws/install/hoverboard-driver-pkg/lib/python3.10/site-packages'
[5.659s] Level 1:colcon.colcon_core.environment:checking '/home/thales/linorobot2/ros2_ws/install/hoverboard-driver-pkg/bin'
[5.666s] INFO:colcon.colcon_core.shell:Creating package script '/home/thales/linorobot2/ros2_ws/install/hoverboard-driver-pkg/share/hoverboard-driver-pkg/package.ps1'
[5.670s] INFO:colcon.colcon_core.shell:Creating package descriptor '/home/thales/linorobot2/ros2_ws/install/hoverboard-driver-pkg/share/hoverboard-driver-pkg/package.dsv'
[5.673s] INFO:colcon.colcon_core.shell:Creating package script '/home/thales/linorobot2/ros2_ws/install/hoverboard-driver-pkg/share/hoverboard-driver-pkg/package.sh'
[5.676s] INFO:colcon.colcon_core.shell:Creating package script '/home/thales/linorobot2/ros2_ws/install/hoverboard-driver-pkg/share/hoverboard-driver-pkg/package.bash'
[5.681s] INFO:colcon.colcon_core.shell:Creating package script '/home/thales/linorobot2/ros2_ws/install/hoverboard-driver-pkg/share/hoverboard-driver-pkg/package.zsh'
[5.684s] Level 1:colcon.colcon_core.environment:create_file_with_runtime_dependencies(/home/thales/linorobot2/ros2_ws/install/hoverboard-driver-pkg/share/colcon-core/packages/hoverboard-driver-pkg)
[5.698s] DEBUG:colcon.colcon_parallel_executor.executor.parallel:closing loop
[5.699s] DEBUG:colcon.colcon_parallel_executor.executor.parallel:loop closed
[5.699s] DEBUG:colcon.colcon_parallel_executor.executor.parallel:run_until_complete finished with '2'
[5.699s] DEBUG:colcon.colcon_core.event_reactor:joining thread
[5.742s] INFO:colcon.colcon_core.plugin_system:Skipping extension 'colcon_notification.desktop_notification.terminal_notifier': Not used on non-Darwin systems
[5.743s] INFO:colcon.colcon_core.plugin_system:Skipping extension 'colcon_notification.desktop_notification.win32': Not used on non-Windows systems
[5.743s] INFO:colcon.colcon_notification.desktop_notification:Sending desktop notification using 'notify2'
[5.831s] DEBUG:colcon.colcon_core.event_reactor:joined thread
[5.838s] INFO:colcon.colcon_core.shell:Creating prefix script '/home/thales/linorobot2/ros2_ws/install/local_setup.ps1'
[5.843s] INFO:colcon.colcon_core.shell:Creating prefix util module '/home/thales/linorobot2/ros2_ws/install/_local_setup_util_ps1.py'
[5.853s] INFO:colcon.colcon_core.shell:Creating prefix chain script '/home/thales/linorobot2/ros2_ws/install/setup.ps1'
[5.864s] INFO:colcon.colcon_core.shell:Creating prefix script '/home/thales/linorobot2/ros2_ws/install/local_setup.sh'
[5.871s] INFO:colcon.colcon_core.shell:Creating prefix util module '/home/thales/linorobot2/ros2_ws/install/_local_setup_util_sh.py'
[5.877s] INFO:colcon.colcon_core.shell:Creating prefix chain script '/home/thales/linorobot2/ros2_ws/install/setup.sh'
[5.888s] INFO:colcon.colcon_core.shell:Creating prefix script '/home/thales/linorobot2/ros2_ws/install/local_setup.bash'
[5.893s] INFO:colcon.colcon_core.shell:Creating prefix chain script '/home/thales/linorobot2/ros2_ws/install/setup.bash'
[5.904s] INFO:colcon.colcon_core.shell:Creating prefix script '/home/thales/linorobot2/ros2_ws/install/local_setup.zsh'
[5.908s] INFO:colcon.colcon_core.shell:Creating prefix chain script '/home/thales/linorobot2/ros2_ws/install/setup.zsh'
