[0.105s] Invoking command in '/home/thales/linorobot2/ros2_ws/build/my_robot_bringup': CMAKE_PREFIX_PATH=${CMAKE_PREFIX_PATH}:/home/thales/linorobot2/ros2_ws/install/bringup:/opt/ros/humble /usr/bin/cmake --build /home/thales/linorobot2/ros2_ws/build/my_robot_bringup -- -j4 -l4
[0.327s] Invoked command in '/home/thales/linorobot2/ros2_ws/build/my_robot_bringup' returned '0': CMAKE_PREFIX_PATH=${CMAKE_PREFIX_PATH}:/home/thales/linorobot2/ros2_ws/install/bringup:/opt/ros/humble /usr/bin/cmake --build /home/thales/linorobot2/ros2_ws/build/my_robot_bringup -- -j4 -l4
[0.530s] Invoking command in '/home/thales/linorobot2/ros2_ws/build/my_robot_bringup': CMAKE_PREFIX_PATH=${CMAKE_PREFIX_PATH}:/home/thales/linorobot2/ros2_ws/install/bringup:/opt/ros/humble /usr/bin/cmake --install /home/thales/linorobot2/ros2_ws/build/my_robot_bringup
[0.570s] -- Install configuration: ""
[0.572s] -- Up-to-date: /home/thales/linorobot2/ros2_ws/install/my_robot_bringup/share/my_robot_bringup/launch
[0.573s] -- Installing: /home/thales/linorobot2/ros2_ws/install/my_robot_bringup/share/my_robot_bringup/launch/bringup.launch.py
[0.575s] -- Up-to-date: /home/thales/linorobot2/ros2_ws/install/my_robot_bringup/share/my_robot_bringup/launch/display.launch.py
[0.576s] -- Up-to-date: /home/thales/linorobot2/ros2_ws/install/my_robot_bringup/share/my_robot_bringup/rviz
[0.577s] -- Up-to-date: /home/thales/linorobot2/ros2_ws/install/my_robot_bringup/share/my_robot_bringup/rviz/urdf.rviz
[0.579s] -- Up-to-date: /home/thales/linorobot2/ros2_ws/install/my_robot_bringup/share/my_robot_bringup/urdf
[0.581s] -- Up-to-date: /home/thales/linorobot2/ros2_ws/install/my_robot_bringup/share/my_robot_bringup/urdf/my_robot.xacro
[0.583s] -- Up-to-date: /home/thales/linorobot2/ros2_ws/install/my_robot_bringup/share/my_robot_bringup/config
[0.585s] -- Up-to-date: /home/thales/linorobot2/ros2_ws/install/my_robot_bringup/share/my_robot_bringup/config/gamepad.config.yaml
[0.586s] -- Up-to-date: /home/thales/linorobot2/ros2_ws/install/my_robot_bringup/share/ament_index/resource_index/package_run_dependencies/my_robot_bringup
[0.586s] -- Up-to-date: /home/thales/linorobot2/ros2_ws/install/my_robot_bringup/share/ament_index/resource_index/parent_prefix_path/my_robot_bringup
[0.587s] -- Up-to-date: /home/thales/linorobot2/ros2_ws/install/my_robot_bringup/share/my_robot_bringup/environment/ament_prefix_path.sh
[0.588s] -- Up-to-date: /home/thales/linorobot2/ros2_ws/install/my_robot_bringup/share/my_robot_bringup/environment/ament_prefix_path.dsv
[0.591s] -- Up-to-date: /home/thales/linorobot2/ros2_ws/install/my_robot_bringup/share/my_robot_bringup/environment/path.sh
[0.592s] -- Up-to-date: /home/thales/linorobot2/ros2_ws/install/my_robot_bringup/share/my_robot_bringup/environment/path.dsv
[0.593s] -- Up-to-date: /home/thales/linorobot2/ros2_ws/install/my_robot_bringup/share/my_robot_bringup/local_setup.bash
[0.594s] -- Up-to-date: /home/thales/linorobot2/ros2_ws/install/my_robot_bringup/share/my_robot_bringup/local_setup.sh
[0.596s] -- Up-to-date: /home/thales/linorobot2/ros2_ws/install/my_robot_bringup/share/my_robot_bringup/local_setup.zsh
[0.598s] -- Up-to-date: /home/thales/linorobot2/ros2_ws/install/my_robot_bringup/share/my_robot_bringup/local_setup.dsv
[0.599s] -- Installing: /home/thales/linorobot2/ros2_ws/install/my_robot_bringup/share/my_robot_bringup/package.dsv
[0.603s] -- Up-to-date: /home/thales/linorobot2/ros2_ws/install/my_robot_bringup/share/ament_index/resource_index/packages/my_robot_bringup
[0.615s] -- Up-to-date: /home/thales/linorobot2/ros2_ws/install/my_robot_bringup/share/my_robot_bringup/cmake/my_robot_bringupConfig.cmake
[0.616s] -- Up-to-date: /home/thales/linorobot2/ros2_ws/install/my_robot_bringup/share/my_robot_bringup/cmake/my_robot_bringupConfig-version.cmake
[0.616s] -- Up-to-date: /home/thales/linorobot2/ros2_ws/install/my_robot_bringup/share/my_robot_bringup/package.xml
[0.617s] Invoked command in '/home/thales/linorobot2/ros2_ws/build/my_robot_bringup' returned '0': CMAKE_PREFIX_PATH=${CMAKE_PREFIX_PATH}:/home/thales/linorobot2/ros2_ws/install/bringup:/opt/ros/humble /usr/bin/cmake --install /home/thales/linorobot2/ros2_ws/build/my_robot_bringup
