[0.151s] Invoking command in '/home/thales/linorobot2/ros2_ws/build/hoverboard-driver-pkg': CMAKE_PREFIX_PATH=${CMAKE_PREFIX_PATH}:/home/thales/linorobot2/ros2_ws/install/bringup:/opt/ros/humble /usr/bin/cmake --build /home/thales/linorobot2/ros2_ws/build/hoverboard-driver-pkg -- -j4 -l4
[0.358s] -- Found ament_cmake: 1.3.3 (/opt/ros/humble/share/ament_cmake/cmake)
[1.311s] -- Found rclcpp: 16.0.3 (/opt/ros/humble/share/rclcpp/cmake)
[1.552s] -- Found rosidl_generator_c: 3.1.4 (/opt/ros/humble/share/rosidl_generator_c/cmake)
[1.567s] -- Found rosidl_adapter: 3.1.4 (/opt/ros/humble/share/rosidl_adapter/cmake)
[1.596s] -- Found rosidl_generator_cpp: 3.1.4 (/opt/ros/humble/share/rosidl_generator_cpp/cmake)
[1.654s] -- Using all available rosidl_typesupport_c: rosidl_typesupport_fastrtps_c;rosidl_typesupport_introspection_c
[1.731s] -- Using all available rosidl_typesupport_cpp: rosidl_typesupport_fastrtps_cpp;rosidl_typesupport_introspection_cpp
[2.026s] -- Found rmw_implementation_cmake: 6.1.1 (/opt/ros/humble/share/rmw_implementation_cmake/cmake)
[2.033s] -- Found rmw_fastrtps_cpp: 6.2.2 (/opt/ros/humble/share/rmw_fastrtps_cpp/cmake)
[3.250s] -- Using RMW implementation 'rmw_fastrtps_cpp' as default
[4.007s] -- Found ament_lint_auto: 0.12.5 (/opt/ros/humble/share/ament_lint_auto/cmake)
[4.396s] -- Added test 'cppcheck' to perform static code analysis on C / C++ code
[4.396s] -- Configured cppcheck include dirs: 
[4.397s] -- Configured cppcheck exclude dirs and/or files: 
[4.400s] -- Added test 'lint_cmake' to check CMake code style
[4.408s] -- Added test 'uncrustify' to check C / C++ code style
[4.409s] -- Configured uncrustify additional arguments: 
[4.410s] -- Added test 'xmllint' to check XML markup files
[4.415s] -- Configuring done
[4.488s] -- Generating done
[4.507s] -- Build files have been written to: /home/thales/linorobot2/ros2_ws/build/hoverboard-driver-pkg
[4.636s] [35m[1mConsolidate compiler generated dependencies of target hoverboard-driver[0m
[4.743s] [ 50%] [32mBuilding CXX object CMakeFiles/hoverboard-driver.dir/src/main.cpp.o[0m
[6.421s] [01m[K/home/thales/linorobot2/ros2_ws/src/hoverboard-driver-pkg/src/main.cpp:3:10:[m[K [01;31m[Kfatal error: [m[Kgeometry_msgs/msg/twist.hpp: No such file or directory
[6.421s]     3 | #include [01;31m[K<geometry_msgs/msg/twist.hpp>[m[K
[6.422s]       |          [01;31m[K^~~~~~~~~~~~~~~~~~~~~~~~~~~~~[m[K
[6.422s] compilation terminated.
[6.431s] gmake[2]: *** [CMakeFiles/hoverboard-driver.dir/build.make:76: CMakeFiles/hoverboard-driver.dir/src/main.cpp.o] Error 1
[6.432s] gmake[1]: *** [CMakeFiles/Makefile2:137: CMakeFiles/hoverboard-driver.dir/all] Error 2
[6.433s] gmake: *** [Makefile:146: all] Error 2
[6.441s] Invoked command in '/home/thales/linorobot2/ros2_ws/build/hoverboard-driver-pkg' returned '2': CMAKE_PREFIX_PATH=${CMAKE_PREFIX_PATH}:/home/thales/linorobot2/ros2_ws/install/bringup:/opt/ros/humble /usr/bin/cmake --build /home/thales/linorobot2/ros2_ws/build/hoverboard-driver-pkg -- -j4 -l4
