[0.130s] Invoking command in '/home/thales/linorobot2/ros2_ws/build/hoverboard-driver-pkg': CMAKE_PREFIX_PATH=${CMAKE_PREFIX_PATH}:/home/thales/linorobot2/ros2_ws/install/bringup:/opt/ros/humble /usr/bin/cmake --build /home/thales/linorobot2/ros2_ws/build/hoverboard-driver-pkg -- -j4 -l4
[0.381s] [35m[1mConsolidate compiler generated dependencies of target hoverboard-driver[0m
[0.497s] [ 50%] [32mBuilding CXX object CMakeFiles/hoverboard-driver.dir/src/main.cpp.o[0m
[14.942s] [01m[K/home/thales/linorobot2/ros2_ws/src/hoverboard-driver-pkg/src/main.cpp:[m[K In member function ‘[01m[Kvoid driver_node::protocol_recv(uint8_t)[m[K’:
[14.943s] [01m[K/home/thales/linorobot2/ros2_ws/src/hoverboard-driver-pkg/src/main.cpp:178:33:[m[K [01;31m[Kerror: [m[K‘[01m[Ktf2[m[K’ has not been declared
[14.943s]   178 |                                 [01;31m[Ktf2[m[K::Quaternion q;
[14.944s]       |                                 [01;31m[K^~~[m[K
[14.963s] [01m[K/home/thales/linorobot2/ros2_ws/src/hoverboard-driver-pkg/src/main.cpp:179:33:[m[K [01;31m[Kerror: [m[K‘[01m[Kq[m[K’ was not declared in this scope
[14.963s]   179 |                                 [01;31m[Kq[m[K.setRPY(0.0, 0.0, _heading);
[14.964s]       |                                 [01;31m[K^[m[K
[14.966s] [01m[K/home/thales/linorobot2/ros2_ws/src/hoverboard-driver-pkg/src/main.cpp:183:41:[m[K [01;31m[Kerror: [m[Kbase operand of ‘[01m[K->[m[K’ has non-pointer type ‘[01m[Knav_msgs::msg::Odometry_<std::allocator<void> >[m[K’
[14.967s]   183 |                                odom_msg[01;31m[K->[m[Kheader.frame_id = "odom_frame";
[14.968s]       |                                        [01;31m[K^~[m[K
[14.969s] 
[14.969s] [01m[K/home/thales/linorobot2/ros2_ws/src/hoverboard-driver-pkg/src/main.cpp:184:41:[m[K [01;31m[Kerror: [m[Kbase operand of ‘[01m[K->[m[K’ has non-pointer type ‘[01m[Knav_msgs::msg::Odometry_<std::allocator<void> >[m[K’
[14.970s]   184 |                                odom_msg[01;31m[K->[m[Kchild_frame_id = "base_link_frame";
[14.970s]       |                                        [01;31m[K^~[m[K
[14.971s] 
[14.972s] [01m[K/home/thales/linorobot2/ros2_ws/src/hoverboard-driver-pkg/src/main.cpp:185:41:[m[K [01;31m[Kerror: [m[Kbase operand of ‘[01m[K->[m[K’ has non-pointer type ‘[01m[Knav_msgs::msg::Odometry_<std::allocator<void> >[m[K’
[14.972s]   185 |                                odom_msg[01;31m[K->[m[Kheader.stamp.sec = RCL_NS_TO_S(now);
[14.972s]       |                                        [01;31m[K^~[m[K
[14.973s] 
[14.974s] In file included from [01m[K/opt/ros/humble/include/rcutils/rcutils/logging.h:27[m[K,
[14.974s]                  from [01m[K/opt/ros/humble/include/rmw/rmw/types.h:28[m[K,
[14.975s]                  from [01m[K/opt/ros/humble/include/rcl/rcl/types.h:20[m[K,
[14.975s]                  from [01m[K/opt/ros/humble/include/rcl/rcl/log_level.h:22[m[K,
[14.976s]                  from [01m[K/opt/ros/humble/include/rcl/rcl/arguments.h:21[m[K,
[14.976s]                  from [01m[K/opt/ros/humble/include/rcl/rcl/context.h:28[m[K,
[14.976s]                  from [01m[K/opt/ros/humble/include/rcl/rcl/guard_condition.h:26[m[K,
[14.977s]                  from [01m[K/opt/ros/humble/include/rclcpp/rclcpp/executor.hpp:30[m[K,
[14.977s]                  from [01m[K/opt/ros/humble/include/rclcpp/rclcpp/executors/multi_threaded_executor.hpp:25[m[K,
[14.978s]                  from [01m[K/opt/ros/humble/include/rclcpp/rclcpp/executors.hpp:21[m[K,
[14.978s]                  from [01m[K/opt/ros/humble/include/rclcpp/rclcpp/rclcpp.hpp:155[m[K,
[14.979s]                  from [01m[K/home/thales/linorobot2/ros2_ws/src/hoverboard-driver-pkg/src/main.cpp:1[m[K:
[14.979s] [01m[K/home/thales/linorobot2/ros2_ws/src/hoverboard-driver-pkg/src/main.cpp:185:74:[m[K [01;31m[Kerror: [m[Kinvalid use of member function ‘[01m[Krclcpp::Time rclcpp::Node::now() const[m[K’ (did you forget the ‘[01m[K()[m[K’ ?)
[14.980s]   185 |     odom_msg->header.stamp.sec = RCL_NS_TO_S([01;31m[Kn[m[Kow);
[14.980s]       |                                              [01;31m[K^[m[K
[14.981s] 
[14.981s] [01m[K/home/thales/linorobot2/ros2_ws/src/hoverboard-driver-pkg/src/main.cpp:186:41:[m[K [01;31m[Kerror: [m[Kbase operand of ‘[01m[K->[m[K’ has non-pointer type ‘[01m[Knav_msgs::msg::Odometry_<std::allocator<void> >[m[K’
[14.982s]   186 |                                odom_msg[01;31m[K->[m[Kheader.stamp.nanosec = now - RCL_S_TO_NS(odom_msg->header.stamp.sec);
[14.982s]       |                                        [01;31m[K^~[m[K
[14.982s] 
[14.983s] In file included from [01m[K/opt/ros/humble/include/rcutils/rcutils/logging.h:27[m[K,
[14.983s]                  from [01m[K/opt/ros/humble/include/rmw/rmw/types.h:28[m[K,
[14.984s]                  from [01m[K/opt/ros/humble/include/rcl/rcl/types.h:20[m[K,
[14.984s]                  from [01m[K/opt/ros/humble/include/rcl/rcl/log_level.h:22[m[K,
[14.985s]                  from [01m[K/opt/ros/humble/include/rcl/rcl/arguments.h:21[m[K,
[14.985s]                  from [01m[K/opt/ros/humble/include/rcl/rcl/context.h:28[m[K,
[14.986s]                  from [01m[K/opt/ros/humble/include/rcl/rcl/guard_condition.h:26[m[K,
[14.986s]                  from [01m[K/opt/ros/humble/include/rclcpp/rclcpp/executor.hpp:30[m[K,
[14.986s]                  from [01m[K/opt/ros/humble/include/rclcpp/rclcpp/executors/multi_threaded_executor.hpp:25[m[K,
[14.987s]                  from [01m[K/opt/ros/humble/include/rclcpp/rclcpp/executors.hpp:21[m[K,
[14.987s]                  from [01m[K/opt/ros/humble/include/rclcpp/rclcpp/rclcpp.hpp:155[m[K,
[14.988s]                  from [01m[K/home/thales/linorobot2/ros2_ws/src/hoverboard-driver-pkg/src/main.cpp:1[m[K:
[14.988s] [01m[K/home/thales/linorobot2/ros2_ws/src/hoverboard-driver-pkg/src/main.cpp:186:92:[m[K [01;31m[Kerror: [m[Kbase operand of ‘[01m[K->[m[K’ has non-pointer type ‘[01m[Knav_msgs::msg::Odometry_<std::allocator<void> >[m[K’
[14.988s]   186 | mp.nanosec = now - RCL_S_TO_NS(odom_msg[01;31m[K->[m[Kheader.stamp.sec);
[14.989s]       |                                        [01;31m[K^~[m[K
[14.989s] 
[14.990s] [01m[K/home/thales/linorobot2/ros2_ws/src/hoverboard-driver-pkg/src/main.cpp:188:41:[m[K [01;31m[Kerror: [m[Kbase operand of ‘[01m[K->[m[K’ has non-pointer type ‘[01m[Knav_msgs::msg::Odometry_<std::allocator<void> >[m[K’
[14.990s]   188 |                                odom_msg[01;31m[K->[m[Kpose.pose.position.x = _x;
[14.991s]       |                                        [01;31m[K^~[m[K
[14.991s] 
[14.992s] [01m[K/home/thales/linorobot2/ros2_ws/src/hoverboard-driver-pkg/src/main.cpp:189:41:[m[K [01;31m[Kerror: [m[Kbase operand of ‘[01m[K->[m[K’ has non-pointer type ‘[01m[Knav_msgs::msg::Odometry_<std::allocator<void> >[m[K’
[14.992s]   189 |                                odom_msg[01;31m[K->[m[Kpose.pose.position.y = _y;
[14.993s]       |                                        [01;31m[K^~[m[K
[14.993s] 
[14.994s] [01m[K/home/thales/linorobot2/ros2_ws/src/hoverboard-driver-pkg/src/main.cpp:190:41:[m[K [01;31m[Kerror: [m[Kbase operand of ‘[01m[K->[m[K’ has non-pointer type ‘[01m[Knav_msgs::msg::Odometry_<std::allocator<void> >[m[K’
[14.994s]   190 |                                odom_msg[01;31m[K->[m[Kpose.pose.position.z = 0.0;
[14.995s]       |                                        [01;31m[K^~[m[K
[14.995s] 
[14.995s] [01m[K/home/thales/linorobot2/ros2_ws/src/hoverboard-driver-pkg/src/main.cpp:191:37:[m[K [01;31m[Kerror: [m[Kbase operand of ‘[01m[K->[m[K’ has non-pointer type ‘[01m[Knav_msgs::msg::Odometry_<std::allocator<void> >[m[K’
[14.996s]   191 |                             odom_msg[01;31m[K->[m[Kpose.pose.orientation.x = q.x();
[14.996s]       |                                     [01;31m[K^~[m[K
[14.997s] [01m[K/home/thales/linorobot2/ros2_ws/src/hoverboard-driver-pkg/src/main.cpp:192:33:[m[K [01;31m[Kerror: [m[Kbase operand of ‘[01m[K->[m[K’ has non-pointer type ‘[01m[Knav_msgs::msg::Odometry_<std::allocator<void> >[m[K’
[14.997s]   192 |                         odom_msg[01;31m[K->[m[Kpose.pose.orientation.y = q.y();
[14.998s]       |                                 [01;31m[K^~[m[K
[14.998s] [01m[K/home/thales/linorobot2/ros2_ws/src/hoverboard-driver-pkg/src/main.cpp:193:33:[m[K [01;31m[Kerror: [m[Kbase operand of ‘[01m[K->[m[K’ has non-pointer type ‘[01m[Knav_msgs::msg::Odometry_<std::allocator<void> >[m[K’
[14.998s]   193 |                         odom_msg[01;31m[K->[m[Kpose.pose.orientation.z = q.z();
[14.999s]       |                                 [01;31m[K^~[m[K
[14.999s] [01m[K/home/thales/linorobot2/ros2_ws/src/hoverboard-driver-pkg/src/main.cpp:194:33:[m[K [01;31m[Kerror: [m[Kbase operand of ‘[01m[K->[m[K’ has non-pointer type ‘[01m[Knav_msgs::msg::Odometry_<std::allocator<void> >[m[K’
[15.000s]   194 |                         odom_msg[01;31m[K->[m[Kpose.pose.orientation.w = q.w();
[15.000s]       |                                 [01;31m[K^~[m[K
[15.001s] [01m[K/home/thales/linorobot2/ros2_ws/src/hoverboard-driver-pkg/src/main.cpp:196:66:[m[K [01;31m[Kerror: [m[Kbase operand of ‘[01m[K->[m[K’ has non-pointer type ‘[01m[Knav_msgs::msg::Odometry_<std::allocator<void> >[m[K’
[15.001s]   196 |   for (unsigned int i = 0; i < odom_msg[01;31m[K->[m[Kpose.covariance.size(); ++i)
[15.002s]       |                                        [01;31m[K^~[m[K
[15.002s] 
[15.003s] [01m[K/home/thales/linorobot2/ros2_ws/src/hoverboard-driver-pkg/src/main.cpp:198:41:[m[K [01;31m[Kerror: [m[Kbase operand of ‘[01m[K->[m[K’ has non-pointer type ‘[01m[Knav_msgs::msg::Odometry_<std::allocator<void> >[m[K’
[15.003s]   198 |                                odom_msg[01;31m[K->[m[Kpose.covariance[i] = 0.0;
[15.003s]       |                                        [01;31m[K^~[m[K
[15.004s] 
[15.004s] [01m[K/home/thales/linorobot2/ros2_ws/src/hoverboard-driver-pkg/src/main.cpp:204:37:[m[K [01;31m[Kerror: [m[Kbase operand of ‘[01m[K->[m[K’ has non-pointer type ‘[01m[Knav_msgs::msg::Odometry_<std::allocator<void> >[m[K’
[15.005s]   204 |                             odom_msg[01;31m[K->[m[Kpose.covariance[0] = 0.1;
[15.005s]       |                                     [01;31m[K^~[m[K
[15.006s] [01m[K/home/thales/linorobot2/ros2_ws/src/hoverboard-driver-pkg/src/main.cpp:205:37:[m[K [01;31m[Kerror: [m[Kbase operand of ‘[01m[K->[m[K’ has non-pointer type ‘[01m[Knav_msgs::msg::Odometry_<std::allocator<void> >[m[K’
[15.006s]   205 |                             odom_msg[01;31m[K->[m[Kpose.covariance[7] = 0.1;
[15.006s]       |                                     [01;31m[K^~[m[K
[15.007s] [01m[K/home/thales/linorobot2/ros2_ws/src/hoverboard-driver-pkg/src/main.cpp:206:37:[m[K [01;31m[Kerror: [m[Kbase operand of ‘[01m[K->[m[K’ has non-pointer type ‘[01m[Knav_msgs::msg::Odometry_<std::allocator<void> >[m[K’
[15.008s]   206 |                             odom_msg[01;31m[K->[m[Kpose.covariance[35] = 0.2;
[15.008s]       |                                     [01;31m[K^~[m[K
[15.009s] [01m[K/home/thales/linorobot2/ros2_ws/src/hoverboard-driver-pkg/src/main.cpp:207:37:[m[K [01;31m[Kerror: [m[Kbase operand of ‘[01m[K->[m[K’ has non-pointer type ‘[01m[Knav_msgs::msg::Odometry_<std::allocator<void> >[m[K’
[15.009s]   207 |                             odom_msg[01;31m[K->[m[Kpose.covariance[14] = DBL_MAX;  // set a non-zero covariance on unused
[15.010s]       |                                     [01;31m[K^~[m[K
[15.010s] [01m[K/home/thales/linorobot2/ros2_ws/src/hoverboard-driver-pkg/src/main.cpp:207:61:[m[K [01;31m[Kerror: [m[K‘[01m[KDBL_MAX[m[K’ was not declared in this scope
[15.011s]   207 |        odom_msg->pose.covariance[14] = [01;31m[KDBL_MAX[m[K;  // set a non-zero covariance on unused
[15.011s]       |                                        [01;31m[K^~~~~~~[m[K
[15.011s] 
[15.012s] [01m[K/home/thales/linorobot2/ros2_ws/src/hoverboard-driver-pkg/src/main.cpp:13:1:[m[K [01;36m[Knote: [m[K‘[01m[KDBL_MAX[m[K’ is defined in header ‘[01m[K<cfloat>[m[K’; did you forget to ‘[01m[K#include <cfloat>[m[K’?
[15.012s]    12 | #include <math.h>
[15.013s]   +++ |+[32m[K#include <cfloat>[m[K
[15.013s]    13 | 
[15.014s] [01m[K/home/thales/linorobot2/ros2_ws/src/hoverboard-driver-pkg/src/main.cpp:208:37:[m[K [01;31m[Kerror: [m[Kbase operand of ‘[01m[K->[m[K’ has non-pointer type ‘[01m[Knav_msgs::msg::Odometry_<std::allocator<void> >[m[K’
[15.014s]   208 |                             odom_msg[01;31m[K->[m[Kpose.covariance[21] = DBL_MAX;  // dimensions (z, pitch and roll); this
[15.014s]       |                                     [01;31m[K^~[m[K
[15.015s] [01m[K/home/thales/linorobot2/ros2_ws/src/hoverboard-driver-pkg/src/main.cpp:209:37:[m[K [01;31m[Kerror: [m[Kbase operand of ‘[01m[K->[m[K’ has non-pointer type ‘[01m[Knav_msgs::msg::Odometry_<std::allocator<void> >[m[K’
[15.015s]   209 |                             odom_msg[01;31m[K->[m[Kpose.covariance[28] = DBL_MAX;  // is a requirement of robot_pose_ekf
[15.016s]       |                                     [01;31m[K^~[m[K
[15.016s] [01m[K/home/thales/linorobot2/ros2_ws/src/hoverboard-driver-pkg/src/main.cpp:211:37:[m[K [01;31m[Kerror: [m[Kbase operand of ‘[01m[K->[m[K’ has non-pointer type ‘[01m[Knav_msgs::msg::Odometry_<std::allocator<void> >[m[K’
[15.017s]   211 |                             odom_msg[01;31m[K->[m[Ktwist.twist.linear.x = vx; // RRF ! WRF ?
[15.017s]       |                                     [01;31m[K^~[m[K
[15.017s] [01m[K/home/thales/linorobot2/ros2_ws/src/hoverboard-driver-pkg/src/main.cpp:212:37:[m[K [01;31m[Kerror: [m[Kbase operand of ‘[01m[K->[m[K’ has non-pointer type ‘[01m[Knav_msgs::msg::Odometry_<std::allocator<void> >[m[K’
[15.018s]   212 |                             odom_msg[01;31m[K->[m[Ktwist.twist.linear.y = 0.0; //  RRF ! WRF ?
[15.018s]       |                                     [01;31m[K^~[m[K
[15.019s] [01m[K/home/thales/linorobot2/ros2_ws/src/hoverboard-driver-pkg/src/main.cpp:213:37:[m[K [01;31m[Kerror: [m[Kbase operand of ‘[01m[K->[m[K’ has non-pointer type ‘[01m[Knav_msgs::msg::Odometry_<std::allocator<void> >[m[K’
[15.019s]   213 |                             odom_msg[01;31m[K->[m[Ktwist.twist.linear.z = 0.0;
[15.020s]       |                                     [01;31m[K^~[m[K
[15.020s] [01m[K/home/thales/linorobot2/ros2_ws/src/hoverboard-driver-pkg/src/main.cpp:214:37:[m[K [01;31m[Kerror: [m[Kbase operand of ‘[01m[K->[m[K’ has non-pointer type ‘[01m[Knav_msgs::msg::Odometry_<std::allocator<void> >[m[K’
[15.021s]   214 |                             odom_msg[01;31m[K->[m[Ktwist.twist.angular.x = 0.0;
[15.021s]       |                                     [01;31m[K^~[m[K
[15.021s] [01m[K/home/thales/linorobot2/ros2_ws/src/hoverboard-driver-pkg/src/main.cpp:215:37:[m[K [01;31m[Kerror: [m[Kbase operand of ‘[01m[K->[m[K’ has non-pointer type ‘[01m[Knav_msgs::msg::Odometry_<std::allocator<void> >[m[K’
[15.022s]   215 |                             odom_msg[01;31m[K->[m[Ktwist.twist.angular.y = 0.0;
[15.022s]       |                                     [01;31m[K^~[m[K
[15.023s] [01m[K/home/thales/linorobot2/ros2_ws/src/hoverboard-driver-pkg/src/main.cpp:216:37:[m[K [01;31m[Kerror: [m[Kbase operand of ‘[01m[K->[m[K’ has non-pointer type ‘[01m[Knav_msgs::msg::Odometry_<std::allocator<void> >[m[K’
[15.023s]   216 |                             odom_msg[01;31m[K->[m[Ktwist.twist.angular.z = wz;
[15.023s]       |                                     [01;31m[K^~[m[K
[15.024s] [01m[K/home/thales/linorobot2/ros2_ws/src/hoverboard-driver-pkg/src/main.cpp:217:35:[m[K [01;31m[Kerror: [m[K‘[01m[Kusing SharedPtr = class std::shared_ptr<rclcpp::Publisher<nav_msgs::msg::Odometry_<std::allocator<void> > > >[m[K’ {aka ‘[01m[Kclass std::shared_ptr<rclcpp::Publisher<nav_msgs::msg::Odometry_<std::allocator<void> > > >[m[K’} has no member named ‘[01m[Kpublish[m[K’
[15.024s]   217 |                         _odom_pub.[01;31m[Kpublish[m[K(odom_msg);
[15.025s]       |                                   [01;31m[K^~~~~~~[m[K
[25.884s] gmake[2]: *** [CMakeFiles/hoverboard-driver.dir/build.make:76: CMakeFiles/hoverboard-driver.dir/src/main.cpp.o] Error 1
[25.885s] gmake[1]: *** [CMakeFiles/Makefile2:137: CMakeFiles/hoverboard-driver.dir/all] Error 2
[25.886s] gmake: *** [Makefile:146: all] Error 2
[25.894s] Invoked command in '/home/thales/linorobot2/ros2_ws/build/hoverboard-driver-pkg' returned '2': CMAKE_PREFIX_PATH=${CMAKE_PREFIX_PATH}:/home/thales/linorobot2/ros2_ws/install/bringup:/opt/ros/humble /usr/bin/cmake --build /home/thales/linorobot2/ros2_ws/build/hoverboard-driver-pkg -- -j4 -l4
