[3.460s] Invoking command in '/home/thales/linorobot2/ros2_ws/src/bringup': PYTHONPATH=/home/thales/linorobot2/ros2_ws/build/bringup/prefix_override:/home/thales/linorobot2/ros2_ws/install/bringup/lib/python3.10/site-packages:${PYTHONPATH} /usr/bin/python3 setup.py egg_info --egg-base ../../build/bringup build --build-base /home/thales/linorobot2/ros2_ws/build/bringup/build install --record /home/thales/linorobot2/ros2_ws/build/bringup/install.log --single-version-externally-managed
[4.813s] running egg_info
[4.816s] writing ../../build/bringup/bringup.egg-info/PKG-INFO
[4.817s] writing dependency_links to ../../build/bringup/bringup.egg-info/dependency_links.txt
[4.818s] writing entry points to ../../build/bringup/bringup.egg-info/entry_points.txt
[4.819s] writing requirements to ../../build/bringup/bringup.egg-info/requires.txt
[4.820s] writing top-level names to ../../build/bringup/bringup.egg-info/top_level.txt
[4.830s] reading manifest file '../../build/bringup/bringup.egg-info/SOURCES.txt'
[4.834s] writing manifest file '../../build/bringup/bringup.egg-info/SOURCES.txt'
[4.835s] running build
[4.835s] running build_py
[4.836s] running install
[4.837s] running install_lib
[4.842s] running install_data
[4.845s] running install_egg_info
[4.852s] removing '/home/thales/linorobot2/ros2_ws/install/bringup/lib/python3.10/site-packages/bringup-0.0.0-py3.10.egg-info' (and everything under it)
[4.854s] Copying ../../build/bringup/bringup.egg-info to /home/thales/linorobot2/ros2_ws/install/bringup/lib/python3.10/site-packages/bringup-0.0.0-py3.10.egg-info
[4.861s] running install_scripts
[4.950s] writing list of installed files to '/home/thales/linorobot2/ros2_ws/build/bringup/install.log'
[5.104s] Invoked command in '/home/thales/linorobot2/ros2_ws/src/bringup' returned '0': PYTHONPATH=/home/thales/linorobot2/ros2_ws/build/bringup/prefix_override:/home/thales/linorobot2/ros2_ws/install/bringup/lib/python3.10/site-packages:${PYTHONPATH} /usr/bin/python3 setup.py egg_info --egg-base ../../build/bringup build --build-base /home/thales/linorobot2/ros2_ws/build/bringup/build install --record /home/thales/linorobot2/ros2_ws/build/bringup/install.log --single-version-externally-managed
