[0.135s] Invoking command in '/home/thales/linorobot2/ros2_ws/build/hoverboard-driver-pkg': CMAKE_PREFIX_PATH=${CMAKE_PREFIX_PATH}:/home/thales/linorobot2/ros2_ws/install/bringup:/opt/ros/humble /usr/bin/cmake --build /home/thales/linorobot2/ros2_ws/build/hoverboard-driver-pkg -- -j4 -l4
[0.334s] -- Found ament_cmake: 1.3.3 (/opt/ros/humble/share/ament_cmake/cmake)
[1.362s] -- Found rclcpp: 16.0.3 (/opt/ros/humble/share/rclcpp/cmake)
[1.596s] -- Found rosidl_generator_c: 3.1.4 (/opt/ros/humble/share/rosidl_generator_c/cmake)
[1.609s] -- Found rosidl_adapter: 3.1.4 (/opt/ros/humble/share/rosidl_adapter/cmake)
[1.638s] -- Found rosidl_generator_cpp: 3.1.4 (/opt/ros/humble/share/rosidl_generator_cpp/cmake)
[1.696s] -- Using all available rosidl_typesupport_c: rosidl_typesupport_fastrtps_c;rosidl_typesupport_introspection_c
[1.775s] -- Using all available rosidl_typesupport_cpp: rosidl_typesupport_fastrtps_cpp;rosidl_typesupport_introspection_cpp
[2.060s] -- Found rmw_implementation_cmake: 6.1.1 (/opt/ros/humble/share/rmw_implementation_cmake/cmake)
[2.070s] -- Found rmw_fastrtps_cpp: 6.2.2 (/opt/ros/humble/share/rmw_fastrtps_cpp/cmake)
[3.287s] -- Using RMW implementation 'rmw_fastrtps_cpp' as default
[4.018s] -- Found ament_lint_auto: 0.12.5 (/opt/ros/humble/share/ament_lint_auto/cmake)
[4.409s] -- Added test 'cppcheck' to perform static code analysis on C / C++ code
[4.409s] -- Configured cppcheck include dirs: 
[4.410s] -- Configured cppcheck exclude dirs and/or files: 
[4.414s] -- Added test 'lint_cmake' to check CMake code style
[4.422s] -- Added test 'uncrustify' to check C / C++ code style
[4.423s] -- Configured uncrustify additional arguments: 
[4.426s] -- Added test 'xmllint' to check XML markup files
[4.430s] -- Configuring done
[4.504s] -- Generating done
[4.513s] -- Build files have been written to: /home/thales/linorobot2/ros2_ws/build/hoverboard-driver-pkg
[4.698s] [ 50%] [32mBuilding CXX object CMakeFiles/hoverboard-driver.dir/src/main.cpp.o[0m
[17.953s] [01m[K/home/thales/linorobot2/ros2_ws/src/hoverboard-driver-pkg/src/main.cpp:[m[K In function ‘[01m[Kint main(int, char**)[m[K’:
[17.953s] [01m[K/home/thales/linorobot2/ros2_ws/src/hoverboard-driver-pkg/src/main.cpp:5:22:[m[K [01;31m[Kerror: [m[K‘[01m[Karg[m[K’ was not declared in this scope; did you mean ‘[01m[Kargc[m[K’?
[17.954s]     5 |         rclcpp::init([01;31m[Karg[m[K,argv);
[17.954s]       |                      [01;31m[K^~~[m[K
[17.955s]       |                      [32m[Kargc[m[K
[17.964s] [01m[K/home/thales/linorobot2/ros2_ws/src/hoverboard-driver-pkg/src/main.cpp:3:14:[m[K [01;35m[Kwarning: [m[Kunused parameter ‘[01m[Kargc[m[K’ [[01;35m[K]8;;https://gcc.gnu.org/onlinedocs/gcc/Warning-Options.html#index-Wunused-parameter-Wunused-parameter]8;;[m[K]
[17.964s]     3 | int main([01;35m[Kint argc[m[K, char ** argv)
[17.965s]       |          [01;35m[K~~~~^~~~[m[K
[19.968s] gmake[2]: *** [CMakeFiles/hoverboard-driver.dir/build.make:76: CMakeFiles/hoverboard-driver.dir/src/main.cpp.o] Error 1
[19.969s] gmake[1]: *** [CMakeFiles/Makefile2:137: CMakeFiles/hoverboard-driver.dir/all] Error 2
[19.970s] gmake: *** [Makefile:146: all] Error 2
[19.977s] Invoked command in '/home/thales/linorobot2/ros2_ws/build/hoverboard-driver-pkg' returned '2': CMAKE_PREFIX_PATH=${CMAKE_PREFIX_PATH}:/home/thales/linorobot2/ros2_ws/install/bringup:/opt/ros/humble /usr/bin/cmake --build /home/thales/linorobot2/ros2_ws/build/hoverboard-driver-pkg -- -j4 -l4
