[0.129s] Invoking command in '/home/thales/linorobot2/ros2_ws/build/hoverboard-driver-pkg': CMAKE_PREFIX_PATH=${CMAKE_PREFIX_PATH}:/home/thales/linorobot2/ros2_ws/install/bringup:/opt/ros/humble /usr/bin/cmake --build /home/thales/linorobot2/ros2_ws/build/hoverboard-driver-pkg -- -j4 -l4
[0.444s] [35m[1mConsolidate compiler generated dependencies of target hoverboard-driver[0m
[0.554s] [ 50%] [32mBuilding CXX object CMakeFiles/hoverboard-driver.dir/src/main.cpp.o[0m
[44.102s] [100%] [32m[1mLinking CXX executable hoverboard-driver[0m
[46.420s] [100%] Built target hoverboard-driver
[46.466s] Invoked command in '/home/thales/linorobot2/ros2_ws/build/hoverboard-driver-pkg' returned '0': CMAKE_PREFIX_PATH=${CMAKE_PREFIX_PATH}:/home/thales/linorobot2/ros2_ws/install/bringup:/opt/ros/humble /usr/bin/cmake --build /home/thales/linorobot2/ros2_ws/build/hoverboard-driver-pkg -- -j4 -l4
[46.653s] Invoking command in '/home/thales/linorobot2/ros2_ws/build/hoverboard-driver-pkg': CMAKE_PREFIX_PATH=${CMAKE_PREFIX_PATH}:/home/thales/linorobot2/ros2_ws/install/bringup:/opt/ros/humble /usr/bin/cmake --install /home/thales/linorobot2/ros2_ws/build/hoverboard-driver-pkg
[46.682s] -- Install configuration: ""
[46.683s] -- Installing: /home/thales/linorobot2/ros2_ws/install/hoverboard-driver-pkg/lib/hoverboard-driver-pkg/hoverboard-driver
[46.723s] -- Set runtime path of "/home/thales/linorobot2/ros2_ws/install/hoverboard-driver-pkg/lib/hoverboard-driver-pkg/hoverboard-driver" to ""
[46.723s] -- Up-to-date: /home/thales/linorobot2/ros2_ws/install/hoverboard-driver-pkg/share/ament_index/resource_index/package_run_dependencies/hoverboard-driver-pkg
[46.724s] -- Up-to-date: /home/thales/linorobot2/ros2_ws/install/hoverboard-driver-pkg/share/ament_index/resource_index/parent_prefix_path/hoverboard-driver-pkg
[46.725s] -- Up-to-date: /home/thales/linorobot2/ros2_ws/install/hoverboard-driver-pkg/share/hoverboard-driver-pkg/environment/ament_prefix_path.sh
[46.725s] -- Up-to-date: /home/thales/linorobot2/ros2_ws/install/hoverboard-driver-pkg/share/hoverboard-driver-pkg/environment/ament_prefix_path.dsv
[46.726s] -- Up-to-date: /home/thales/linorobot2/ros2_ws/install/hoverboard-driver-pkg/share/hoverboard-driver-pkg/environment/path.sh
[46.726s] -- Up-to-date: /home/thales/linorobot2/ros2_ws/install/hoverboard-driver-pkg/share/hoverboard-driver-pkg/environment/path.dsv
[46.727s] -- Up-to-date: /home/thales/linorobot2/ros2_ws/install/hoverboard-driver-pkg/share/hoverboard-driver-pkg/local_setup.bash
[46.727s] -- Up-to-date: /home/thales/linorobot2/ros2_ws/install/hoverboard-driver-pkg/share/hoverboard-driver-pkg/local_setup.sh
[46.728s] -- Up-to-date: /home/thales/linorobot2/ros2_ws/install/hoverboard-driver-pkg/share/hoverboard-driver-pkg/local_setup.zsh
[46.728s] -- Up-to-date: /home/thales/linorobot2/ros2_ws/install/hoverboard-driver-pkg/share/hoverboard-driver-pkg/local_setup.dsv
[46.728s] -- Installing: /home/thales/linorobot2/ros2_ws/install/hoverboard-driver-pkg/share/hoverboard-driver-pkg/package.dsv
[46.730s] -- Up-to-date: /home/thales/linorobot2/ros2_ws/install/hoverboard-driver-pkg/share/ament_index/resource_index/packages/hoverboard-driver-pkg
[46.730s] -- Up-to-date: /home/thales/linorobot2/ros2_ws/install/hoverboard-driver-pkg/share/hoverboard-driver-pkg/cmake/hoverboard-driver-pkgConfig.cmake
[46.731s] -- Up-to-date: /home/thales/linorobot2/ros2_ws/install/hoverboard-driver-pkg/share/hoverboard-driver-pkg/cmake/hoverboard-driver-pkgConfig-version.cmake
[46.731s] -- Up-to-date: /home/thales/linorobot2/ros2_ws/install/hoverboard-driver-pkg/share/hoverboard-driver-pkg/package.xml
[46.748s] Invoked command in '/home/thales/linorobot2/ros2_ws/build/hoverboard-driver-pkg' returned '0': CMAKE_PREFIX_PATH=${CMAKE_PREFIX_PATH}:/home/thales/linorobot2/ros2_ws/install/bringup:/opt/ros/humble /usr/bin/cmake --install /home/thales/linorobot2/ros2_ws/build/hoverboard-driver-pkg
