[0.122s] Invoking command in '/home/thales/linorobot2/ros2_ws/build/hoverboard-driver-pkg': CMAKE_PREFIX_PATH=${CMAKE_PREFIX_PATH}:/home/thales/linorobot2/ros2_ws/install/bringup:/opt/ros/humble /usr/bin/cmake --build /home/thales/linorobot2/ros2_ws/build/hoverboard-driver-pkg -- -j4 -l4
[0.310s] -- Found ament_cmake: 1.3.3 (/opt/ros/humble/share/ament_cmake/cmake)
[1.310s] -- Found rclcpp: 16.0.3 (/opt/ros/humble/share/rclcpp/cmake)
[1.670s] -- Found rosidl_generator_c: 3.1.4 (/opt/ros/humble/share/rosidl_generator_c/cmake)
[1.691s] -- Found rosidl_adapter: 3.1.4 (/opt/ros/humble/share/rosidl_adapter/cmake)
[1.740s] -- Found rosidl_generator_cpp: 3.1.4 (/opt/ros/humble/share/rosidl_generator_cpp/cmake)
[1.822s] -- Using all available rosidl_typesupport_c: rosidl_typesupport_fastrtps_c;rosidl_typesupport_introspection_c
[1.929s] -- Using all available rosidl_typesupport_cpp: rosidl_typesupport_fastrtps_cpp;rosidl_typesupport_introspection_cpp
[2.278s] -- Found rmw_implementation_cmake: 6.1.1 (/opt/ros/humble/share/rmw_implementation_cmake/cmake)
[2.292s] -- Found rmw_fastrtps_cpp: 6.2.2 (/opt/ros/humble/share/rmw_fastrtps_cpp/cmake)
[3.568s] -- Using RMW implementation 'rmw_fastrtps_cpp' as default
[4.414s] -- Found geometry_msgs: 4.2.3 (/opt/ros/humble/share/geometry_msgs/cmake)
[4.670s] -- Found nav_msgs: 4.2.3 (/opt/ros/humble/share/nav_msgs/cmake)
[5.074s] -- Found ament_lint_auto: 0.12.5 (/opt/ros/humble/share/ament_lint_auto/cmake)
[5.494s] -- Added test 'cppcheck' to perform static code analysis on C / C++ code
[5.495s] -- Configured cppcheck include dirs: /home/thales/linorobot2/ros2_ws/src/hoverboard-driver-pkg/include
[5.496s] -- Configured cppcheck exclude dirs and/or files: 
[5.502s] -- Added test 'lint_cmake' to check CMake code style
[5.513s] -- Added test 'uncrustify' to check C / C++ code style
[5.513s] -- Configured uncrustify additional arguments: 
[5.516s] -- Added test 'xmllint' to check XML markup files
[5.526s] -- Configuring done
[5.633s] -- Generating done
[5.648s] -- Build files have been written to: /home/thales/linorobot2/ros2_ws/build/hoverboard-driver-pkg
[5.784s] [35m[1mConsolidate compiler generated dependencies of target hoverboard-driver[0m
[5.890s] [ 50%] [32mBuilding CXX object CMakeFiles/hoverboard-driver.dir/src/main.cpp.o[0m
[7.623s] [01m[K/home/thales/linorobot2/ros2_ws/src/hoverboard-driver-pkg/src/main.cpp:4:10:[m[K [01;31m[Kfatal error: [m[Knav_msgs/msg/odometry.hpp: No such file or directory
[7.623s]     4 | #include [01;31m[K"nav_msgs/msg/odometry.hpp"[m[K
[7.624s]       |          [01;31m[K^~~~~~~~~~~~~~~~~~~~~~~~~~~[m[K
[7.624s] compilation terminated.
[7.632s] gmake[2]: *** [CMakeFiles/hoverboard-driver.dir/build.make:76: CMakeFiles/hoverboard-driver.dir/src/main.cpp.o] Error 1
[7.634s] gmake[1]: *** [CMakeFiles/Makefile2:137: CMakeFiles/hoverboard-driver.dir/all] Error 2
[7.635s] gmake: *** [Makefile:146: all] Error 2
[7.643s] Invoked command in '/home/thales/linorobot2/ros2_ws/build/hoverboard-driver-pkg' returned '2': CMAKE_PREFIX_PATH=${CMAKE_PREFIX_PATH}:/home/thales/linorobot2/ros2_ws/install/bringup:/opt/ros/humble /usr/bin/cmake --build /home/thales/linorobot2/ros2_ws/build/hoverboard-driver-pkg -- -j4 -l4
