[0.144s] Invoking command in '/home/thales/linorobot2/ros2_ws/build/hoverboard-driver-pkg': CMAKE_PREFIX_PATH=${CMAKE_PREFIX_PATH}:/home/thales/linorobot2/ros2_ws/install/bringup:/opt/ros/humble /usr/bin/cmake --build /home/thales/linorobot2/ros2_ws/build/hoverboard-driver-pkg -- -j4 -l4
[0.395s] [35m[1mConsolidate compiler generated dependencies of target hoverboard-driver[0m
[0.513s] [ 50%] [32mBuilding CXX object CMakeFiles/hoverboard-driver.dir/src/main.cpp.o[0m
[45.470s] [100%] [32m[1mLinking CXX executable hoverboard-driver[0m
[48.354s] [100%] Built target hoverboard-driver
[48.401s] Invoked command in '/home/thales/linorobot2/ros2_ws/build/hoverboard-driver-pkg' returned '0': CMAKE_PREFIX_PATH=${CMAKE_PREFIX_PATH}:/home/thales/linorobot2/ros2_ws/install/bringup:/opt/ros/humble /usr/bin/cmake --build /home/thales/linorobot2/ros2_ws/build/hoverboard-driver-pkg -- -j4 -l4
[48.570s] Invoking command in '/home/thales/linorobot2/ros2_ws/build/hoverboard-driver-pkg': CMAKE_PREFIX_PATH=${CMAKE_PREFIX_PATH}:/home/thales/linorobot2/ros2_ws/install/bringup:/opt/ros/humble /usr/bin/cmake --install /home/thales/linorobot2/ros2_ws/build/hoverboard-driver-pkg
[48.603s] -- Install configuration: ""
[48.605s] -- Installing: /home/thales/linorobot2/ros2_ws/install/hoverboard-driver-pkg/lib/hoverboard-driver-pkg/hoverboard-driver
[48.644s] -- Set runtime path of "/home/thales/linorobot2/ros2_ws/install/hoverboard-driver-pkg/lib/hoverboard-driver-pkg/hoverboard-driver" to ""
[48.646s] -- Up-to-date: /home/thales/linorobot2/ros2_ws/install/hoverboard-driver-pkg/share/ament_index/resource_index/package_run_dependencies/hoverboard-driver-pkg
[48.648s] -- Up-to-date: /home/thales/linorobot2/ros2_ws/install/hoverboard-driver-pkg/share/ament_index/resource_index/parent_prefix_path/hoverboard-driver-pkg
[48.651s] -- Up-to-date: /home/thales/linorobot2/ros2_ws/install/hoverboard-driver-pkg/share/hoverboard-driver-pkg/environment/ament_prefix_path.sh
[48.653s] -- Up-to-date: /home/thales/linorobot2/ros2_ws/install/hoverboard-driver-pkg/share/hoverboard-driver-pkg/environment/ament_prefix_path.dsv
[48.654s] -- Up-to-date: /home/thales/linorobot2/ros2_ws/install/hoverboard-driver-pkg/share/hoverboard-driver-pkg/environment/path.sh
[48.654s] -- Up-to-date: /home/thales/linorobot2/ros2_ws/install/hoverboard-driver-pkg/share/hoverboard-driver-pkg/environment/path.dsv
[48.655s] -- Up-to-date: /home/thales/linorobot2/ros2_ws/install/hoverboard-driver-pkg/share/hoverboard-driver-pkg/local_setup.bash
[48.655s] -- Up-to-date: /home/thales/linorobot2/ros2_ws/install/hoverboard-driver-pkg/share/hoverboard-driver-pkg/local_setup.sh
[48.655s] -- Up-to-date: /home/thales/linorobot2/ros2_ws/install/hoverboard-driver-pkg/share/hoverboard-driver-pkg/local_setup.zsh
[48.656s] -- Up-to-date: /home/thales/linorobot2/ros2_ws/install/hoverboard-driver-pkg/share/hoverboard-driver-pkg/local_setup.dsv
[48.656s] -- Installing: /home/thales/linorobot2/ros2_ws/install/hoverboard-driver-pkg/share/hoverboard-driver-pkg/package.dsv
[48.657s] -- Up-to-date: /home/thales/linorobot2/ros2_ws/install/hoverboard-driver-pkg/share/ament_index/resource_index/packages/hoverboard-driver-pkg
[48.657s] -- Up-to-date: /home/thales/linorobot2/ros2_ws/install/hoverboard-driver-pkg/share/hoverboard-driver-pkg/cmake/hoverboard-driver-pkgConfig.cmake
[48.658s] -- Up-to-date: /home/thales/linorobot2/ros2_ws/install/hoverboard-driver-pkg/share/hoverboard-driver-pkg/cmake/hoverboard-driver-pkgConfig-version.cmake
[48.659s] -- Up-to-date: /home/thales/linorobot2/ros2_ws/install/hoverboard-driver-pkg/share/hoverboard-driver-pkg/package.xml
[48.675s] Invoked command in '/home/thales/linorobot2/ros2_ws/build/hoverboard-driver-pkg' returned '0': CMAKE_PREFIX_PATH=${CMAKE_PREFIX_PATH}:/home/thales/linorobot2/ros2_ws/install/bringup:/opt/ros/humble /usr/bin/cmake --install /home/thales/linorobot2/ros2_ws/build/hoverboard-driver-pkg
