[0.131s] Invoking command in '/home/thales/linorobot2/ros2_ws/build/hoverboard-driver-pkg': CMAKE_PREFIX_PATH=${CMAKE_PREFIX_PATH}:/home/thales/linorobot2/ros2_ws/install/bringup:/opt/ros/humble /usr/bin/cmake --build /home/thales/linorobot2/ros2_ws/build/hoverboard-driver-pkg -- -j4 -l4
[0.347s] [35m[1mConsolidate compiler generated dependencies of target hoverboard-driver[0m
[0.474s] [ 50%] [32mBuilding CXX object CMakeFiles/hoverboard-driver.dir/src/main.cpp.o[0m
[41.325s] [100%] [32m[1mLinking CXX executable hoverboard-driver[0m
[43.439s] [100%] Built target hoverboard-driver
[43.484s] Invoked command in '/home/thales/linorobot2/ros2_ws/build/hoverboard-driver-pkg' returned '0': CMAKE_PREFIX_PATH=${CMAKE_PREFIX_PATH}:/home/thales/linorobot2/ros2_ws/install/bringup:/opt/ros/humble /usr/bin/cmake --build /home/thales/linorobot2/ros2_ws/build/hoverboard-driver-pkg -- -j4 -l4
[43.656s] Invoking command in '/home/thales/linorobot2/ros2_ws/build/hoverboard-driver-pkg': CMAKE_PREFIX_PATH=${CMAKE_PREFIX_PATH}:/home/thales/linorobot2/ros2_ws/install/bringup:/opt/ros/humble /usr/bin/cmake --install /home/thales/linorobot2/ros2_ws/build/hoverboard-driver-pkg
[43.686s] -- Install configuration: ""
[43.688s] -- Installing: /home/thales/linorobot2/ros2_ws/install/hoverboard-driver-pkg/lib/hoverboard-driver-pkg/hoverboard-driver
[43.725s] -- Set runtime path of "/home/thales/linorobot2/ros2_ws/install/hoverboard-driver-pkg/lib/hoverboard-driver-pkg/hoverboard-driver" to ""
[43.725s] -- Up-to-date: /home/thales/linorobot2/ros2_ws/install/hoverboard-driver-pkg/share/ament_index/resource_index/package_run_dependencies/hoverboard-driver-pkg
[43.725s] -- Up-to-date: /home/thales/linorobot2/ros2_ws/install/hoverboard-driver-pkg/share/ament_index/resource_index/parent_prefix_path/hoverboard-driver-pkg
[43.726s] -- Up-to-date: /home/thales/linorobot2/ros2_ws/install/hoverboard-driver-pkg/share/hoverboard-driver-pkg/environment/ament_prefix_path.sh
[43.727s] -- Up-to-date: /home/thales/linorobot2/ros2_ws/install/hoverboard-driver-pkg/share/hoverboard-driver-pkg/environment/ament_prefix_path.dsv
[43.727s] -- Up-to-date: /home/thales/linorobot2/ros2_ws/install/hoverboard-driver-pkg/share/hoverboard-driver-pkg/environment/path.sh
[43.728s] -- Up-to-date: /home/thales/linorobot2/ros2_ws/install/hoverboard-driver-pkg/share/hoverboard-driver-pkg/environment/path.dsv
[43.728s] -- Up-to-date: /home/thales/linorobot2/ros2_ws/install/hoverboard-driver-pkg/share/hoverboard-driver-pkg/local_setup.bash
[43.729s] -- Up-to-date: /home/thales/linorobot2/ros2_ws/install/hoverboard-driver-pkg/share/hoverboard-driver-pkg/local_setup.sh
[43.729s] -- Up-to-date: /home/thales/linorobot2/ros2_ws/install/hoverboard-driver-pkg/share/hoverboard-driver-pkg/local_setup.zsh
[43.729s] -- Up-to-date: /home/thales/linorobot2/ros2_ws/install/hoverboard-driver-pkg/share/hoverboard-driver-pkg/local_setup.dsv
[43.730s] -- Installing: /home/thales/linorobot2/ros2_ws/install/hoverboard-driver-pkg/share/hoverboard-driver-pkg/package.dsv
[43.731s] -- Up-to-date: /home/thales/linorobot2/ros2_ws/install/hoverboard-driver-pkg/share/ament_index/resource_index/packages/hoverboard-driver-pkg
[43.732s] -- Up-to-date: /home/thales/linorobot2/ros2_ws/install/hoverboard-driver-pkg/share/hoverboard-driver-pkg/cmake/hoverboard-driver-pkgConfig.cmake
[43.733s] -- Up-to-date: /home/thales/linorobot2/ros2_ws/install/hoverboard-driver-pkg/share/hoverboard-driver-pkg/cmake/hoverboard-driver-pkgConfig-version.cmake
[43.733s] -- Up-to-date: /home/thales/linorobot2/ros2_ws/install/hoverboard-driver-pkg/share/hoverboard-driver-pkg/package.xml
[43.748s] Invoked command in '/home/thales/linorobot2/ros2_ws/build/hoverboard-driver-pkg' returned '0': CMAKE_PREFIX_PATH=${CMAKE_PREFIX_PATH}:/home/thales/linorobot2/ros2_ws/install/bringup:/opt/ros/humble /usr/bin/cmake --install /home/thales/linorobot2/ros2_ws/build/hoverboard-driver-pkg
