[3.020s] DEBUG:colcon:Command line arguments: ['/usr/bin/colcon', 'build']
[3.021s] DEBUG:colcon:Parsed command line arguments: Namespace(log_base=None, log_level=None, verb_name='build', build_base='build', install_base='install', merge_install=False, symlink_install=False, test_result_base=None, continue_on_error=False, executor='parallel', parallel_workers=4, event_handlers=None, ignore_user_meta=False, metas=['./colcon.meta'], base_paths=['.'], packages_ignore=None, packages_ignore_regex=None, paths=None, packages_up_to=None, packages_up_to_regex=None, packages_above=None, packages_above_and_dependencies=None, packages_above_depth=None, packages_select_by_dep=None, packages_skip_by_dep=None, packages_skip_up_to=None, packages_select_build_failed=False, packages_skip_build_finished=False, packages_select_test_failures=False, packages_skip_test_passed=False, packages_select=None, packages_skip=None, packages_select_regex=None, packages_skip_regex=None, packages_start=None, packages_end=None, allow_overriding=[], cmake_args=None, cmake_target=None, cmake_target_skip_unavailable=False, cmake_clean_cache=False, cmake_clean_first=False, cmake_force_configure=False, ament_cmake_args=None, catkin_cmake_args=None, catkin_skip_building_tests=False, verb_parser=<colcon_defaults.argument_parser.defaults.DefaultArgumentsDecorator object at 0xffff95fda170>, verb_extension=<colcon_core.verb.build.BuildVerb object at 0xffff95fd9c00>, main=<bound method BuildVerb.main of <colcon_core.verb.build.BuildVerb object at 0xffff95fd9c00>>)
[3.273s] Level 1:colcon.colcon_core.package_discovery:discover_packages(colcon_meta) check parameters
[3.274s] Level 1:colcon.colcon_core.package_discovery:discover_packages(recursive) check parameters
[3.274s] Level 1:colcon.colcon_core.package_discovery:discover_packages(ignore) check parameters
[3.274s] Level 1:colcon.colcon_core.package_discovery:discover_packages(path) check parameters
[3.274s] Level 1:colcon.colcon_core.package_discovery:discover_packages(colcon_meta) discover
[3.275s] Level 1:colcon.colcon_core.package_discovery:discover_packages(recursive) discover
[3.275s] INFO:colcon.colcon_core.package_discovery:Crawling recursively for packages in '/home/thales/linorobot2/ros2_ws'
[3.276s] Level 1:colcon.colcon_core.package_identification:_identify(.) by extensions ['ignore', 'ignore_ament_install']
[3.281s] Level 1:colcon.colcon_core.package_identification:_identify(.) by extension 'ignore'
[3.281s] Level 1:colcon.colcon_core.package_identification:_identify(.) by extension 'ignore_ament_install'
[3.282s] Level 1:colcon.colcon_core.package_identification:_identify(.) by extensions ['colcon_pkg']
[3.282s] Level 1:colcon.colcon_core.package_identification:_identify(.) by extension 'colcon_pkg'
[3.283s] Level 1:colcon.colcon_core.package_identification:_identify(.) by extensions ['colcon_meta']
[3.283s] Level 1:colcon.colcon_core.package_identification:_identify(.) by extension 'colcon_meta'
[3.283s] Level 1:colcon.colcon_core.package_identification:_identify(.) by extensions ['ros']
[3.283s] Level 1:colcon.colcon_core.package_identification:_identify(.) by extension 'ros'
[3.363s] Level 1:colcon.colcon_core.package_identification:_identify(.) by extensions ['cmake', 'python']
[3.363s] Level 1:colcon.colcon_core.package_identification:_identify(.) by extension 'cmake'
[3.364s] Level 1:colcon.colcon_core.package_identification:_identify(.) by extension 'python'
[3.364s] Level 1:colcon.colcon_core.package_identification:_identify(.) by extensions ['python_setup_py']
[3.364s] Level 1:colcon.colcon_core.package_identification:_identify(.) by extension 'python_setup_py'
[3.365s] Level 1:colcon.colcon_core.package_identification:_identify(build) by extensions ['ignore', 'ignore_ament_install']
[3.365s] Level 1:colcon.colcon_core.package_identification:_identify(build) by extension 'ignore'
[3.365s] Level 1:colcon.colcon_core.package_identification:_identify(build) ignored
[3.367s] Level 1:colcon.colcon_core.package_identification:_identify(install) by extensions ['ignore', 'ignore_ament_install']
[3.367s] Level 1:colcon.colcon_core.package_identification:_identify(install) by extension 'ignore'
[3.367s] Level 1:colcon.colcon_core.package_identification:_identify(install) ignored
[3.368s] Level 1:colcon.colcon_core.package_identification:_identify(log) by extensions ['ignore', 'ignore_ament_install']
[3.369s] Level 1:colcon.colcon_core.package_identification:_identify(log) by extension 'ignore'
[3.369s] Level 1:colcon.colcon_core.package_identification:_identify(log) ignored
[3.369s] Level 1:colcon.colcon_core.package_identification:_identify(src) by extensions ['ignore', 'ignore_ament_install']
[3.370s] Level 1:colcon.colcon_core.package_identification:_identify(src) by extension 'ignore'
[3.370s] Level 1:colcon.colcon_core.package_identification:_identify(src) by extension 'ignore_ament_install'
[3.370s] Level 1:colcon.colcon_core.package_identification:_identify(src) by extensions ['colcon_pkg']
[3.370s] Level 1:colcon.colcon_core.package_identification:_identify(src) by extension 'colcon_pkg'
[3.371s] Level 1:colcon.colcon_core.package_identification:_identify(src) by extensions ['colcon_meta']
[3.371s] Level 1:colcon.colcon_core.package_identification:_identify(src) by extension 'colcon_meta'
[3.371s] Level 1:colcon.colcon_core.package_identification:_identify(src) by extensions ['ros']
[3.371s] Level 1:colcon.colcon_core.package_identification:_identify(src) by extension 'ros'
[3.372s] Level 1:colcon.colcon_core.package_identification:_identify(src) by extensions ['cmake', 'python']
[3.372s] Level 1:colcon.colcon_core.package_identification:_identify(src) by extension 'cmake'
[3.372s] Level 1:colcon.colcon_core.package_identification:_identify(src) by extension 'python'
[3.372s] Level 1:colcon.colcon_core.package_identification:_identify(src) by extensions ['python_setup_py']
[3.372s] Level 1:colcon.colcon_core.package_identification:_identify(src) by extension 'python_setup_py'
[3.373s] Level 1:colcon.colcon_core.package_identification:_identify(src/hoverboard-driver-pkg) by extensions ['ignore', 'ignore_ament_install']
[3.374s] Level 1:colcon.colcon_core.package_identification:_identify(src/hoverboard-driver-pkg) by extension 'ignore'
[3.374s] Level 1:colcon.colcon_core.package_identification:_identify(src/hoverboard-driver-pkg) by extension 'ignore_ament_install'
[3.374s] Level 1:colcon.colcon_core.package_identification:_identify(src/hoverboard-driver-pkg) by extensions ['colcon_pkg']
[3.374s] Level 1:colcon.colcon_core.package_identification:_identify(src/hoverboard-driver-pkg) by extension 'colcon_pkg'
[3.375s] Level 1:colcon.colcon_core.package_identification:_identify(src/hoverboard-driver-pkg) by extensions ['colcon_meta']
[3.375s] Level 1:colcon.colcon_core.package_identification:_identify(src/hoverboard-driver-pkg) by extension 'colcon_meta'
[3.375s] Level 1:colcon.colcon_core.package_identification:_identify(src/hoverboard-driver-pkg) by extensions ['ros']
[3.375s] Level 1:colcon.colcon_core.package_identification:_identify(src/hoverboard-driver-pkg) by extension 'ros'
[3.392s] DEBUG:colcon.colcon_core.package_identification:Package 'src/hoverboard-driver-pkg' with type 'ros.ament_cmake' and name 'hoverboard-driver-pkg'
[3.393s] Level 1:colcon.colcon_core.package_identification:_identify(src/my_robot_bringup) by extensions ['ignore', 'ignore_ament_install']
[3.394s] Level 1:colcon.colcon_core.package_identification:_identify(src/my_robot_bringup) by extension 'ignore'
[3.395s] Level 1:colcon.colcon_core.package_identification:_identify(src/my_robot_bringup) by extension 'ignore_ament_install'
[3.395s] Level 1:colcon.colcon_core.package_identification:_identify(src/my_robot_bringup) by extensions ['colcon_pkg']
[3.396s] Level 1:colcon.colcon_core.package_identification:_identify(src/my_robot_bringup) by extension 'colcon_pkg'
[3.396s] Level 1:colcon.colcon_core.package_identification:_identify(src/my_robot_bringup) by extensions ['colcon_meta']
[3.396s] Level 1:colcon.colcon_core.package_identification:_identify(src/my_robot_bringup) by extension 'colcon_meta'
[3.396s] Level 1:colcon.colcon_core.package_identification:_identify(src/my_robot_bringup) by extensions ['ros']
[3.397s] Level 1:colcon.colcon_core.package_identification:_identify(src/my_robot_bringup) by extension 'ros'
[3.401s] DEBUG:colcon.colcon_core.package_identification:Package 'src/my_robot_bringup' with type 'ros.ament_cmake' and name 'my_robot_bringup'
[3.401s] Level 1:colcon.colcon_core.package_discovery:discover_packages(recursive) using defaults
[3.401s] Level 1:colcon.colcon_core.package_discovery:discover_packages(ignore) discover
[3.401s] Level 1:colcon.colcon_core.package_discovery:discover_packages(ignore) using defaults
[3.401s] Level 1:colcon.colcon_core.package_discovery:discover_packages(path) discover
[3.402s] Level 1:colcon.colcon_core.package_discovery:discover_packages(path) using defaults
[3.574s] Level 1:colcon.colcon_core.package_discovery:discover_packages(prefix_path) check parameters
[3.574s] Level 1:colcon.colcon_core.package_discovery:discover_packages(prefix_path) discover
[3.598s] DEBUG:colcon.colcon_installed_package_information.package_discovery:Found 3 installed packages in /home/thales/linorobot2/ros2_ws/install
[3.615s] DEBUG:colcon.colcon_installed_package_information.package_discovery:Found 271 installed packages in /opt/ros/humble
[3.623s] Level 1:colcon.colcon_core.package_discovery:discover_packages(prefix_path) using defaults
[4.143s] Level 5:colcon.colcon_core.verb:set package 'hoverboard-driver-pkg' build argument 'cmake_args' from command line to 'None'
[4.144s] Level 5:colcon.colcon_core.verb:set package 'hoverboard-driver-pkg' build argument 'cmake_target' from command line to 'None'
[4.144s] Level 5:colcon.colcon_core.verb:set package 'hoverboard-driver-pkg' build argument 'cmake_target_skip_unavailable' from command line to 'False'
[4.144s] Level 5:colcon.colcon_core.verb:set package 'hoverboard-driver-pkg' build argument 'cmake_clean_cache' from command line to 'False'
[4.144s] Level 5:colcon.colcon_core.verb:set package 'hoverboard-driver-pkg' build argument 'cmake_clean_first' from command line to 'False'
[4.144s] Level 5:colcon.colcon_core.verb:set package 'hoverboard-driver-pkg' build argument 'cmake_force_configure' from command line to 'False'
[4.144s] Level 5:colcon.colcon_core.verb:set package 'hoverboard-driver-pkg' build argument 'ament_cmake_args' from command line to 'None'
[4.144s] Level 5:colcon.colcon_core.verb:set package 'hoverboard-driver-pkg' build argument 'catkin_cmake_args' from command line to 'None'
[4.144s] Level 5:colcon.colcon_core.verb:set package 'hoverboard-driver-pkg' build argument 'catkin_skip_building_tests' from command line to 'False'
[4.145s] DEBUG:colcon.colcon_core.verb:Building package 'hoverboard-driver-pkg' with the following arguments: {'ament_cmake_args': None, 'build_base': '/home/thales/linorobot2/ros2_ws/build/hoverboard-driver-pkg', 'catkin_cmake_args': None, 'catkin_skip_building_tests': False, 'cmake_args': None, 'cmake_clean_cache': False, 'cmake_clean_first': False, 'cmake_force_configure': False, 'cmake_target': None, 'cmake_target_skip_unavailable': False, 'install_base': '/home/thales/linorobot2/ros2_ws/install/hoverboard-driver-pkg', 'merge_install': False, 'path': '/home/thales/linorobot2/ros2_ws/src/hoverboard-driver-pkg', 'symlink_install': False, 'test_result_base': None}
[4.149s] Level 5:colcon.colcon_core.verb:set package 'my_robot_bringup' build argument 'cmake_args' from command line to 'None'
[4.149s] Level 5:colcon.colcon_core.verb:set package 'my_robot_bringup' build argument 'cmake_target' from command line to 'None'
[4.150s] Level 5:colcon.colcon_core.verb:set package 'my_robot_bringup' build argument 'cmake_target_skip_unavailable' from command line to 'False'
[4.150s] Level 5:colcon.colcon_core.verb:set package 'my_robot_bringup' build argument 'cmake_clean_cache' from command line to 'False'
[4.150s] Level 5:colcon.colcon_core.verb:set package 'my_robot_bringup' build argument 'cmake_clean_first' from command line to 'False'
[4.150s] Level 5:colcon.colcon_core.verb:set package 'my_robot_bringup' build argument 'cmake_force_configure' from command line to 'False'
[4.150s] Level 5:colcon.colcon_core.verb:set package 'my_robot_bringup' build argument 'ament_cmake_args' from command line to 'None'
[4.150s] Level 5:colcon.colcon_core.verb:set package 'my_robot_bringup' build argument 'catkin_cmake_args' from command line to 'None'
[4.150s] Level 5:colcon.colcon_core.verb:set package 'my_robot_bringup' build argument 'catkin_skip_building_tests' from command line to 'False'
[4.151s] DEBUG:colcon.colcon_core.verb:Building package 'my_robot_bringup' with the following arguments: {'ament_cmake_args': None, 'build_base': '/home/thales/linorobot2/ros2_ws/build/my_robot_bringup', 'catkin_cmake_args': None, 'catkin_skip_building_tests': False, 'cmake_args': None, 'cmake_clean_cache': False, 'cmake_clean_first': False, 'cmake_force_configure': False, 'cmake_target': None, 'cmake_target_skip_unavailable': False, 'install_base': '/home/thales/linorobot2/ros2_ws/install/my_robot_bringup', 'merge_install': False, 'path': '/home/thales/linorobot2/ros2_ws/src/my_robot_bringup', 'symlink_install': False, 'test_result_base': None}
[4.154s] INFO:colcon.colcon_core.executor:Executing jobs using 'parallel' executor
[4.167s] DEBUG:colcon.colcon_parallel_executor.executor.parallel:run_until_complete
[4.169s] INFO:colcon.colcon_ros.task.ament_cmake.build:Building ROS package in '/home/thales/linorobot2/ros2_ws/src/hoverboard-driver-pkg' with build type 'ament_cmake'
[4.169s] INFO:colcon.colcon_cmake.task.cmake.build:Building CMake package in '/home/thales/linorobot2/ros2_ws/src/hoverboard-driver-pkg'
[4.212s] INFO:colcon.colcon_core.plugin_system:Skipping extension 'colcon_core.shell.bat': Not used on non-Windows systems
[4.214s] INFO:colcon.colcon_core.shell:Skip shell extension 'powershell' for command environment: Not usable outside of PowerShell
[4.214s] DEBUG:colcon.colcon_core.shell:Skip shell extension 'dsv' for command environment
[4.247s] INFO:colcon.colcon_ros.task.ament_cmake.build:Building ROS package in '/home/thales/linorobot2/ros2_ws/src/my_robot_bringup' with build type 'ament_cmake'
[4.248s] INFO:colcon.colcon_cmake.task.cmake.build:Building CMake package in '/home/thales/linorobot2/ros2_ws/src/my_robot_bringup'
[4.257s] INFO:colcon.colcon_core.shell:Skip shell extension 'powershell' for command environment: Not usable outside of PowerShell
[4.258s] DEBUG:colcon.colcon_core.shell:Skip shell extension 'dsv' for command environment
[4.326s] DEBUG:colcon.colcon_core.event_handler.log_command:Invoking command in '/home/thales/linorobot2/ros2_ws/build/hoverboard-driver-pkg': CMAKE_PREFIX_PATH=${CMAKE_PREFIX_PATH}:/home/thales/linorobot2/ros2_ws/install/bringup:/opt/ros/humble /usr/bin/cmake --build /home/thales/linorobot2/ros2_ws/build/hoverboard-driver-pkg -- -j4 -l4
[4.367s] DEBUG:colcon.colcon_core.event_handler.log_command:Invoking command in '/home/thales/linorobot2/ros2_ws/build/my_robot_bringup': CMAKE_PREFIX_PATH=${CMAKE_PREFIX_PATH}:/home/thales/linorobot2/ros2_ws/install/bringup:/opt/ros/humble /usr/bin/cmake --build /home/thales/linorobot2/ros2_ws/build/my_robot_bringup -- -j4 -l4
[4.862s] DEBUG:colcon.colcon_core.event_handler.log_command:Invoked command in '/home/thales/linorobot2/ros2_ws/build/my_robot_bringup' returned '0': CMAKE_PREFIX_PATH=${CMAKE_PREFIX_PATH}:/home/thales/linorobot2/ros2_ws/install/bringup:/opt/ros/humble /usr/bin/cmake --build /home/thales/linorobot2/ros2_ws/build/my_robot_bringup -- -j4 -l4
[5.053s] DEBUG:colcon.colcon_core.event_handler.log_command:Invoking command in '/home/thales/linorobot2/ros2_ws/build/my_robot_bringup': CMAKE_PREFIX_PATH=${CMAKE_PREFIX_PATH}:/home/thales/linorobot2/ros2_ws/install/bringup:/opt/ros/humble /usr/bin/cmake --install /home/thales/linorobot2/ros2_ws/build/my_robot_bringup
[5.121s] Level 1:colcon.colcon_core.environment:create_environment_scripts_only(my_robot_bringup)
[5.125s] DEBUG:colcon.colcon_core.event_handler.log_command:Invoked command in '/home/thales/linorobot2/ros2_ws/build/my_robot_bringup' returned '0': CMAKE_PREFIX_PATH=${CMAKE_PREFIX_PATH}:/home/thales/linorobot2/ros2_ws/install/bringup:/opt/ros/humble /usr/bin/cmake --install /home/thales/linorobot2/ros2_ws/build/my_robot_bringup
[5.170s] Level 1:colcon.colcon_core.environment:checking '/home/thales/linorobot2/ros2_ws/install/my_robot_bringup' for CMake module files
[5.175s] Level 1:colcon.colcon_core.environment:checking '/home/thales/linorobot2/ros2_ws/install/my_robot_bringup' for CMake config files
[5.182s] Level 1:colcon.colcon_core.shell:create_environment_hook('my_robot_bringup', 'cmake_prefix_path')
[5.189s] INFO:colcon.colcon_core.shell:Creating environment hook '/home/thales/linorobot2/ros2_ws/install/my_robot_bringup/share/my_robot_bringup/hook/cmake_prefix_path.ps1'
[5.195s] INFO:colcon.colcon_core.shell:Creating environment descriptor '/home/thales/linorobot2/ros2_ws/install/my_robot_bringup/share/my_robot_bringup/hook/cmake_prefix_path.dsv'
[5.198s] INFO:colcon.colcon_core.shell:Creating environment hook '/home/thales/linorobot2/ros2_ws/install/my_robot_bringup/share/my_robot_bringup/hook/cmake_prefix_path.sh'
[5.204s] Level 1:colcon.colcon_core.environment:checking '/home/thales/linorobot2/ros2_ws/install/my_robot_bringup/bin'
[5.205s] Level 1:colcon.colcon_core.environment:checking '/home/thales/linorobot2/ros2_ws/install/my_robot_bringup/lib/pkgconfig/my_robot_bringup.pc'
[5.206s] Level 1:colcon.colcon_core.environment:checking '/home/thales/linorobot2/ros2_ws/install/my_robot_bringup/lib/python3.10/site-packages'
[5.207s] Level 1:colcon.colcon_core.environment:checking '/home/thales/linorobot2/ros2_ws/install/my_robot_bringup/bin'
[5.215s] INFO:colcon.colcon_core.shell:Creating package script '/home/thales/linorobot2/ros2_ws/install/my_robot_bringup/share/my_robot_bringup/package.ps1'
[5.221s] INFO:colcon.colcon_core.shell:Creating package descriptor '/home/thales/linorobot2/ros2_ws/install/my_robot_bringup/share/my_robot_bringup/package.dsv'
[5.227s] INFO:colcon.colcon_core.shell:Creating package script '/home/thales/linorobot2/ros2_ws/install/my_robot_bringup/share/my_robot_bringup/package.sh'
[5.232s] INFO:colcon.colcon_core.shell:Creating package script '/home/thales/linorobot2/ros2_ws/install/my_robot_bringup/share/my_robot_bringup/package.bash'
[5.238s] INFO:colcon.colcon_core.shell:Creating package script '/home/thales/linorobot2/ros2_ws/install/my_robot_bringup/share/my_robot_bringup/package.zsh'
[5.243s] Level 1:colcon.colcon_core.environment:create_file_with_runtime_dependencies(/home/thales/linorobot2/ros2_ws/install/my_robot_bringup/share/colcon-core/packages/my_robot_bringup)
[5.253s] DEBUG:colcon.colcon_core.event_handler.log_command:Invoked command in '/home/thales/linorobot2/ros2_ws/build/hoverboard-driver-pkg' returned '0': CMAKE_PREFIX_PATH=${CMAKE_PREFIX_PATH}:/home/thales/linorobot2/ros2_ws/install/bringup:/opt/ros/humble /usr/bin/cmake --build /home/thales/linorobot2/ros2_ws/build/hoverboard-driver-pkg -- -j4 -l4
[5.382s] Level 1:colcon.colcon_core.environment:create_environment_scripts_only(my_robot_bringup)
[5.391s] Level 1:colcon.colcon_core.environment:checking '/home/thales/linorobot2/ros2_ws/install/my_robot_bringup' for CMake module files
[5.395s] Level 1:colcon.colcon_core.environment:checking '/home/thales/linorobot2/ros2_ws/install/my_robot_bringup' for CMake config files
[5.397s] Level 1:colcon.colcon_core.shell:create_environment_hook('my_robot_bringup', 'cmake_prefix_path')
[5.406s] INFO:colcon.colcon_core.shell:Creating environment hook '/home/thales/linorobot2/ros2_ws/install/my_robot_bringup/share/my_robot_bringup/hook/cmake_prefix_path.ps1'
[5.408s] INFO:colcon.colcon_core.shell:Creating environment descriptor '/home/thales/linorobot2/ros2_ws/install/my_robot_bringup/share/my_robot_bringup/hook/cmake_prefix_path.dsv'
[5.411s] INFO:colcon.colcon_core.shell:Creating environment hook '/home/thales/linorobot2/ros2_ws/install/my_robot_bringup/share/my_robot_bringup/hook/cmake_prefix_path.sh'
[5.414s] Level 1:colcon.colcon_core.environment:checking '/home/thales/linorobot2/ros2_ws/install/my_robot_bringup/bin'
[5.414s] Level 1:colcon.colcon_core.environment:checking '/home/thales/linorobot2/ros2_ws/install/my_robot_bringup/lib/pkgconfig/my_robot_bringup.pc'
[5.416s] Level 1:colcon.colcon_core.environment:checking '/home/thales/linorobot2/ros2_ws/install/my_robot_bringup/lib/python3.10/site-packages'
[5.418s] Level 1:colcon.colcon_core.environment:checking '/home/thales/linorobot2/ros2_ws/install/my_robot_bringup/bin'
[5.427s] INFO:colcon.colcon_core.shell:Creating package script '/home/thales/linorobot2/ros2_ws/install/my_robot_bringup/share/my_robot_bringup/package.ps1'
[5.430s] INFO:colcon.colcon_core.shell:Creating package descriptor '/home/thales/linorobot2/ros2_ws/install/my_robot_bringup/share/my_robot_bringup/package.dsv'
[5.433s] INFO:colcon.colcon_core.shell:Creating package script '/home/thales/linorobot2/ros2_ws/install/my_robot_bringup/share/my_robot_bringup/package.sh'
[5.436s] INFO:colcon.colcon_core.shell:Creating package script '/home/thales/linorobot2/ros2_ws/install/my_robot_bringup/share/my_robot_bringup/package.bash'
[5.438s] INFO:colcon.colcon_core.shell:Creating package script '/home/thales/linorobot2/ros2_ws/install/my_robot_bringup/share/my_robot_bringup/package.zsh'
[5.440s] Level 1:colcon.colcon_core.environment:create_file_with_runtime_dependencies(/home/thales/linorobot2/ros2_ws/install/my_robot_bringup/share/colcon-core/packages/my_robot_bringup)
[5.455s] DEBUG:colcon.colcon_core.event_handler.log_command:Invoking command in '/home/thales/linorobot2/ros2_ws/build/hoverboard-driver-pkg': CMAKE_PREFIX_PATH=${CMAKE_PREFIX_PATH}:/home/thales/linorobot2/ros2_ws/install/bringup:/opt/ros/humble /usr/bin/cmake --install /home/thales/linorobot2/ros2_ws/build/hoverboard-driver-pkg
[5.528s] Level 1:colcon.colcon_core.environment:create_environment_scripts_only(hoverboard-driver-pkg)
[5.540s] DEBUG:colcon.colcon_core.event_handler.log_command:Invoked command in '/home/thales/linorobot2/ros2_ws/build/hoverboard-driver-pkg' returned '0': CMAKE_PREFIX_PATH=${CMAKE_PREFIX_PATH}:/home/thales/linorobot2/ros2_ws/install/bringup:/opt/ros/humble /usr/bin/cmake --install /home/thales/linorobot2/ros2_ws/build/hoverboard-driver-pkg
[5.541s] Level 1:colcon.colcon_core.environment:checking '/home/thales/linorobot2/ros2_ws/install/hoverboard-driver-pkg' for CMake module files
[5.547s] Level 1:colcon.colcon_core.environment:checking '/home/thales/linorobot2/ros2_ws/install/hoverboard-driver-pkg' for CMake config files
[5.550s] Level 1:colcon.colcon_core.shell:create_environment_hook('hoverboard-driver-pkg', 'cmake_prefix_path')
[5.557s] INFO:colcon.colcon_core.shell:Creating environment hook '/home/thales/linorobot2/ros2_ws/install/hoverboard-driver-pkg/share/hoverboard-driver-pkg/hook/cmake_prefix_path.ps1'
[5.560s] INFO:colcon.colcon_core.shell:Creating environment descriptor '/home/thales/linorobot2/ros2_ws/install/hoverboard-driver-pkg/share/hoverboard-driver-pkg/hook/cmake_prefix_path.dsv'
[5.562s] INFO:colcon.colcon_core.shell:Creating environment hook '/home/thales/linorobot2/ros2_ws/install/hoverboard-driver-pkg/share/hoverboard-driver-pkg/hook/cmake_prefix_path.sh'
[5.565s] Level 1:colcon.colcon_core.environment:checking '/home/thales/linorobot2/ros2_ws/install/hoverboard-driver-pkg/lib'
[5.566s] Level 1:colcon.colcon_core.environment:checking '/home/thales/linorobot2/ros2_ws/install/hoverboard-driver-pkg/bin'
[5.566s] Level 1:colcon.colcon_core.environment:checking '/home/thales/linorobot2/ros2_ws/install/hoverboard-driver-pkg/lib/pkgconfig/hoverboard-driver-pkg.pc'
[5.567s] Level 1:colcon.colcon_core.environment:checking '/home/thales/linorobot2/ros2_ws/install/hoverboard-driver-pkg/lib/python3.10/site-packages'
[5.568s] Level 1:colcon.colcon_core.environment:checking '/home/thales/linorobot2/ros2_ws/install/hoverboard-driver-pkg/bin'
[5.575s] INFO:colcon.colcon_core.shell:Creating package script '/home/thales/linorobot2/ros2_ws/install/hoverboard-driver-pkg/share/hoverboard-driver-pkg/package.ps1'
[5.577s] INFO:colcon.colcon_core.shell:Creating package descriptor '/home/thales/linorobot2/ros2_ws/install/hoverboard-driver-pkg/share/hoverboard-driver-pkg/package.dsv'
[5.580s] INFO:colcon.colcon_core.shell:Creating package script '/home/thales/linorobot2/ros2_ws/install/hoverboard-driver-pkg/share/hoverboard-driver-pkg/package.sh'
[5.582s] INFO:colcon.colcon_core.shell:Creating package script '/home/thales/linorobot2/ros2_ws/install/hoverboard-driver-pkg/share/hoverboard-driver-pkg/package.bash'
[5.584s] INFO:colcon.colcon_core.shell:Creating package script '/home/thales/linorobot2/ros2_ws/install/hoverboard-driver-pkg/share/hoverboard-driver-pkg/package.zsh'
[5.585s] Level 1:colcon.colcon_core.environment:create_file_with_runtime_dependencies(/home/thales/linorobot2/ros2_ws/install/hoverboard-driver-pkg/share/colcon-core/packages/hoverboard-driver-pkg)
[5.755s] Level 1:colcon.colcon_core.environment:create_environment_scripts_only(hoverboard-driver-pkg)
[5.764s] Level 1:colcon.colcon_core.environment:checking '/home/thales/linorobot2/ros2_ws/install/hoverboard-driver-pkg' for CMake module files
[5.767s] Level 1:colcon.colcon_core.environment:checking '/home/thales/linorobot2/ros2_ws/install/hoverboard-driver-pkg' for CMake config files
[5.769s] Level 1:colcon.colcon_core.shell:create_environment_hook('hoverboard-driver-pkg', 'cmake_prefix_path')
[5.774s] INFO:colcon.colcon_core.shell:Creating environment hook '/home/thales/linorobot2/ros2_ws/install/hoverboard-driver-pkg/share/hoverboard-driver-pkg/hook/cmake_prefix_path.ps1'
[5.776s] INFO:colcon.colcon_core.shell:Creating environment descriptor '/home/thales/linorobot2/ros2_ws/install/hoverboard-driver-pkg/share/hoverboard-driver-pkg/hook/cmake_prefix_path.dsv'
[5.779s] INFO:colcon.colcon_core.shell:Creating environment hook '/home/thales/linorobot2/ros2_ws/install/hoverboard-driver-pkg/share/hoverboard-driver-pkg/hook/cmake_prefix_path.sh'
[5.782s] Level 1:colcon.colcon_core.environment:checking '/home/thales/linorobot2/ros2_ws/install/hoverboard-driver-pkg/lib'
[5.782s] Level 1:colcon.colcon_core.environment:checking '/home/thales/linorobot2/ros2_ws/install/hoverboard-driver-pkg/bin'
[5.783s] Level 1:colcon.colcon_core.environment:checking '/home/thales/linorobot2/ros2_ws/install/hoverboard-driver-pkg/lib/pkgconfig/hoverboard-driver-pkg.pc'
[5.784s] Level 1:colcon.colcon_core.environment:checking '/home/thales/linorobot2/ros2_ws/install/hoverboard-driver-pkg/lib/python3.10/site-packages'
[5.785s] Level 1:colcon.colcon_core.environment:checking '/home/thales/linorobot2/ros2_ws/install/hoverboard-driver-pkg/bin'
[5.791s] INFO:colcon.colcon_core.shell:Creating package script '/home/thales/linorobot2/ros2_ws/install/hoverboard-driver-pkg/share/hoverboard-driver-pkg/package.ps1'
[5.793s] INFO:colcon.colcon_core.shell:Creating package descriptor '/home/thales/linorobot2/ros2_ws/install/hoverboard-driver-pkg/share/hoverboard-driver-pkg/package.dsv'
[5.796s] INFO:colcon.colcon_core.shell:Creating package script '/home/thales/linorobot2/ros2_ws/install/hoverboard-driver-pkg/share/hoverboard-driver-pkg/package.sh'
[5.799s] INFO:colcon.colcon_core.shell:Creating package script '/home/thales/linorobot2/ros2_ws/install/hoverboard-driver-pkg/share/hoverboard-driver-pkg/package.bash'
[5.801s] INFO:colcon.colcon_core.shell:Creating package script '/home/thales/linorobot2/ros2_ws/install/hoverboard-driver-pkg/share/hoverboard-driver-pkg/package.zsh'
[5.803s] Level 1:colcon.colcon_core.environment:create_file_with_runtime_dependencies(/home/thales/linorobot2/ros2_ws/install/hoverboard-driver-pkg/share/colcon-core/packages/hoverboard-driver-pkg)
[5.804s] DEBUG:colcon.colcon_parallel_executor.executor.parallel:closing loop
[5.806s] DEBUG:colcon.colcon_parallel_executor.executor.parallel:loop closed
[5.807s] DEBUG:colcon.colcon_parallel_executor.executor.parallel:run_until_complete finished with '0'
[5.807s] DEBUG:colcon.colcon_core.event_reactor:joining thread
[5.851s] INFO:colcon.colcon_core.plugin_system:Skipping extension 'colcon_notification.desktop_notification.terminal_notifier': Not used on non-Darwin systems
[5.852s] INFO:colcon.colcon_core.plugin_system:Skipping extension 'colcon_notification.desktop_notification.win32': Not used on non-Windows systems
[5.852s] INFO:colcon.colcon_notification.desktop_notification:Sending desktop notification using 'notify2'
[6.019s] DEBUG:colcon.colcon_core.event_reactor:joined thread
[6.032s] INFO:colcon.colcon_core.shell:Creating prefix script '/home/thales/linorobot2/ros2_ws/install/local_setup.ps1'
[6.039s] INFO:colcon.colcon_core.shell:Creating prefix util module '/home/thales/linorobot2/ros2_ws/install/_local_setup_util_ps1.py'
[6.050s] INFO:colcon.colcon_core.shell:Creating prefix chain script '/home/thales/linorobot2/ros2_ws/install/setup.ps1'
[6.061s] INFO:colcon.colcon_core.shell:Creating prefix script '/home/thales/linorobot2/ros2_ws/install/local_setup.sh'
[6.066s] INFO:colcon.colcon_core.shell:Creating prefix util module '/home/thales/linorobot2/ros2_ws/install/_local_setup_util_sh.py'
[6.068s] INFO:colcon.colcon_core.shell:Creating prefix chain script '/home/thales/linorobot2/ros2_ws/install/setup.sh'
[6.077s] INFO:colcon.colcon_core.shell:Creating prefix script '/home/thales/linorobot2/ros2_ws/install/local_setup.bash'
[6.083s] INFO:colcon.colcon_core.shell:Creating prefix chain script '/home/thales/linorobot2/ros2_ws/install/setup.bash'
[6.092s] INFO:colcon.colcon_core.shell:Creating prefix script '/home/thales/linorobot2/ros2_ws/install/local_setup.zsh'
[6.097s] INFO:colcon.colcon_core.shell:Creating prefix chain script '/home/thales/linorobot2/ros2_ws/install/setup.zsh'
