[ 50%] [32mBuilding CXX object CMakeFiles/hoverboard-driver.dir/src/main.cpp.o[0m
[01m[K/home/thales/linorobot2/ros2_ws/src/hoverboard-driver-pkg/src/main.cpp:[m[K In member function ‘[01m[Kvoid driver_node::write()[m[K’:
[01m[K/home/thales/linorobot2/ros2_ws/src/hoverboard-driver-pkg/src/main.cpp:170:44:[m[K [01;31m[Kerror: [m[Kno matching function for call to ‘[01m[Kclamp(int16_t, int, int)[m[K’
  170 |             command.left_speed = [01;31m[Kstd::clamp( (int16_t)(pwm_mean+pwm_diff), -1000, 1000)[m[K;
      |                                  [01;31m[K~~~~~~~~~~^~~~~~~~~~~~~~~~~~~~~~~~~~~~~~~~~~~~~~~~~~~~[m[K
In file included from [01m[K/usr/include/c++/11/algorithm:62[m[K,
                 from [01m[K/opt/ros/humble/include/rclcpp/rclcpp/executor.hpp:18[m[K,
                 from [01m[K/opt/ros/humble/include/rclcpp/rclcpp/executors/multi_threaded_executor.hpp:25[m[K,
                 from [01m[K/opt/ros/humble/include/rclcpp/rclcpp/executors.hpp:21[m[K,
                 from [01m[K/opt/ros/humble/include/rclcpp/rclcpp/rclcpp.hpp:155[m[K,
                 from [01m[K/home/thales/linorobot2/ros2_ws/src/hoverboard-driver-pkg/src/main.cpp:1[m[K:
[01m[K/usr/include/c++/11/bits/stl_algo.h:3656:5:[m[K [01;36m[Knote: [m[Kcandidate: ‘[01m[Ktemplate<class _Tp> constexpr const _Tp& std::clamp(const _Tp&, const _Tp&, const _Tp&)[m[K’
 3656 |     [01;36m[Kclamp[m[K(const _Tp& __val, const _Tp& __lo, const _Tp& __hi)
      |     [01;36m[K^~~~~[m[K
[01m[K/usr/include/c++/11/bits/stl_algo.h:3656:5:[m[K [01;36m[Knote: [m[K  template argument deduction/substitution failed:
[01m[K/home/thales/linorobot2/ros2_ws/src/hoverboard-driver-pkg/src/main.cpp:170:44:[m[K [01;36m[Knote: [m[K  deduced conflicting types for parameter ‘[01m[Kconst _Tp[m[K’ (‘[01m[Kshort int[m[K’ and ‘[01m[Kint[m[K’)
  170 |             command.left_speed = [01;36m[Kstd::clamp( (int16_t)(pwm_mean+pwm_diff), -1000, 1000)[m[K;
      |                                  [01;36m[K~~~~~~~~~~^~~~~~~~~~~~~~~~~~~~~~~~~~~~~~~~~~~~~~~~~~~~[m[K
In file included from [01m[K/usr/include/c++/11/algorithm:62[m[K,
                 from [01m[K/opt/ros/humble/include/rclcpp/rclcpp/executor.hpp:18[m[K,
                 from [01m[K/opt/ros/humble/include/rclcpp/rclcpp/executors/multi_threaded_executor.hpp:25[m[K,
                 from [01m[K/opt/ros/humble/include/rclcpp/rclcpp/executors.hpp:21[m[K,
                 from [01m[K/opt/ros/humble/include/rclcpp/rclcpp/rclcpp.hpp:155[m[K,
                 from [01m[K/home/thales/linorobot2/ros2_ws/src/hoverboard-driver-pkg/src/main.cpp:1[m[K:
[01m[K/usr/include/c++/11/bits/stl_algo.h:3674:5:[m[K [01;36m[Knote: [m[Kcandidate: ‘[01m[Ktemplate<class _Tp, class _Compare> constexpr const _Tp& std::clamp(const _Tp&, const _Tp&, const _Tp&, _Compare)[m[K’
 3674 |     [01;36m[Kclamp[m[K(const _Tp& __val, const _Tp& __lo, const _Tp& __hi, _Compare __comp)
      |     [01;36m[K^~~~~[m[K
[01m[K/usr/include/c++/11/bits/stl_algo.h:3674:5:[m[K [01;36m[Knote: [m[K  template argument deduction/substitution failed:
[01m[K/home/thales/linorobot2/ros2_ws/src/hoverboard-driver-pkg/src/main.cpp:170:44:[m[K [01;36m[Knote: [m[K  deduced conflicting types for parameter ‘[01m[Kconst _Tp[m[K’ (‘[01m[Kshort int[m[K’ and ‘[01m[Kint[m[K’)
  170 |             command.left_speed = [01;36m[Kstd::clamp( (int16_t)(pwm_mean+pwm_diff), -1000, 1000)[m[K;
      |                                  [01;36m[K~~~~~~~~~~^~~~~~~~~~~~~~~~~~~~~~~~~~~~~~~~~~~~~~~~~~~~[m[K
[01m[K/home/thales/linorobot2/ros2_ws/src/hoverboard-driver-pkg/src/main.cpp:171:45:[m[K [01;31m[Kerror: [m[Kno matching function for call to ‘[01m[Kclamp(int16_t, int, int)[m[K’
  171 |             command.right_speed = [01;31m[Kstd::clamp( (int16_t)(pwm_mean-pwm_diff), -1000, 1000)[m[K;
      |                                   [01;31m[K~~~~~~~~~~^~~~~~~~~~~~~~~~~~~~~~~~~~~~~~~~~~~~~~~~~~~~[m[K
In file included from [01m[K/usr/include/c++/11/algorithm:62[m[K,
                 from [01m[K/opt/ros/humble/include/rclcpp/rclcpp/executor.hpp:18[m[K,
                 from [01m[K/opt/ros/humble/include/rclcpp/rclcpp/executors/multi_threaded_executor.hpp:25[m[K,
                 from [01m[K/opt/ros/humble/include/rclcpp/rclcpp/executors.hpp:21[m[K,
                 from [01m[K/opt/ros/humble/include/rclcpp/rclcpp/rclcpp.hpp:155[m[K,
                 from [01m[K/home/thales/linorobot2/ros2_ws/src/hoverboard-driver-pkg/src/main.cpp:1[m[K:
[01m[K/usr/include/c++/11/bits/stl_algo.h:3656:5:[m[K [01;36m[Knote: [m[Kcandidate: ‘[01m[Ktemplate<class _Tp> constexpr const _Tp& std::clamp(const _Tp&, const _Tp&, const _Tp&)[m[K’
 3656 |     [01;36m[Kclamp[m[K(const _Tp& __val, const _Tp& __lo, const _Tp& __hi)
      |     [01;36m[K^~~~~[m[K
[01m[K/usr/include/c++/11/bits/stl_algo.h:3656:5:[m[K [01;36m[Knote: [m[K  template argument deduction/substitution failed:
[01m[K/home/thales/linorobot2/ros2_ws/src/hoverboard-driver-pkg/src/main.cpp:171:45:[m[K [01;36m[Knote: [m[K  deduced conflicting types for parameter ‘[01m[Kconst _Tp[m[K’ (‘[01m[Kshort int[m[K’ and ‘[01m[Kint[m[K’)
  171 |             command.right_speed = [01;36m[Kstd::clamp( (int16_t)(pwm_mean-pwm_diff), -1000, 1000)[m[K;
      |                                   [01;36m[K~~~~~~~~~~^~~~~~~~~~~~~~~~~~~~~~~~~~~~~~~~~~~~~~~~~~~~[m[K
In file included from [01m[K/usr/include/c++/11/algorithm:62[m[K,
                 from [01m[K/opt/ros/humble/include/rclcpp/rclcpp/executor.hpp:18[m[K,
                 from [01m[K/opt/ros/humble/include/rclcpp/rclcpp/executors/multi_threaded_executor.hpp:25[m[K,
                 from [01m[K/opt/ros/humble/include/rclcpp/rclcpp/executors.hpp:21[m[K,
                 from [01m[K/opt/ros/humble/include/rclcpp/rclcpp/rclcpp.hpp:155[m[K,
                 from [01m[K/home/thales/linorobot2/ros2_ws/src/hoverboard-driver-pkg/src/main.cpp:1[m[K:
[01m[K/usr/include/c++/11/bits/stl_algo.h:3674:5:[m[K [01;36m[Knote: [m[Kcandidate: ‘[01m[Ktemplate<class _Tp, class _Compare> constexpr const _Tp& std::clamp(const _Tp&, const _Tp&, const _Tp&, _Compare)[m[K’
 3674 |     [01;36m[Kclamp[m[K(const _Tp& __val, const _Tp& __lo, const _Tp& __hi, _Compare __comp)
      |     [01;36m[K^~~~~[m[K
[01m[K/usr/include/c++/11/bits/stl_algo.h:3674:5:[m[K [01;36m[Knote: [m[K  template argument deduction/substitution failed:
[01m[K/home/thales/linorobot2/ros2_ws/src/hoverboard-driver-pkg/src/main.cpp:171:45:[m[K [01;36m[Knote: [m[K  deduced conflicting types for parameter ‘[01m[Kconst _Tp[m[K’ (‘[01m[Kshort int[m[K’ and ‘[01m[Kint[m[K’)
  171 |             command.right_speed = [01;36m[Kstd::clamp( (int16_t)(pwm_mean-pwm_diff), -1000, 1000)[m[K;
      |                                   [01;36m[K~~~~~~~~~~^~~~~~~~~~~~~~~~~~~~~~~~~~~~~~~~~~~~~~~~~~~~[m[K
gmake[2]: *** [CMakeFiles/hoverboard-driver.dir/build.make:76: CMakeFiles/hoverboard-driver.dir/src/main.cpp.o] Error 1
gmake[1]: *** [CMakeFiles/Makefile2:137: CMakeFiles/hoverboard-driver.dir/all] Error 2
gmake: *** [Makefile:146: all] Error 2
