[0.156s] Invoking command in '/home/thales/linorobot2/ros2_ws/build/hoverboard-driver-pkg': CMAKE_PREFIX_PATH=${CMAKE_PREFIX_PATH}:/home/thales/linorobot2/ros2_ws/install/bringup:/opt/ros/humble /usr/bin/cmake --build /home/thales/linorobot2/ros2_ws/build/hoverboard-driver-pkg -- -j4 -l4
[0.538s] [ 50%] [32mBuilding CXX object CMakeFiles/hoverboard-driver.dir/src/main.cpp.o[0m
[15.482s] [100%] [32m[1mLinking CXX executable hoverboard-driver[0m
[16.132s] [100%] Built target hoverboard-driver
[16.178s] Invoked command in '/home/thales/linorobot2/ros2_ws/build/hoverboard-driver-pkg' returned '0': CMAKE_PREFIX_PATH=${CMAKE_PREFIX_PATH}:/home/thales/linorobot2/ros2_ws/install/bringup:/opt/ros/humble /usr/bin/cmake --build /home/thales/linorobot2/ros2_ws/build/hoverboard-driver-pkg -- -j4 -l4
[16.349s] Invoking command in '/home/thales/linorobot2/ros2_ws/build/hoverboard-driver-pkg': CMAKE_PREFIX_PATH=${CMAKE_PREFIX_PATH}:/home/thales/linorobot2/ros2_ws/install/bringup:/opt/ros/humble /usr/bin/cmake --install /home/thales/linorobot2/ros2_ws/build/hoverboard-driver-pkg
[16.380s] -- Install configuration: ""
[16.381s] -- Installing: /home/thales/linorobot2/ros2_ws/install/hoverboard-driver-pkg/lib/hoverboard-driver
[16.386s] -- Set runtime path of "/home/thales/linorobot2/ros2_ws/install/hoverboard-driver-pkg/lib/hoverboard-driver" to ""
[16.387s] -- Up-to-date: /home/thales/linorobot2/ros2_ws/install/hoverboard-driver-pkg/share/ament_index/resource_index/package_run_dependencies/hoverboard-driver-pkg
[16.388s] -- Up-to-date: /home/thales/linorobot2/ros2_ws/install/hoverboard-driver-pkg/share/ament_index/resource_index/parent_prefix_path/hoverboard-driver-pkg
[16.389s] -- Up-to-date: /home/thales/linorobot2/ros2_ws/install/hoverboard-driver-pkg/share/hoverboard-driver-pkg/environment/ament_prefix_path.sh
[16.389s] -- Up-to-date: /home/thales/linorobot2/ros2_ws/install/hoverboard-driver-pkg/share/hoverboard-driver-pkg/environment/ament_prefix_path.dsv
[16.390s] -- Up-to-date: /home/thales/linorobot2/ros2_ws/install/hoverboard-driver-pkg/share/hoverboard-driver-pkg/environment/path.sh
[16.391s] -- Up-to-date: /home/thales/linorobot2/ros2_ws/install/hoverboard-driver-pkg/share/hoverboard-driver-pkg/environment/path.dsv
[16.392s] -- Up-to-date: /home/thales/linorobot2/ros2_ws/install/hoverboard-driver-pkg/share/hoverboard-driver-pkg/local_setup.bash
[16.392s] -- Up-to-date: /home/thales/linorobot2/ros2_ws/install/hoverboard-driver-pkg/share/hoverboard-driver-pkg/local_setup.sh
[16.393s] -- Up-to-date: /home/thales/linorobot2/ros2_ws/install/hoverboard-driver-pkg/share/hoverboard-driver-pkg/local_setup.zsh
[16.395s] -- Up-to-date: /home/thales/linorobot2/ros2_ws/install/hoverboard-driver-pkg/share/hoverboard-driver-pkg/local_setup.dsv
[16.396s] -- Installing: /home/thales/linorobot2/ros2_ws/install/hoverboard-driver-pkg/share/hoverboard-driver-pkg/package.dsv
[16.396s] -- Up-to-date: /home/thales/linorobot2/ros2_ws/install/hoverboard-driver-pkg/share/ament_index/resource_index/packages/hoverboard-driver-pkg
[16.397s] -- Up-to-date: /home/thales/linorobot2/ros2_ws/install/hoverboard-driver-pkg/share/hoverboard-driver-pkg/cmake/hoverboard-driver-pkgConfig.cmake
[16.397s] -- Up-to-date: /home/thales/linorobot2/ros2_ws/install/hoverboard-driver-pkg/share/hoverboard-driver-pkg/cmake/hoverboard-driver-pkgConfig-version.cmake
[16.398s] -- Up-to-date: /home/thales/linorobot2/ros2_ws/install/hoverboard-driver-pkg/share/hoverboard-driver-pkg/package.xml
[16.416s] Invoked command in '/home/thales/linorobot2/ros2_ws/build/hoverboard-driver-pkg' returned '0': CMAKE_PREFIX_PATH=${CMAKE_PREFIX_PATH}:/home/thales/linorobot2/ros2_ws/install/bringup:/opt/ros/humble /usr/bin/cmake --install /home/thales/linorobot2/ros2_ws/build/hoverboard-driver-pkg
