[1.723s] DEBUG:colcon:Command line arguments: ['/usr/bin/colcon', 'build']
[1.723s] DEBUG:colcon:Parsed command line arguments: Namespace(log_base=None, log_level=None, verb_name='build', build_base='build', install_base='install', merge_install=False, symlink_install=False, test_result_base=None, continue_on_error=False, executor='parallel', parallel_workers=4, event_handlers=None, ignore_user_meta=False, metas=['./colcon.meta'], base_paths=['.'], packages_ignore=None, packages_ignore_regex=None, paths=None, packages_up_to=None, packages_up_to_regex=None, packages_above=None, packages_above_and_dependencies=None, packages_above_depth=None, packages_select_by_dep=None, packages_skip_by_dep=None, packages_skip_up_to=None, packages_select_build_failed=False, packages_skip_build_finished=False, packages_select_test_failures=False, packages_skip_test_passed=False, packages_select=None, packages_skip=None, packages_select_regex=None, packages_skip_regex=None, packages_start=None, packages_end=None, allow_overriding=[], cmake_args=None, cmake_target=None, cmake_target_skip_unavailable=False, cmake_clean_cache=False, cmake_clean_first=False, cmake_force_configure=False, ament_cmake_args=None, catkin_cmake_args=None, catkin_skip_building_tests=False, verb_parser=<colcon_defaults.argument_parser.defaults.DefaultArgumentsDecorator object at 0xffffa915a1a0>, verb_extension=<colcon_core.verb.build.BuildVerb object at 0xffffa9159c30>, main=<bound method BuildVerb.main of <colcon_core.verb.build.BuildVerb object at 0xffffa9159c30>>)
[1.836s] Level 1:colcon.colcon_core.package_discovery:discover_packages(colcon_meta) check parameters
[1.837s] Level 1:colcon.colcon_core.package_discovery:discover_packages(recursive) check parameters
[1.837s] Level 1:colcon.colcon_core.package_discovery:discover_packages(ignore) check parameters
[1.837s] Level 1:colcon.colcon_core.package_discovery:discover_packages(path) check parameters
[1.837s] Level 1:colcon.colcon_core.package_discovery:discover_packages(colcon_meta) discover
[1.837s] Level 1:colcon.colcon_core.package_discovery:discover_packages(recursive) discover
[1.838s] INFO:colcon.colcon_core.package_discovery:Crawling recursively for packages in '/home/thales/linorobot2/ros2_ws'
[1.838s] Level 1:colcon.colcon_core.package_identification:_identify(.) by extensions ['ignore', 'ignore_ament_install']
[1.842s] Level 1:colcon.colcon_core.package_identification:_identify(.) by extension 'ignore'
[1.842s] Level 1:colcon.colcon_core.package_identification:_identify(.) by extension 'ignore_ament_install'
[1.842s] Level 1:colcon.colcon_core.package_identification:_identify(.) by extensions ['colcon_pkg']
[1.842s] Level 1:colcon.colcon_core.package_identification:_identify(.) by extension 'colcon_pkg'
[1.843s] Level 1:colcon.colcon_core.package_identification:_identify(.) by extensions ['colcon_meta']
[1.843s] Level 1:colcon.colcon_core.package_identification:_identify(.) by extension 'colcon_meta'
[1.843s] Level 1:colcon.colcon_core.package_identification:_identify(.) by extensions ['ros']
[1.843s] Level 1:colcon.colcon_core.package_identification:_identify(.) by extension 'ros'
[1.894s] Level 1:colcon.colcon_core.package_identification:_identify(.) by extensions ['cmake', 'python']
[1.894s] Level 1:colcon.colcon_core.package_identification:_identify(.) by extension 'cmake'
[1.894s] Level 1:colcon.colcon_core.package_identification:_identify(.) by extension 'python'
[1.895s] Level 1:colcon.colcon_core.package_identification:_identify(.) by extensions ['python_setup_py']
[1.895s] Level 1:colcon.colcon_core.package_identification:_identify(.) by extension 'python_setup_py'
[1.895s] Level 1:colcon.colcon_core.package_identification:_identify(build) by extensions ['ignore', 'ignore_ament_install']
[1.896s] Level 1:colcon.colcon_core.package_identification:_identify(build) by extension 'ignore'
[1.896s] Level 1:colcon.colcon_core.package_identification:_identify(build) ignored
[1.897s] Level 1:colcon.colcon_core.package_identification:_identify(install) by extensions ['ignore', 'ignore_ament_install']
[1.897s] Level 1:colcon.colcon_core.package_identification:_identify(install) by extension 'ignore'
[1.897s] Level 1:colcon.colcon_core.package_identification:_identify(install) ignored
[1.898s] Level 1:colcon.colcon_core.package_identification:_identify(log) by extensions ['ignore', 'ignore_ament_install']
[1.898s] Level 1:colcon.colcon_core.package_identification:_identify(log) by extension 'ignore'
[1.899s] Level 1:colcon.colcon_core.package_identification:_identify(log) ignored
[1.899s] Level 1:colcon.colcon_core.package_identification:_identify(src) by extensions ['ignore', 'ignore_ament_install']
[1.899s] Level 1:colcon.colcon_core.package_identification:_identify(src) by extension 'ignore'
[1.900s] Level 1:colcon.colcon_core.package_identification:_identify(src) by extension 'ignore_ament_install'
[1.900s] Level 1:colcon.colcon_core.package_identification:_identify(src) by extensions ['colcon_pkg']
[1.900s] Level 1:colcon.colcon_core.package_identification:_identify(src) by extension 'colcon_pkg'
[1.900s] Level 1:colcon.colcon_core.package_identification:_identify(src) by extensions ['colcon_meta']
[1.900s] Level 1:colcon.colcon_core.package_identification:_identify(src) by extension 'colcon_meta'
[1.901s] Level 1:colcon.colcon_core.package_identification:_identify(src) by extensions ['ros']
[1.901s] Level 1:colcon.colcon_core.package_identification:_identify(src) by extension 'ros'
[1.901s] Level 1:colcon.colcon_core.package_identification:_identify(src) by extensions ['cmake', 'python']
[1.901s] Level 1:colcon.colcon_core.package_identification:_identify(src) by extension 'cmake'
[1.901s] Level 1:colcon.colcon_core.package_identification:_identify(src) by extension 'python'
[1.902s] Level 1:colcon.colcon_core.package_identification:_identify(src) by extensions ['python_setup_py']
[1.902s] Level 1:colcon.colcon_core.package_identification:_identify(src) by extension 'python_setup_py'
[1.902s] Level 1:colcon.colcon_core.package_identification:_identify(src/hoverboard-driver-pkg) by extensions ['ignore', 'ignore_ament_install']
[1.903s] Level 1:colcon.colcon_core.package_identification:_identify(src/hoverboard-driver-pkg) by extension 'ignore'
[1.903s] Level 1:colcon.colcon_core.package_identification:_identify(src/hoverboard-driver-pkg) by extension 'ignore_ament_install'
[1.903s] Level 1:colcon.colcon_core.package_identification:_identify(src/hoverboard-driver-pkg) by extensions ['colcon_pkg']
[1.903s] Level 1:colcon.colcon_core.package_identification:_identify(src/hoverboard-driver-pkg) by extension 'colcon_pkg'
[1.903s] Level 1:colcon.colcon_core.package_identification:_identify(src/hoverboard-driver-pkg) by extensions ['colcon_meta']
[1.904s] Level 1:colcon.colcon_core.package_identification:_identify(src/hoverboard-driver-pkg) by extension 'colcon_meta'
[1.904s] Level 1:colcon.colcon_core.package_identification:_identify(src/hoverboard-driver-pkg) by extensions ['ros']
[1.904s] Level 1:colcon.colcon_core.package_identification:_identify(src/hoverboard-driver-pkg) by extension 'ros'
[1.913s] DEBUG:colcon.colcon_core.package_identification:Package 'src/hoverboard-driver-pkg' with type 'ros.ament_cmake' and name 'hoverboard-driver-pkg'
[1.914s] Level 1:colcon.colcon_core.package_identification:_identify(src/my_robot_bringup) by extensions ['ignore', 'ignore_ament_install']
[1.915s] Level 1:colcon.colcon_core.package_identification:_identify(src/my_robot_bringup) by extension 'ignore'
[1.915s] Level 1:colcon.colcon_core.package_identification:_identify(src/my_robot_bringup) by extension 'ignore_ament_install'
[1.915s] Level 1:colcon.colcon_core.package_identification:_identify(src/my_robot_bringup) by extensions ['colcon_pkg']
[1.915s] Level 1:colcon.colcon_core.package_identification:_identify(src/my_robot_bringup) by extension 'colcon_pkg'
[1.915s] Level 1:colcon.colcon_core.package_identification:_identify(src/my_robot_bringup) by extensions ['colcon_meta']
[1.916s] Level 1:colcon.colcon_core.package_identification:_identify(src/my_robot_bringup) by extension 'colcon_meta'
[1.916s] Level 1:colcon.colcon_core.package_identification:_identify(src/my_robot_bringup) by extensions ['ros']
[1.916s] Level 1:colcon.colcon_core.package_identification:_identify(src/my_robot_bringup) by extension 'ros'
[1.918s] DEBUG:colcon.colcon_core.package_identification:Package 'src/my_robot_bringup' with type 'ros.ament_cmake' and name 'my_robot_bringup'
[1.919s] Level 1:colcon.colcon_core.package_discovery:discover_packages(recursive) using defaults
[1.919s] Level 1:colcon.colcon_core.package_discovery:discover_packages(ignore) discover
[1.919s] Level 1:colcon.colcon_core.package_discovery:discover_packages(ignore) using defaults
[1.919s] Level 1:colcon.colcon_core.package_discovery:discover_packages(path) discover
[1.919s] Level 1:colcon.colcon_core.package_discovery:discover_packages(path) using defaults
[2.025s] Level 1:colcon.colcon_core.package_discovery:discover_packages(prefix_path) check parameters
[2.025s] Level 1:colcon.colcon_core.package_discovery:discover_packages(prefix_path) discover
[2.039s] DEBUG:colcon.colcon_installed_package_information.package_discovery:Found 3 installed packages in /home/thales/linorobot2/ros2_ws/install
[2.052s] DEBUG:colcon.colcon_installed_package_information.package_discovery:Found 270 installed packages in /opt/ros/humble
[2.059s] Level 1:colcon.colcon_core.package_discovery:discover_packages(prefix_path) using defaults
[2.369s] Level 5:colcon.colcon_core.verb:set package 'hoverboard-driver-pkg' build argument 'cmake_args' from command line to 'None'
[2.369s] Level 5:colcon.colcon_core.verb:set package 'hoverboard-driver-pkg' build argument 'cmake_target' from command line to 'None'
[2.369s] Level 5:colcon.colcon_core.verb:set package 'hoverboard-driver-pkg' build argument 'cmake_target_skip_unavailable' from command line to 'False'
[2.370s] Level 5:colcon.colcon_core.verb:set package 'hoverboard-driver-pkg' build argument 'cmake_clean_cache' from command line to 'False'
[2.370s] Level 5:colcon.colcon_core.verb:set package 'hoverboard-driver-pkg' build argument 'cmake_clean_first' from command line to 'False'
[2.370s] Level 5:colcon.colcon_core.verb:set package 'hoverboard-driver-pkg' build argument 'cmake_force_configure' from command line to 'False'
[2.370s] Level 5:colcon.colcon_core.verb:set package 'hoverboard-driver-pkg' build argument 'ament_cmake_args' from command line to 'None'
[2.370s] Level 5:colcon.colcon_core.verb:set package 'hoverboard-driver-pkg' build argument 'catkin_cmake_args' from command line to 'None'
[2.370s] Level 5:colcon.colcon_core.verb:set package 'hoverboard-driver-pkg' build argument 'catkin_skip_building_tests' from command line to 'False'
[2.370s] DEBUG:colcon.colcon_core.verb:Building package 'hoverboard-driver-pkg' with the following arguments: {'ament_cmake_args': None, 'build_base': '/home/thales/linorobot2/ros2_ws/build/hoverboard-driver-pkg', 'catkin_cmake_args': None, 'catkin_skip_building_tests': False, 'cmake_args': None, 'cmake_clean_cache': False, 'cmake_clean_first': False, 'cmake_force_configure': False, 'cmake_target': None, 'cmake_target_skip_unavailable': False, 'install_base': '/home/thales/linorobot2/ros2_ws/install/hoverboard-driver-pkg', 'merge_install': False, 'path': '/home/thales/linorobot2/ros2_ws/src/hoverboard-driver-pkg', 'symlink_install': False, 'test_result_base': None}
[2.375s] Level 5:colcon.colcon_core.verb:set package 'my_robot_bringup' build argument 'cmake_args' from command line to 'None'
[2.375s] Level 5:colcon.colcon_core.verb:set package 'my_robot_bringup' build argument 'cmake_target' from command line to 'None'
[2.375s] Level 5:colcon.colcon_core.verb:set package 'my_robot_bringup' build argument 'cmake_target_skip_unavailable' from command line to 'False'
[2.376s] Level 5:colcon.colcon_core.verb:set package 'my_robot_bringup' build argument 'cmake_clean_cache' from command line to 'False'
[2.376s] Level 5:colcon.colcon_core.verb:set package 'my_robot_bringup' build argument 'cmake_clean_first' from command line to 'False'
[2.376s] Level 5:colcon.colcon_core.verb:set package 'my_robot_bringup' build argument 'cmake_force_configure' from command line to 'False'
[2.376s] Level 5:colcon.colcon_core.verb:set package 'my_robot_bringup' build argument 'ament_cmake_args' from command line to 'None'
[2.376s] Level 5:colcon.colcon_core.verb:set package 'my_robot_bringup' build argument 'catkin_cmake_args' from command line to 'None'
[2.376s] Level 5:colcon.colcon_core.verb:set package 'my_robot_bringup' build argument 'catkin_skip_building_tests' from command line to 'False'
[2.376s] DEBUG:colcon.colcon_core.verb:Building package 'my_robot_bringup' with the following arguments: {'ament_cmake_args': None, 'build_base': '/home/thales/linorobot2/ros2_ws/build/my_robot_bringup', 'catkin_cmake_args': None, 'catkin_skip_building_tests': False, 'cmake_args': None, 'cmake_clean_cache': False, 'cmake_clean_first': False, 'cmake_force_configure': False, 'cmake_target': None, 'cmake_target_skip_unavailable': False, 'install_base': '/home/thales/linorobot2/ros2_ws/install/my_robot_bringup', 'merge_install': False, 'path': '/home/thales/linorobot2/ros2_ws/src/my_robot_bringup', 'symlink_install': False, 'test_result_base': None}
[2.380s] INFO:colcon.colcon_core.executor:Executing jobs using 'parallel' executor
[2.394s] DEBUG:colcon.colcon_parallel_executor.executor.parallel:run_until_complete
[2.395s] INFO:colcon.colcon_ros.task.ament_cmake.build:Building ROS package in '/home/thales/linorobot2/ros2_ws/src/hoverboard-driver-pkg' with build type 'ament_cmake'
[2.396s] INFO:colcon.colcon_cmake.task.cmake.build:Building CMake package in '/home/thales/linorobot2/ros2_ws/src/hoverboard-driver-pkg'
[2.421s] INFO:colcon.colcon_core.plugin_system:Skipping extension 'colcon_core.shell.bat': Not used on non-Windows systems
[2.422s] INFO:colcon.colcon_core.shell:Skip shell extension 'powershell' for command environment: Not usable outside of PowerShell
[2.423s] DEBUG:colcon.colcon_core.shell:Skip shell extension 'dsv' for command environment
[2.467s] INFO:colcon.colcon_ros.task.ament_cmake.build:Building ROS package in '/home/thales/linorobot2/ros2_ws/src/my_robot_bringup' with build type 'ament_cmake'
[2.468s] INFO:colcon.colcon_cmake.task.cmake.build:Building CMake package in '/home/thales/linorobot2/ros2_ws/src/my_robot_bringup'
[2.477s] INFO:colcon.colcon_core.shell:Skip shell extension 'powershell' for command environment: Not usable outside of PowerShell
[2.478s] DEBUG:colcon.colcon_core.shell:Skip shell extension 'dsv' for command environment
[2.552s] DEBUG:colcon.colcon_core.event_handler.log_command:Invoking command in '/home/thales/linorobot2/ros2_ws/build/hoverboard-driver-pkg': CMAKE_PREFIX_PATH=${CMAKE_PREFIX_PATH}:/home/thales/linorobot2/ros2_ws/install/bringup:/opt/ros/humble /usr/bin/cmake --build /home/thales/linorobot2/ros2_ws/build/hoverboard-driver-pkg -- -j4 -l4
[2.606s] DEBUG:colcon.colcon_core.event_handler.log_command:Invoking command in '/home/thales/linorobot2/ros2_ws/build/my_robot_bringup': CMAKE_PREFIX_PATH=${CMAKE_PREFIX_PATH}:/home/thales/linorobot2/ros2_ws/install/bringup:/opt/ros/humble /usr/bin/cmake --build /home/thales/linorobot2/ros2_ws/build/my_robot_bringup -- -j4 -l4
[2.840s] DEBUG:colcon.colcon_core.event_handler.log_command:Invoked command in '/home/thales/linorobot2/ros2_ws/build/my_robot_bringup' returned '0': CMAKE_PREFIX_PATH=${CMAKE_PREFIX_PATH}:/home/thales/linorobot2/ros2_ws/install/bringup:/opt/ros/humble /usr/bin/cmake --build /home/thales/linorobot2/ros2_ws/build/my_robot_bringup -- -j4 -l4
[3.034s] DEBUG:colcon.colcon_core.event_handler.log_command:Invoking command in '/home/thales/linorobot2/ros2_ws/build/my_robot_bringup': CMAKE_PREFIX_PATH=${CMAKE_PREFIX_PATH}:/home/thales/linorobot2/ros2_ws/install/bringup:/opt/ros/humble /usr/bin/cmake --install /home/thales/linorobot2/ros2_ws/build/my_robot_bringup
[3.089s] Level 1:colcon.colcon_core.environment:create_environment_scripts_only(my_robot_bringup)
[3.092s] DEBUG:colcon.colcon_core.event_handler.log_command:Invoked command in '/home/thales/linorobot2/ros2_ws/build/my_robot_bringup' returned '0': CMAKE_PREFIX_PATH=${CMAKE_PREFIX_PATH}:/home/thales/linorobot2/ros2_ws/install/bringup:/opt/ros/humble /usr/bin/cmake --install /home/thales/linorobot2/ros2_ws/build/my_robot_bringup
[3.115s] Level 1:colcon.colcon_core.environment:checking '/home/thales/linorobot2/ros2_ws/install/my_robot_bringup' for CMake module files
[3.119s] Level 1:colcon.colcon_core.environment:checking '/home/thales/linorobot2/ros2_ws/install/my_robot_bringup' for CMake config files
[3.122s] Level 1:colcon.colcon_core.shell:create_environment_hook('my_robot_bringup', 'cmake_prefix_path')
[3.127s] INFO:colcon.colcon_core.shell:Creating environment hook '/home/thales/linorobot2/ros2_ws/install/my_robot_bringup/share/my_robot_bringup/hook/cmake_prefix_path.ps1'
[3.130s] INFO:colcon.colcon_core.shell:Creating environment descriptor '/home/thales/linorobot2/ros2_ws/install/my_robot_bringup/share/my_robot_bringup/hook/cmake_prefix_path.dsv'
[3.133s] INFO:colcon.colcon_core.shell:Creating environment hook '/home/thales/linorobot2/ros2_ws/install/my_robot_bringup/share/my_robot_bringup/hook/cmake_prefix_path.sh'
[3.137s] Level 1:colcon.colcon_core.environment:checking '/home/thales/linorobot2/ros2_ws/install/my_robot_bringup/bin'
[3.137s] Level 1:colcon.colcon_core.environment:checking '/home/thales/linorobot2/ros2_ws/install/my_robot_bringup/lib/pkgconfig/my_robot_bringup.pc'
[3.138s] Level 1:colcon.colcon_core.environment:checking '/home/thales/linorobot2/ros2_ws/install/my_robot_bringup/lib/python3.10/site-packages'
[3.139s] Level 1:colcon.colcon_core.environment:checking '/home/thales/linorobot2/ros2_ws/install/my_robot_bringup/bin'
[3.147s] INFO:colcon.colcon_core.shell:Creating package script '/home/thales/linorobot2/ros2_ws/install/my_robot_bringup/share/my_robot_bringup/package.ps1'
[3.151s] INFO:colcon.colcon_core.shell:Creating package descriptor '/home/thales/linorobot2/ros2_ws/install/my_robot_bringup/share/my_robot_bringup/package.dsv'
[3.155s] INFO:colcon.colcon_core.shell:Creating package script '/home/thales/linorobot2/ros2_ws/install/my_robot_bringup/share/my_robot_bringup/package.sh'
[3.160s] INFO:colcon.colcon_core.shell:Creating package script '/home/thales/linorobot2/ros2_ws/install/my_robot_bringup/share/my_robot_bringup/package.bash'
[3.164s] INFO:colcon.colcon_core.shell:Creating package script '/home/thales/linorobot2/ros2_ws/install/my_robot_bringup/share/my_robot_bringup/package.zsh'
[3.167s] Level 1:colcon.colcon_core.environment:create_file_with_runtime_dependencies(/home/thales/linorobot2/ros2_ws/install/my_robot_bringup/share/colcon-core/packages/my_robot_bringup)
[3.318s] Level 1:colcon.colcon_core.environment:create_environment_scripts_only(my_robot_bringup)
[3.328s] Level 1:colcon.colcon_core.environment:checking '/home/thales/linorobot2/ros2_ws/install/my_robot_bringup' for CMake module files
[3.331s] Level 1:colcon.colcon_core.environment:checking '/home/thales/linorobot2/ros2_ws/install/my_robot_bringup' for CMake config files
[3.334s] Level 1:colcon.colcon_core.shell:create_environment_hook('my_robot_bringup', 'cmake_prefix_path')
[3.341s] INFO:colcon.colcon_core.shell:Creating environment hook '/home/thales/linorobot2/ros2_ws/install/my_robot_bringup/share/my_robot_bringup/hook/cmake_prefix_path.ps1'
[3.343s] INFO:colcon.colcon_core.shell:Creating environment descriptor '/home/thales/linorobot2/ros2_ws/install/my_robot_bringup/share/my_robot_bringup/hook/cmake_prefix_path.dsv'
[3.345s] INFO:colcon.colcon_core.shell:Creating environment hook '/home/thales/linorobot2/ros2_ws/install/my_robot_bringup/share/my_robot_bringup/hook/cmake_prefix_path.sh'
[3.349s] Level 1:colcon.colcon_core.environment:checking '/home/thales/linorobot2/ros2_ws/install/my_robot_bringup/bin'
[3.349s] Level 1:colcon.colcon_core.environment:checking '/home/thales/linorobot2/ros2_ws/install/my_robot_bringup/lib/pkgconfig/my_robot_bringup.pc'
[3.350s] Level 1:colcon.colcon_core.environment:checking '/home/thales/linorobot2/ros2_ws/install/my_robot_bringup/lib/python3.10/site-packages'
[3.351s] Level 1:colcon.colcon_core.environment:checking '/home/thales/linorobot2/ros2_ws/install/my_robot_bringup/bin'
[3.359s] INFO:colcon.colcon_core.shell:Creating package script '/home/thales/linorobot2/ros2_ws/install/my_robot_bringup/share/my_robot_bringup/package.ps1'
[3.362s] INFO:colcon.colcon_core.shell:Creating package descriptor '/home/thales/linorobot2/ros2_ws/install/my_robot_bringup/share/my_robot_bringup/package.dsv'
[3.365s] INFO:colcon.colcon_core.shell:Creating package script '/home/thales/linorobot2/ros2_ws/install/my_robot_bringup/share/my_robot_bringup/package.sh'
[3.368s] INFO:colcon.colcon_core.shell:Creating package script '/home/thales/linorobot2/ros2_ws/install/my_robot_bringup/share/my_robot_bringup/package.bash'
[3.372s] INFO:colcon.colcon_core.shell:Creating package script '/home/thales/linorobot2/ros2_ws/install/my_robot_bringup/share/my_robot_bringup/package.zsh'
[3.377s] Level 1:colcon.colcon_core.environment:create_file_with_runtime_dependencies(/home/thales/linorobot2/ros2_ws/install/my_robot_bringup/share/colcon-core/packages/my_robot_bringup)
[18.574s] DEBUG:colcon.colcon_core.event_handler.log_command:Invoked command in '/home/thales/linorobot2/ros2_ws/build/hoverboard-driver-pkg' returned '0': CMAKE_PREFIX_PATH=${CMAKE_PREFIX_PATH}:/home/thales/linorobot2/ros2_ws/install/bringup:/opt/ros/humble /usr/bin/cmake --build /home/thales/linorobot2/ros2_ws/build/hoverboard-driver-pkg -- -j4 -l4
[18.746s] DEBUG:colcon.colcon_core.event_handler.log_command:Invoking command in '/home/thales/linorobot2/ros2_ws/build/hoverboard-driver-pkg': CMAKE_PREFIX_PATH=${CMAKE_PREFIX_PATH}:/home/thales/linorobot2/ros2_ws/install/bringup:/opt/ros/humble /usr/bin/cmake --install /home/thales/linorobot2/ros2_ws/build/hoverboard-driver-pkg
[18.799s] Level 1:colcon.colcon_core.environment:create_environment_scripts_only(hoverboard-driver-pkg)
[18.814s] Level 1:colcon.colcon_core.environment:checking '/home/thales/linorobot2/ros2_ws/install/hoverboard-driver-pkg' for CMake module files
[18.815s] DEBUG:colcon.colcon_core.event_handler.log_command:Invoked command in '/home/thales/linorobot2/ros2_ws/build/hoverboard-driver-pkg' returned '0': CMAKE_PREFIX_PATH=${CMAKE_PREFIX_PATH}:/home/thales/linorobot2/ros2_ws/install/bringup:/opt/ros/humble /usr/bin/cmake --install /home/thales/linorobot2/ros2_ws/build/hoverboard-driver-pkg
[18.819s] Level 1:colcon.colcon_core.environment:checking '/home/thales/linorobot2/ros2_ws/install/hoverboard-driver-pkg' for CMake config files
[18.821s] Level 1:colcon.colcon_core.shell:create_environment_hook('hoverboard-driver-pkg', 'cmake_prefix_path')
[18.827s] INFO:colcon.colcon_core.shell:Creating environment hook '/home/thales/linorobot2/ros2_ws/install/hoverboard-driver-pkg/share/hoverboard-driver-pkg/hook/cmake_prefix_path.ps1'
[18.829s] INFO:colcon.colcon_core.shell:Creating environment descriptor '/home/thales/linorobot2/ros2_ws/install/hoverboard-driver-pkg/share/hoverboard-driver-pkg/hook/cmake_prefix_path.dsv'
[18.832s] INFO:colcon.colcon_core.shell:Creating environment hook '/home/thales/linorobot2/ros2_ws/install/hoverboard-driver-pkg/share/hoverboard-driver-pkg/hook/cmake_prefix_path.sh'
[18.834s] Level 1:colcon.colcon_core.environment:checking '/home/thales/linorobot2/ros2_ws/install/hoverboard-driver-pkg/lib'
[18.835s] Level 1:colcon.colcon_core.environment:checking '/home/thales/linorobot2/ros2_ws/install/hoverboard-driver-pkg/bin'
[18.836s] Level 1:colcon.colcon_core.environment:checking '/home/thales/linorobot2/ros2_ws/install/hoverboard-driver-pkg/lib/pkgconfig/hoverboard-driver-pkg.pc'
[18.837s] Level 1:colcon.colcon_core.environment:checking '/home/thales/linorobot2/ros2_ws/install/hoverboard-driver-pkg/lib/python3.10/site-packages'
[18.838s] Level 1:colcon.colcon_core.environment:checking '/home/thales/linorobot2/ros2_ws/install/hoverboard-driver-pkg/bin'
[18.844s] INFO:colcon.colcon_core.shell:Creating package script '/home/thales/linorobot2/ros2_ws/install/hoverboard-driver-pkg/share/hoverboard-driver-pkg/package.ps1'
[18.846s] INFO:colcon.colcon_core.shell:Creating package descriptor '/home/thales/linorobot2/ros2_ws/install/hoverboard-driver-pkg/share/hoverboard-driver-pkg/package.dsv'
[18.849s] INFO:colcon.colcon_core.shell:Creating package script '/home/thales/linorobot2/ros2_ws/install/hoverboard-driver-pkg/share/hoverboard-driver-pkg/package.sh'
[18.851s] INFO:colcon.colcon_core.shell:Creating package script '/home/thales/linorobot2/ros2_ws/install/hoverboard-driver-pkg/share/hoverboard-driver-pkg/package.bash'
[18.853s] INFO:colcon.colcon_core.shell:Creating package script '/home/thales/linorobot2/ros2_ws/install/hoverboard-driver-pkg/share/hoverboard-driver-pkg/package.zsh'
[18.855s] Level 1:colcon.colcon_core.environment:create_file_with_runtime_dependencies(/home/thales/linorobot2/ros2_ws/install/hoverboard-driver-pkg/share/colcon-core/packages/hoverboard-driver-pkg)
[19.031s] Level 1:colcon.colcon_core.environment:create_environment_scripts_only(hoverboard-driver-pkg)
[19.040s] Level 1:colcon.colcon_core.environment:checking '/home/thales/linorobot2/ros2_ws/install/hoverboard-driver-pkg' for CMake module files
[19.043s] Level 1:colcon.colcon_core.environment:checking '/home/thales/linorobot2/ros2_ws/install/hoverboard-driver-pkg' for CMake config files
[19.045s] Level 1:colcon.colcon_core.shell:create_environment_hook('hoverboard-driver-pkg', 'cmake_prefix_path')
[19.051s] INFO:colcon.colcon_core.shell:Creating environment hook '/home/thales/linorobot2/ros2_ws/install/hoverboard-driver-pkg/share/hoverboard-driver-pkg/hook/cmake_prefix_path.ps1'
[19.053s] INFO:colcon.colcon_core.shell:Creating environment descriptor '/home/thales/linorobot2/ros2_ws/install/hoverboard-driver-pkg/share/hoverboard-driver-pkg/hook/cmake_prefix_path.dsv'
[19.056s] INFO:colcon.colcon_core.shell:Creating environment hook '/home/thales/linorobot2/ros2_ws/install/hoverboard-driver-pkg/share/hoverboard-driver-pkg/hook/cmake_prefix_path.sh'
[19.059s] Level 1:colcon.colcon_core.environment:checking '/home/thales/linorobot2/ros2_ws/install/hoverboard-driver-pkg/lib'
[19.059s] Level 1:colcon.colcon_core.environment:checking '/home/thales/linorobot2/ros2_ws/install/hoverboard-driver-pkg/bin'
[19.059s] Level 1:colcon.colcon_core.environment:checking '/home/thales/linorobot2/ros2_ws/install/hoverboard-driver-pkg/lib/pkgconfig/hoverboard-driver-pkg.pc'
[19.060s] Level 1:colcon.colcon_core.environment:checking '/home/thales/linorobot2/ros2_ws/install/hoverboard-driver-pkg/lib/python3.10/site-packages'
[19.061s] Level 1:colcon.colcon_core.environment:checking '/home/thales/linorobot2/ros2_ws/install/hoverboard-driver-pkg/bin'
[19.068s] INFO:colcon.colcon_core.shell:Creating package script '/home/thales/linorobot2/ros2_ws/install/hoverboard-driver-pkg/share/hoverboard-driver-pkg/package.ps1'
[19.071s] INFO:colcon.colcon_core.shell:Creating package descriptor '/home/thales/linorobot2/ros2_ws/install/hoverboard-driver-pkg/share/hoverboard-driver-pkg/package.dsv'
[19.073s] INFO:colcon.colcon_core.shell:Creating package script '/home/thales/linorobot2/ros2_ws/install/hoverboard-driver-pkg/share/hoverboard-driver-pkg/package.sh'
[19.076s] INFO:colcon.colcon_core.shell:Creating package script '/home/thales/linorobot2/ros2_ws/install/hoverboard-driver-pkg/share/hoverboard-driver-pkg/package.bash'
[19.078s] INFO:colcon.colcon_core.shell:Creating package script '/home/thales/linorobot2/ros2_ws/install/hoverboard-driver-pkg/share/hoverboard-driver-pkg/package.zsh'
[19.080s] Level 1:colcon.colcon_core.environment:create_file_with_runtime_dependencies(/home/thales/linorobot2/ros2_ws/install/hoverboard-driver-pkg/share/colcon-core/packages/hoverboard-driver-pkg)
[19.082s] DEBUG:colcon.colcon_parallel_executor.executor.parallel:closing loop
[19.084s] DEBUG:colcon.colcon_parallel_executor.executor.parallel:loop closed
[19.085s] DEBUG:colcon.colcon_parallel_executor.executor.parallel:run_until_complete finished with '0'
[19.085s] DEBUG:colcon.colcon_core.event_reactor:joining thread
[19.126s] INFO:colcon.colcon_core.plugin_system:Skipping extension 'colcon_notification.desktop_notification.terminal_notifier': Not used on non-Darwin systems
[19.127s] INFO:colcon.colcon_core.plugin_system:Skipping extension 'colcon_notification.desktop_notification.win32': Not used on non-Windows systems
[19.128s] INFO:colcon.colcon_notification.desktop_notification:Sending desktop notification using 'notify2'
[19.194s] DEBUG:colcon.colcon_core.event_reactor:joined thread
[19.201s] INFO:colcon.colcon_core.shell:Creating prefix script '/home/thales/linorobot2/ros2_ws/install/local_setup.ps1'
[19.212s] INFO:colcon.colcon_core.shell:Creating prefix util module '/home/thales/linorobot2/ros2_ws/install/_local_setup_util_ps1.py'
[19.221s] INFO:colcon.colcon_core.shell:Creating prefix chain script '/home/thales/linorobot2/ros2_ws/install/setup.ps1'
[19.233s] INFO:colcon.colcon_core.shell:Creating prefix script '/home/thales/linorobot2/ros2_ws/install/local_setup.sh'
[19.239s] INFO:colcon.colcon_core.shell:Creating prefix util module '/home/thales/linorobot2/ros2_ws/install/_local_setup_util_sh.py'
[19.244s] INFO:colcon.colcon_core.shell:Creating prefix chain script '/home/thales/linorobot2/ros2_ws/install/setup.sh'
[19.254s] INFO:colcon.colcon_core.shell:Creating prefix script '/home/thales/linorobot2/ros2_ws/install/local_setup.bash'
[19.258s] INFO:colcon.colcon_core.shell:Creating prefix chain script '/home/thales/linorobot2/ros2_ws/install/setup.bash'
[19.268s] INFO:colcon.colcon_core.shell:Creating prefix script '/home/thales/linorobot2/ros2_ws/install/local_setup.zsh'
[19.272s] INFO:colcon.colcon_core.shell:Creating prefix chain script '/home/thales/linorobot2/ros2_ws/install/setup.zsh'
